[2025-05-22 20:29:57Z INFO HostContext] No proxy settings were found based on environmental variables (http_proxy/https_proxy/HTTP_PROXY/HTTPS_PROXY)
[2025-05-22 20:29:57Z INFO HostContext] Well known directory 'Bin': '/home/eduard/yocto_course/assignment-3-eduardgrueso/actions-runner/bin'
[2025-05-22 20:29:57Z INFO HostContext] Well known directory 'Root': '/home/eduard/yocto_course/assignment-3-eduardgrueso/actions-runner'
[2025-05-22 20:29:57Z INFO HostContext] Well known config file 'Credentials': '/home/eduard/yocto_course/assignment-3-eduardgrueso/actions-runner/.credentials'
[2025-05-22 20:29:57Z INFO HostContext] Well known directory 'Bin': '/home/eduard/yocto_course/assignment-3-eduardgrueso/actions-runner/bin'
[2025-05-22 20:29:57Z INFO HostContext] Well known directory 'Root': '/home/eduard/yocto_course/assignment-3-eduardgrueso/actions-runner'
[2025-05-22 20:29:57Z INFO HostContext] Well known config file 'Runner': '/home/eduard/yocto_course/assignment-3-eduardgrueso/actions-runner/.runner'
[2025-05-22 20:29:57Z INFO Listener] Runner is built for Linux (X64) - linux-x64.
[2025-05-22 20:29:57Z INFO Listener] RuntimeInformation: Ubuntu 24.04.2 LTS.
[2025-05-22 20:29:57Z INFO Listener] Version: 2.324.0
[2025-05-22 20:29:57Z INFO Listener] Commit: da3412efd49b1cf1a0fbdcbcee4e4ac4cc2177c8
[2025-05-22 20:29:57Z INFO Listener] Culture: 
[2025-05-22 20:29:57Z INFO Listener] UI Culture: 
[2025-05-22 20:29:57Z INFO HostContext] Well known directory 'Bin': '/home/eduard/yocto_course/assignment-3-eduardgrueso/actions-runner/bin'
[2025-05-22 20:29:57Z INFO HostContext] Well known directory 'Root': '/home/eduard/yocto_course/assignment-3-eduardgrueso/actions-runner'
[2025-05-22 20:29:57Z INFO Listener] Validating directory permissions for: '/home/eduard/yocto_course/assignment-3-eduardgrueso/actions-runner'
[2025-05-22 20:29:57Z INFO CommandLineParser] Parse
[2025-05-22 20:29:57Z INFO CommandLineParser] Parsing 1 args
[2025-05-22 20:29:57Z INFO CommandLineParser] parsing argument
[2025-05-22 20:29:57Z INFO CommandLineParser] HasArgs: False
[2025-05-22 20:29:57Z INFO CommandLineParser] Adding Command: run
[2025-05-22 20:29:57Z INFO Listener] Arguments parsed
[2025-05-22 20:29:57Z INFO Runner] ExecuteCommand
[2025-05-22 20:29:57Z INFO ConfigurationStore] currentAssemblyLocation: /home/eduard/yocto_course/assignment-3-eduardgrueso/actions-runner/bin/Runner.Listener.dll
[2025-05-22 20:29:57Z INFO HostContext] Well known directory 'Bin': '/home/eduard/yocto_course/assignment-3-eduardgrueso/actions-runner/bin'
[2025-05-22 20:29:57Z INFO ConfigurationStore] binPath: /home/eduard/yocto_course/assignment-3-eduardgrueso/actions-runner/bin
[2025-05-22 20:29:57Z INFO HostContext] Well known directory 'Bin': '/home/eduard/yocto_course/assignment-3-eduardgrueso/actions-runner/bin'
[2025-05-22 20:29:57Z INFO HostContext] Well known directory 'Root': '/home/eduard/yocto_course/assignment-3-eduardgrueso/actions-runner'
[2025-05-22 20:29:57Z INFO ConfigurationStore] RootFolder: /home/eduard/yocto_course/assignment-3-eduardgrueso/actions-runner
[2025-05-22 20:29:57Z INFO HostContext] Well known directory 'Bin': '/home/eduard/yocto_course/assignment-3-eduardgrueso/actions-runner/bin'
[2025-05-22 20:29:57Z INFO HostContext] Well known directory 'Root': '/home/eduard/yocto_course/assignment-3-eduardgrueso/actions-runner'
[2025-05-22 20:29:57Z INFO HostContext] Well known config file 'Runner': '/home/eduard/yocto_course/assignment-3-eduardgrueso/actions-runner/.runner'
[2025-05-22 20:29:57Z INFO ConfigurationStore] ConfigFilePath: /home/eduard/yocto_course/assignment-3-eduardgrueso/actions-runner/.runner
[2025-05-22 20:29:57Z INFO HostContext] Well known directory 'Bin': '/home/eduard/yocto_course/assignment-3-eduardgrueso/actions-runner/bin'
[2025-05-22 20:29:57Z INFO HostContext] Well known directory 'Root': '/home/eduard/yocto_course/assignment-3-eduardgrueso/actions-runner'
[2025-05-22 20:29:57Z INFO HostContext] Well known config file 'MigratedRunner': '/home/eduard/yocto_course/assignment-3-eduardgrueso/actions-runner/.runner_migrated'
[2025-05-22 20:29:57Z INFO ConfigurationStore] MigratedConfigFilePath: /home/eduard/yocto_course/assignment-3-eduardgrueso/actions-runner/.runner_migrated
[2025-05-22 20:29:57Z INFO HostContext] Well known directory 'Bin': '/home/eduard/yocto_course/assignment-3-eduardgrueso/actions-runner/bin'
[2025-05-22 20:29:57Z INFO HostContext] Well known directory 'Root': '/home/eduard/yocto_course/assignment-3-eduardgrueso/actions-runner'
[2025-05-22 20:29:57Z INFO HostContext] Well known config file 'Credentials': '/home/eduard/yocto_course/assignment-3-eduardgrueso/actions-runner/.credentials'
[2025-05-22 20:29:57Z INFO ConfigurationStore] CredFilePath: /home/eduard/yocto_course/assignment-3-eduardgrueso/actions-runner/.credentials
[2025-05-22 20:29:57Z INFO HostContext] Well known directory 'Bin': '/home/eduard/yocto_course/assignment-3-eduardgrueso/actions-runner/bin'
[2025-05-22 20:29:57Z INFO HostContext] Well known directory 'Root': '/home/eduard/yocto_course/assignment-3-eduardgrueso/actions-runner'
[2025-05-22 20:29:57Z INFO HostContext] Well known config file 'MigratedCredentials': '/home/eduard/yocto_course/assignment-3-eduardgrueso/actions-runner/.credentials_migrated'
[2025-05-22 20:29:57Z INFO ConfigurationStore] MigratedCredFilePath: /home/eduard/yocto_course/assignment-3-eduardgrueso/actions-runner/.credentials_migrated
[2025-05-22 20:29:57Z INFO HostContext] Well known directory 'Bin': '/home/eduard/yocto_course/assignment-3-eduardgrueso/actions-runner/bin'
[2025-05-22 20:29:57Z INFO HostContext] Well known directory 'Root': '/home/eduard/yocto_course/assignment-3-eduardgrueso/actions-runner'
[2025-05-22 20:29:57Z INFO HostContext] Well known config file 'Service': '/home/eduard/yocto_course/assignment-3-eduardgrueso/actions-runner/.service'
[2025-05-22 20:29:57Z INFO ConfigurationStore] ServiceConfigFilePath: /home/eduard/yocto_course/assignment-3-eduardgrueso/actions-runner/.service
[2025-05-22 20:29:57Z INFO CommandSettings] Flag 'help': 'False'
[2025-05-22 20:29:57Z INFO CommandSettings] Flag 'version': 'False'
[2025-05-22 20:29:57Z INFO CommandSettings] Flag 'commit': 'False'
[2025-05-22 20:29:57Z INFO CommandSettings] Flag 'check': 'False'
[2025-05-22 20:29:57Z INFO CommandSettings] Command 'configure': 'False'
[2025-05-22 20:29:57Z INFO CommandSettings] Command 'remove': 'False'
[2025-05-22 20:29:57Z INFO CommandSettings] Command 'warmup': 'False'
[2025-05-22 20:29:57Z INFO ConfigurationManager] LoadSettings
[2025-05-22 20:29:57Z INFO ConfigurationStore] IsConfigured()
[2025-05-22 20:29:57Z INFO ConfigurationStore] IsConfigured: True
[2025-05-22 20:29:57Z INFO ConfigurationManager] Is configured: True
[2025-05-22 20:29:57Z INFO ConfigurationStore] Read setting file: 333 chars
[2025-05-22 20:29:57Z INFO ConfigurationManager] Settings Loaded
[2025-05-22 20:29:57Z INFO ConfigurationStore] IsServiceConfigured()
[2025-05-22 20:29:57Z INFO ConfigurationStore] IsServiceConfigured: False
[2025-05-22 20:29:57Z INFO CommandSettings] Command 'run': 'True'
[2025-05-22 20:29:57Z INFO ConfigurationStore] IsConfigured()
[2025-05-22 20:29:57Z INFO ConfigurationStore] IsConfigured: True
[2025-05-22 20:29:57Z INFO ConfigurationManager] Is configured: True
[2025-05-22 20:29:57Z INFO Runner] Could not parse the argument value '' for StartupType. Defaulting to Manual
[2025-05-22 20:29:57Z INFO Runner] Set runner startup type - Manual
[2025-05-22 20:29:57Z INFO CommandSettings] Flag 'once': 'False'
[2025-05-22 20:29:57Z INFO CommandSettings] Flag 'once': 'False'
[2025-05-22 20:29:57Z INFO Runner] RunAsync
[2025-05-22 20:29:57Z INFO ConfigurationManager] LoadMigratedSettings
[2025-05-22 20:29:57Z INFO ConfigurationStore] IsMigratedConfigured()
[2025-05-22 20:29:57Z INFO ConfigurationStore] IsMigratedConfigured: False
[2025-05-22 20:29:57Z INFO Runner] Failed to load migrated settings: No migrated configuration found.
[2025-05-22 20:29:57Z INFO Runner] Falling back to original .runner settings
[2025-05-22 20:29:57Z INFO ConfigurationManager] LoadSettings
[2025-05-22 20:29:57Z INFO ConfigurationStore] IsConfigured()
[2025-05-22 20:29:57Z INFO ConfigurationStore] IsConfigured: True
[2025-05-22 20:29:57Z INFO ConfigurationManager] Is configured: True
[2025-05-22 20:29:57Z INFO ConfigurationManager] Settings Loaded
[2025-05-22 20:29:57Z INFO MessageListener] {
  "AgentId": 21,
  "AgentName": "Eduard-Grueso-FW",
  "PoolId": 1,
  "PoolName": "Default",
  "ServerUrl": "https://pipelinesghubeus23.actions.githubusercontent.com/6tdfFMH3gzZqMpDAokmibhPdK0icUPXQxbytmbwiGchW5A5rXz/",
  "GitHubUrl": "https://github.com/cu-ecen-aeld/assignments-3-and-later-eduardgrueso",
  "WorkFolder": "_work"
}
[2025-05-22 20:29:57Z INFO MessageListener] Loading Credentials
[2025-05-22 20:29:57Z INFO ConfigurationStore] HasCredentials()
[2025-05-22 20:29:57Z INFO ConfigurationStore] stored True
[2025-05-22 20:29:57Z INFO CredentialManager] GetCredentialProvider
[2025-05-22 20:29:57Z INFO CredentialManager] Creating type OAuth
[2025-05-22 20:29:57Z INFO CredentialManager] Creating credential type: OAuth
[2025-05-22 20:29:57Z INFO HostContext] Well known directory 'Bin': '/home/eduard/yocto_course/assignment-3-eduardgrueso/actions-runner/bin'
[2025-05-22 20:29:57Z INFO HostContext] Well known directory 'Root': '/home/eduard/yocto_course/assignment-3-eduardgrueso/actions-runner'
[2025-05-22 20:29:57Z INFO HostContext] Well known config file 'RSACredentials': '/home/eduard/yocto_course/assignment-3-eduardgrueso/actions-runner/.credentials_rsaparams'
[2025-05-22 20:29:57Z INFO RSAFileKeyManager] Loading RSA key parameters from file /home/eduard/yocto_course/assignment-3-eduardgrueso/actions-runner/.credentials_rsaparams
[2025-05-22 20:29:57Z INFO MessageListener] Attempt to create session.
[2025-05-22 20:29:57Z INFO MessageListener] Connecting to the Runner Server...
[2025-05-22 20:29:57Z INFO RunnerServer] EstablishVssConnection
[2025-05-22 20:29:57Z INFO RunnerServer] Establish connection with 100 seconds timeout.
[2025-05-22 20:29:57Z INFO GitHubActionsService] Starting operation Location.GetConnectionData
[2025-05-22 20:29:58Z INFO RunnerServer] EstablishVssConnection
[2025-05-22 20:29:58Z INFO RunnerServer] Establish connection with 60 seconds timeout.
[2025-05-22 20:29:58Z INFO GitHubActionsService] Starting operation Location.GetConnectionData
[2025-05-22 20:29:58Z INFO RunnerServer] EstablishVssConnection
[2025-05-22 20:29:58Z INFO RunnerServer] Establish connection with 60 seconds timeout.
[2025-05-22 20:29:58Z INFO GitHubActionsService] Starting operation Location.GetConnectionData
[2025-05-22 20:29:58Z INFO GitHubActionsService] Finished operation Location.GetConnectionData
[2025-05-22 20:29:58Z INFO GitHubActionsService] Finished operation Location.GetConnectionData
[2025-05-22 20:29:58Z INFO GitHubActionsService] Finished operation Location.GetConnectionData
[2025-05-22 20:29:59Z INFO MessageListener] VssConnection created
[2025-05-22 20:29:59Z INFO Terminal] WRITE LINE: 
[2025-05-22 20:29:59Z INFO Terminal] WRITE LINE: 
[2025-05-22 20:30:00Z INFO RSAFileKeyManager] Loading RSA key parameters from file /home/eduard/yocto_course/assignment-3-eduardgrueso/actions-runner/.credentials_rsaparams
[2025-05-22 20:30:00Z INFO RSAFileKeyManager] Loading RSA key parameters from file /home/eduard/yocto_course/assignment-3-eduardgrueso/actions-runner/.credentials_rsaparams
[2025-05-22 20:30:00Z INFO GitHubActionsService] AAD Correlation ID for this token request: Unknown
[2025-05-22 20:30:00Z INFO MessageListener] Session created.
[2025-05-22 20:30:00Z INFO MessageListener] Registering AuthMigrationChanged event handler.
[2025-05-22 20:30:00Z INFO Terminal] WRITE LINE: Current runner version: '2.324.0'
[2025-05-22 20:30:00Z INFO Terminal] WRITE LINE: 2025-05-22 20:30:00Z: Listening for Jobs
[2025-05-22 20:30:00Z INFO JobDispatcher] Set runner/worker IPC timeout to 30 seconds.
[2025-05-22 20:30:00Z INFO ConfigurationStore] HasCredentials()
[2025-05-22 20:30:00Z INFO ConfigurationStore] stored True
[2025-05-22 20:30:00Z INFO CredentialManager] GetCredentialProvider
[2025-05-22 20:30:00Z INFO CredentialManager] Creating type OAuth
[2025-05-22 20:30:00Z INFO CredentialManager] Creating credential type: OAuth
[2025-05-22 20:30:00Z INFO RSAFileKeyManager] Loading RSA key parameters from file /home/eduard/yocto_course/assignment-3-eduardgrueso/actions-runner/.credentials_rsaparams
[2025-05-22 20:30:00Z INFO RSAFileKeyManager] Loading RSA key parameters from file /home/eduard/yocto_course/assignment-3-eduardgrueso/actions-runner/.credentials_rsaparams
[2025-05-22 20:30:00Z INFO RSAFileKeyManager] Loading RSA key parameters from file /home/eduard/yocto_course/assignment-3-eduardgrueso/actions-runner/.credentials_rsaparams
[2025-05-22 20:30:01Z INFO GitHubActionsService] AAD Correlation ID for this token request: Unknown
[2025-05-22 20:30:03Z INFO MessageListener] Message '2756491122152844923' received from session 'a56eca26-51a5-408b-8668-d502d196f297'.
[2025-05-22 20:30:03Z INFO ConfigurationStore] HasCredentials()
[2025-05-22 20:30:03Z INFO ConfigurationStore] stored True
[2025-05-22 20:30:03Z INFO CredentialManager] GetCredentialProvider
[2025-05-22 20:30:03Z INFO CredentialManager] Creating type OAuth
[2025-05-22 20:30:03Z INFO CredentialManager] Creating credential type: OAuth
[2025-05-22 20:30:03Z INFO RSAFileKeyManager] Loading RSA key parameters from file /home/eduard/yocto_course/assignment-3-eduardgrueso/actions-runner/.credentials_rsaparams
[2025-05-22 20:30:03Z INFO ActionsRunServer] EstablishVssConnection
[2025-05-22 20:30:03Z INFO ActionsRunServer] Establish connection with 100 seconds timeout.
[2025-05-22 20:30:03Z INFO GitHubActionsService] Starting operation Location.GetConnectionData
[2025-05-22 20:30:03Z INFO GitHubActionsService] Finished operation Location.GetConnectionData
[2025-05-22 20:30:04Z INFO RSAFileKeyManager] Loading RSA key parameters from file /home/eduard/yocto_course/assignment-3-eduardgrueso/actions-runner/.credentials_rsaparams
[2025-05-22 20:30:04Z INFO RSAFileKeyManager] Loading RSA key parameters from file /home/eduard/yocto_course/assignment-3-eduardgrueso/actions-runner/.credentials_rsaparams
[2025-05-22 20:30:04Z INFO GitHubActionsService] AAD Correlation ID for this token request: Unknown
[2025-05-22 20:30:05Z INFO JobDispatcher] Job request 1 for plan 576bc1d8-5b8a-42d4-aac9-6c2859305a4f job 0e10f8dd-85b5-5bee-19c6-47fc7db6f171 received.
[2025-05-22 20:30:05Z INFO JobDispatcher] Pull OrchestrationId 576bc1d8-5b8a-42d4-aac9-6c2859305a4f.unit-test.__default from JWT claims
[2025-05-22 20:30:05Z INFO MessageListener] Received job status event. JobState: Busy
[2025-05-22 20:30:05Z INFO MessageListener] _getMessagesTokenSource is already disposed.
[2025-05-22 20:30:05Z INFO Terminal] WRITE LINE: 2025-05-22 20:30:05Z: Running job: unit-test
[2025-05-22 20:30:05Z INFO JobDispatcher] Start renew job request 1 for job 0e10f8dd-85b5-5bee-19c6-47fc7db6f171.
[2025-05-22 20:30:05Z INFO JobDispatcher] Successfully renew job request 1, job is valid till 05/22/2025 20:40:05
[2025-05-22 20:30:05Z INFO HostContext] Well known directory 'Bin': '/home/eduard/yocto_course/assignment-3-eduardgrueso/actions-runner/bin'
[2025-05-22 20:30:05Z INFO ProcessInvokerWrapper] Starting process:
[2025-05-22 20:30:05Z INFO ProcessInvokerWrapper]   File name: '/home/eduard/yocto_course/assignment-3-eduardgrueso/actions-runner/bin/Runner.Worker'
[2025-05-22 20:30:05Z INFO ProcessInvokerWrapper]   Arguments: 'spawnclient 151 154'
[2025-05-22 20:30:05Z INFO ProcessInvokerWrapper]   Working directory: '/home/eduard/yocto_course/assignment-3-eduardgrueso/actions-runner/bin'
[2025-05-22 20:30:05Z INFO ProcessInvokerWrapper]   Require exit code zero: 'False'
[2025-05-22 20:30:05Z INFO ProcessInvokerWrapper]   Encoding web name:  ; code page: ''
[2025-05-22 20:30:05Z INFO ProcessInvokerWrapper]   Force kill process on cancellation: 'True'
[2025-05-22 20:30:05Z INFO ProcessInvokerWrapper]   Redirected STDIN: 'False'
[2025-05-22 20:30:05Z INFO ProcessInvokerWrapper]   Persist current code page: 'False'
[2025-05-22 20:30:05Z INFO ProcessInvokerWrapper]   Keep redirected STDIN open: 'False'
[2025-05-22 20:30:05Z INFO ProcessInvokerWrapper]   High priority process: 'True'
[2025-05-22 20:30:05Z INFO ProcessInvokerWrapper] Process started with process id 49893, waiting for process exit.
[2025-05-22 20:30:05Z INFO JobDispatcher] Send job request message to worker for job 0e10f8dd-85b5-5bee-19c6-47fc7db6f171.
[2025-05-22 20:30:05Z INFO ProcessChannel] Sending message of length 40907, with hash 'ba4ee2d1950c23dc9d366bd469a1bfc7a473540b59172bf2f6b1c7855db26875'
[2025-05-22 20:30:05Z INFO JobNotification] Entering JobStarted Notification
[2025-05-22 20:30:05Z INFO JobNotification] Entering StartMonitor
[2025-05-22 20:30:06Z INFO ConfigurationStore] HasCredentials()
[2025-05-22 20:30:06Z INFO ConfigurationStore] stored True
[2025-05-22 20:30:06Z INFO CredentialManager] GetCredentialProvider
[2025-05-22 20:30:06Z INFO CredentialManager] Creating type OAuth
[2025-05-22 20:30:06Z INFO CredentialManager] Creating credential type: OAuth
[2025-05-22 20:30:06Z INFO RSAFileKeyManager] Loading RSA key parameters from file /home/eduard/yocto_course/assignment-3-eduardgrueso/actions-runner/.credentials_rsaparams
[2025-05-22 20:30:14Z INFO ProcessInvokerWrapper] STDOUT/STDERR stream read finished.
[2025-05-22 20:30:14Z INFO ProcessInvokerWrapper] STDOUT/STDERR stream read finished.
[2025-05-22 20:30:14Z INFO ProcessInvokerWrapper] Finished process 49893 with exit code 102, and elapsed time 00:00:08.6962992.
[2025-05-22 20:30:14Z INFO JobDispatcher] Worker finished for job 0e10f8dd-85b5-5bee-19c6-47fc7db6f171. Code: 102
[2025-05-22 20:30:14Z INFO JobDispatcher] finish job request for job 0e10f8dd-85b5-5bee-19c6-47fc7db6f171 with result: Failed
[2025-05-22 20:30:14Z INFO Terminal] WRITE LINE: 2025-05-22 20:30:14Z: Job unit-test completed with result: Failed
[2025-05-22 20:30:14Z INFO JobDispatcher] Stop renew job request for job 0e10f8dd-85b5-5bee-19c6-47fc7db6f171.
[2025-05-22 20:30:14Z INFO JobDispatcher] job renew has been cancelled, stop renew job request 1.
[2025-05-22 20:30:14Z INFO JobNotification] Entering JobCompleted Notification
[2025-05-22 20:30:14Z INFO JobNotification] Entering EndMonitor
[2025-05-22 20:30:14Z INFO MessageListener] Received job status event. JobState: Online
[2025-05-22 20:30:15Z INFO MessageListener] Message '1569093144729943633' received from session 'a56eca26-51a5-408b-8668-d502d196f297'.
[2025-05-22 20:30:15Z INFO ConfigurationStore] HasCredentials()
[2025-05-22 20:30:15Z INFO ConfigurationStore] stored True
[2025-05-22 20:30:15Z INFO CredentialManager] GetCredentialProvider
[2025-05-22 20:30:15Z INFO CredentialManager] Creating type OAuth
[2025-05-22 20:30:15Z INFO CredentialManager] Creating credential type: OAuth
[2025-05-22 20:30:15Z INFO RSAFileKeyManager] Loading RSA key parameters from file /home/eduard/yocto_course/assignment-3-eduardgrueso/actions-runner/.credentials_rsaparams
[2025-05-22 20:30:15Z INFO ActionsRunServer] EstablishVssConnection
[2025-05-22 20:30:15Z INFO ActionsRunServer] Establish connection with 100 seconds timeout.
[2025-05-22 20:30:15Z INFO GitHubActionsService] Starting operation Location.GetConnectionData
[2025-05-22 20:30:16Z INFO GitHubActionsService] Finished operation Location.GetConnectionData
[2025-05-22 20:30:16Z INFO RSAFileKeyManager] Loading RSA key parameters from file /home/eduard/yocto_course/assignment-3-eduardgrueso/actions-runner/.credentials_rsaparams
[2025-05-22 20:30:16Z INFO RSAFileKeyManager] Loading RSA key parameters from file /home/eduard/yocto_course/assignment-3-eduardgrueso/actions-runner/.credentials_rsaparams
[2025-05-22 20:30:16Z INFO GitHubActionsService] AAD Correlation ID for this token request: Unknown
[2025-05-22 20:30:17Z INFO JobDispatcher] Job request 2 for plan 8e488599-92be-40d2-9e6e-6504c1578f62 job 0e10f8dd-85b5-5bee-19c6-47fc7db6f171 received.
[2025-05-22 20:30:17Z INFO JobDispatcher] Pull OrchestrationId 8e488599-92be-40d2-9e6e-6504c1578f62.unit-test.__default from JWT claims
[2025-05-22 20:30:17Z INFO MessageListener] Received job status event. JobState: Busy
[2025-05-22 20:30:17Z INFO MessageListener] _getMessagesTokenSource is already disposed.
[2025-05-22 20:30:17Z INFO JobDispatcher] Job request 0e10f8dd-85b5-5bee-19c6-47fc7db6f171 processed succeed.
[2025-05-22 20:30:17Z INFO Terminal] WRITE LINE: 2025-05-22 20:30:17Z: Running job: unit-test
[2025-05-22 20:30:17Z INFO JobDispatcher] Start renew job request 2 for job 0e10f8dd-85b5-5bee-19c6-47fc7db6f171.
[2025-05-22 20:30:17Z INFO JobDispatcher] Successfully renew job request 2, job is valid till 05/22/2025 20:40:17
[2025-05-22 20:30:17Z INFO HostContext] Well known directory 'Bin': '/home/eduard/yocto_course/assignment-3-eduardgrueso/actions-runner/bin'
[2025-05-22 20:30:17Z INFO ProcessInvokerWrapper] Starting process:
[2025-05-22 20:30:17Z INFO ProcessInvokerWrapper]   File name: '/home/eduard/yocto_course/assignment-3-eduardgrueso/actions-runner/bin/Runner.Worker'
[2025-05-22 20:30:17Z INFO ProcessInvokerWrapper]   Arguments: 'spawnclient 153 157'
[2025-05-22 20:30:17Z INFO ProcessInvokerWrapper]   Working directory: '/home/eduard/yocto_course/assignment-3-eduardgrueso/actions-runner/bin'
[2025-05-22 20:30:17Z INFO ProcessInvokerWrapper]   Require exit code zero: 'False'
[2025-05-22 20:30:17Z INFO ProcessInvokerWrapper]   Encoding web name:  ; code page: ''
[2025-05-22 20:30:17Z INFO ProcessInvokerWrapper]   Force kill process on cancellation: 'True'
[2025-05-22 20:30:17Z INFO ProcessInvokerWrapper]   Redirected STDIN: 'False'
[2025-05-22 20:30:17Z INFO ProcessInvokerWrapper]   Persist current code page: 'False'
[2025-05-22 20:30:17Z INFO ProcessInvokerWrapper]   Keep redirected STDIN open: 'False'
[2025-05-22 20:30:17Z INFO ProcessInvokerWrapper]   High priority process: 'True'
[2025-05-22 20:30:17Z INFO ProcessInvokerWrapper] Process started with process id 50008, waiting for process exit.
[2025-05-22 20:30:17Z INFO JobDispatcher] Send job request message to worker for job 0e10f8dd-85b5-5bee-19c6-47fc7db6f171.
[2025-05-22 20:30:17Z INFO ProcessChannel] Sending message of length 27146, with hash 'c6e0fa9740ba66b1706e3e4aa31cb9cceae1ffca57c0a923d63348881e5ff9e1'
[2025-05-22 20:30:17Z INFO JobNotification] Entering JobStarted Notification
[2025-05-22 20:30:17Z INFO JobNotification] Entering StartMonitor
[2025-05-22 20:30:18Z INFO ConfigurationStore] HasCredentials()
[2025-05-22 20:30:18Z INFO ConfigurationStore] stored True
[2025-05-22 20:30:18Z INFO CredentialManager] GetCredentialProvider
[2025-05-22 20:30:18Z INFO CredentialManager] Creating type OAuth
[2025-05-22 20:30:18Z INFO CredentialManager] Creating credential type: OAuth
[2025-05-22 20:30:18Z INFO RSAFileKeyManager] Loading RSA key parameters from file /home/eduard/yocto_course/assignment-3-eduardgrueso/actions-runner/.credentials_rsaparams
[2025-05-22 20:30:25Z INFO ProcessInvokerWrapper] STDOUT/STDERR stream read finished.
[2025-05-22 20:30:25Z INFO ProcessInvokerWrapper] STDOUT/STDERR stream read finished.
[2025-05-22 20:30:25Z INFO ProcessInvokerWrapper] Finished process 50008 with exit code 102, and elapsed time 00:00:07.9711805.
[2025-05-22 20:30:25Z INFO JobDispatcher] Worker finished for job 0e10f8dd-85b5-5bee-19c6-47fc7db6f171. Code: 102
[2025-05-22 20:30:25Z INFO JobDispatcher] finish job request for job 0e10f8dd-85b5-5bee-19c6-47fc7db6f171 with result: Failed
[2025-05-22 20:30:25Z INFO Terminal] WRITE LINE: 2025-05-22 20:30:25Z: Job unit-test completed with result: Failed
[2025-05-22 20:30:25Z INFO JobDispatcher] Stop renew job request for job 0e10f8dd-85b5-5bee-19c6-47fc7db6f171.
[2025-05-22 20:30:25Z INFO JobDispatcher] job renew has been cancelled, stop renew job request 2.
[2025-05-22 20:30:25Z INFO JobNotification] Entering JobCompleted Notification
[2025-05-22 20:30:25Z INFO JobNotification] Entering EndMonitor
[2025-05-22 20:30:25Z INFO MessageListener] Received job status event. JobState: Online
[2025-05-22 20:30:57Z INFO MessageListener] Message '5299578797586101190' received from session 'a56eca26-51a5-408b-8668-d502d196f297'.
[2025-05-22 20:30:57Z INFO ConfigurationStore] HasCredentials()
[2025-05-22 20:30:57Z INFO ConfigurationStore] stored True
[2025-05-22 20:30:57Z INFO CredentialManager] GetCredentialProvider
[2025-05-22 20:30:57Z INFO CredentialManager] Creating type OAuth
[2025-05-22 20:30:57Z INFO CredentialManager] Creating credential type: OAuth
[2025-05-22 20:30:57Z INFO RSAFileKeyManager] Loading RSA key parameters from file /home/eduard/yocto_course/assignment-3-eduardgrueso/actions-runner/.credentials_rsaparams
[2025-05-22 20:30:57Z INFO ActionsRunServer] EstablishVssConnection
[2025-05-22 20:30:57Z INFO ActionsRunServer] Establish connection with 100 seconds timeout.
[2025-05-22 20:30:57Z INFO GitHubActionsService] Starting operation Location.GetConnectionData
[2025-05-22 20:30:57Z INFO GitHubActionsService] Finished operation Location.GetConnectionData
[2025-05-22 20:30:58Z INFO RSAFileKeyManager] Loading RSA key parameters from file /home/eduard/yocto_course/assignment-3-eduardgrueso/actions-runner/.credentials_rsaparams
[2025-05-22 20:30:58Z INFO RSAFileKeyManager] Loading RSA key parameters from file /home/eduard/yocto_course/assignment-3-eduardgrueso/actions-runner/.credentials_rsaparams
[2025-05-22 20:30:58Z INFO GitHubActionsService] AAD Correlation ID for this token request: Unknown
[2025-05-22 20:30:58Z INFO JobDispatcher] Job request 3 for plan 9c75ae51-7568-477a-b9a9-a143cfc7a534 job 0e10f8dd-85b5-5bee-19c6-47fc7db6f171 received.
[2025-05-22 20:30:58Z INFO JobDispatcher] Pull OrchestrationId 9c75ae51-7568-477a-b9a9-a143cfc7a534.unit-test.__default from JWT claims
[2025-05-22 20:30:58Z INFO MessageListener] Received job status event. JobState: Busy
[2025-05-22 20:30:58Z INFO MessageListener] _getMessagesTokenSource is already disposed.
[2025-05-22 20:30:58Z INFO JobDispatcher] Job request 0e10f8dd-85b5-5bee-19c6-47fc7db6f171 processed succeed.
[2025-05-22 20:30:58Z INFO Terminal] WRITE LINE: 2025-05-22 20:30:58Z: Running job: unit-test
[2025-05-22 20:30:58Z INFO JobDispatcher] Start renew job request 3 for job 0e10f8dd-85b5-5bee-19c6-47fc7db6f171.
[2025-05-22 20:30:59Z INFO JobDispatcher] Successfully renew job request 3, job is valid till 05/22/2025 20:40:59
[2025-05-22 20:30:59Z INFO HostContext] Well known directory 'Bin': '/home/eduard/yocto_course/assignment-3-eduardgrueso/actions-runner/bin'
[2025-05-22 20:30:59Z INFO ProcessInvokerWrapper] Starting process:
[2025-05-22 20:30:59Z INFO ProcessInvokerWrapper]   File name: '/home/eduard/yocto_course/assignment-3-eduardgrueso/actions-runner/bin/Runner.Worker'
[2025-05-22 20:30:59Z INFO ProcessInvokerWrapper]   Arguments: 'spawnclient 155 158'
[2025-05-22 20:30:59Z INFO ProcessInvokerWrapper]   Working directory: '/home/eduard/yocto_course/assignment-3-eduardgrueso/actions-runner/bin'
[2025-05-22 20:30:59Z INFO ProcessInvokerWrapper]   Require exit code zero: 'False'
[2025-05-22 20:30:59Z INFO ProcessInvokerWrapper]   Encoding web name:  ; code page: ''
[2025-05-22 20:30:59Z INFO ProcessInvokerWrapper]   Force kill process on cancellation: 'True'
[2025-05-22 20:30:59Z INFO ProcessInvokerWrapper]   Redirected STDIN: 'False'
[2025-05-22 20:30:59Z INFO ProcessInvokerWrapper]   Persist current code page: 'False'
[2025-05-22 20:30:59Z INFO ProcessInvokerWrapper]   Keep redirected STDIN open: 'False'
[2025-05-22 20:30:59Z INFO ProcessInvokerWrapper]   High priority process: 'True'
[2025-05-22 20:30:59Z INFO ProcessInvokerWrapper] Process started with process id 50205, waiting for process exit.
[2025-05-22 20:30:59Z INFO JobDispatcher] Send job request message to worker for job 0e10f8dd-85b5-5bee-19c6-47fc7db6f171.
[2025-05-22 20:30:59Z INFO ProcessChannel] Sending message of length 27146, with hash '1e6cf370ac100f04b12f6e9e42358cb16a858756950ddc64266ed85ccfcb06a3'
[2025-05-22 20:30:59Z INFO JobNotification] Entering JobStarted Notification
[2025-05-22 20:30:59Z INFO JobNotification] Entering StartMonitor
[2025-05-22 20:31:00Z INFO ConfigurationStore] HasCredentials()
[2025-05-22 20:31:00Z INFO ConfigurationStore] stored True
[2025-05-22 20:31:00Z INFO CredentialManager] GetCredentialProvider
[2025-05-22 20:31:00Z INFO CredentialManager] Creating type OAuth
[2025-05-22 20:31:00Z INFO CredentialManager] Creating credential type: OAuth
[2025-05-22 20:31:00Z INFO RSAFileKeyManager] Loading RSA key parameters from file /home/eduard/yocto_course/assignment-3-eduardgrueso/actions-runner/.credentials_rsaparams
[2025-05-22 20:31:07Z INFO ProcessInvokerWrapper] STDOUT/STDERR stream read finished.
[2025-05-22 20:31:07Z INFO ProcessInvokerWrapper] STDOUT/STDERR stream read finished.
[2025-05-22 20:31:07Z INFO ProcessInvokerWrapper] Finished process 50205 with exit code 102, and elapsed time 00:00:08.1250826.
[2025-05-22 20:31:07Z INFO JobDispatcher] Worker finished for job 0e10f8dd-85b5-5bee-19c6-47fc7db6f171. Code: 102
[2025-05-22 20:31:07Z INFO JobDispatcher] finish job request for job 0e10f8dd-85b5-5bee-19c6-47fc7db6f171 with result: Failed
[2025-05-22 20:31:07Z INFO Terminal] WRITE LINE: 2025-05-22 20:31:07Z: Job unit-test completed with result: Failed
[2025-05-22 20:31:07Z INFO JobDispatcher] Stop renew job request for job 0e10f8dd-85b5-5bee-19c6-47fc7db6f171.
[2025-05-22 20:31:07Z INFO JobDispatcher] job renew has been cancelled, stop renew job request 3.
[2025-05-22 20:31:07Z INFO JobNotification] Entering JobCompleted Notification
[2025-05-22 20:31:07Z INFO JobNotification] Entering EndMonitor
[2025-05-22 20:31:07Z INFO MessageListener] Received job status event. JobState: Online
[2025-05-22 20:31:50Z INFO ConfigurationStore] HasCredentials()
[2025-05-22 20:31:50Z INFO ConfigurationStore] stored True
[2025-05-22 20:31:50Z INFO CredentialManager] GetCredentialProvider
[2025-05-22 20:31:50Z INFO CredentialManager] Creating type OAuth
[2025-05-22 20:31:50Z INFO CredentialManager] Creating credential type: OAuth
[2025-05-22 20:31:50Z INFO RSAFileKeyManager] Loading RSA key parameters from file /home/eduard/yocto_course/assignment-3-eduardgrueso/actions-runner/.credentials_rsaparams
[2025-05-22 20:32:40Z INFO ConfigurationStore] HasCredentials()
[2025-05-22 20:32:40Z INFO ConfigurationStore] stored True
[2025-05-22 20:32:40Z INFO CredentialManager] GetCredentialProvider
[2025-05-22 20:32:40Z INFO CredentialManager] Creating type OAuth
[2025-05-22 20:32:40Z INFO CredentialManager] Creating credential type: OAuth
[2025-05-22 20:32:40Z INFO RSAFileKeyManager] Loading RSA key parameters from file /home/eduard/yocto_course/assignment-3-eduardgrueso/actions-runner/.credentials_rsaparams
[2025-05-22 20:33:31Z INFO ConfigurationStore] HasCredentials()
[2025-05-22 20:33:31Z INFO ConfigurationStore] stored True
[2025-05-22 20:33:31Z INFO CredentialManager] GetCredentialProvider
[2025-05-22 20:33:31Z INFO CredentialManager] Creating type OAuth
[2025-05-22 20:33:31Z INFO CredentialManager] Creating credential type: OAuth
[2025-05-22 20:33:31Z INFO RSAFileKeyManager] Loading RSA key parameters from file /home/eduard/yocto_course/assignment-3-eduardgrueso/actions-runner/.credentials_rsaparams
[2025-05-22 20:34:03Z INFO Terminal] WRITE LINE: Exiting...
[2025-05-22 20:34:03Z INFO ConfigurationStore] IsServiceConfigured()
[2025-05-22 20:34:03Z INFO ConfigurationStore] IsServiceConfigured: False
[2025-05-22 20:34:03Z INFO HostContext] Runner will be shutdown for UserCancelled
[2025-05-22 20:34:03Z WARN GitHubActionsService] GET request to https://broker.actions.githubusercontent.com/message?sessionId=a56eca26-51a5-408b-8668-d502d196f297&status=Online&runnerVersion=2.324.0&os=Linux&architecture=X64&disableUpdate=false has been cancelled.
[2025-05-22 20:34:03Z ERR  BrokerServer] Catch exception during request
[2025-05-22 20:34:03Z ERR  BrokerServer] System.Threading.Tasks.TaskCanceledException: The operation was canceled.
 ---> System.Threading.Tasks.TaskCanceledException: The operation was canceled.
 ---> System.IO.IOException: Unable to read data from the transport connection: Operation canceled.
 ---> System.Net.Sockets.SocketException (125): Operation canceled
   --- End of inner exception stack trace ---
   at System.Net.Sockets.Socket.AwaitableSocketAsyncEventArgs.ThrowException(SocketError error, CancellationToken cancellationToken)
   at System.Net.Sockets.Socket.AwaitableSocketAsyncEventArgs.System.Threading.Tasks.Sources.IValueTaskSource<System.Int32>.GetResult(Int16 token)
   at System.Net.Security.SslStream.EnsureFullTlsFrameAsync[TIOAdapter](CancellationToken cancellationToken, Int32 estimatedSize)
   at System.Runtime.CompilerServices.PoolingAsyncValueTaskMethodBuilder`1.StateMachineBox`1.System.Threading.Tasks.Sources.IValueTaskSource<TResult>.GetResult(Int16 token)
   at System.Net.Security.SslStream.ReadAsyncInternal[TIOAdapter](Memory`1 buffer, CancellationToken cancellationToken)
   at System.Runtime.CompilerServices.PoolingAsyncValueTaskMethodBuilder`1.StateMachineBox`1.System.Threading.Tasks.Sources.IValueTaskSource<TResult>.GetResult(Int16 token)
   at System.Net.Http.HttpConnection.SendAsync(HttpRequestMessage request, Boolean async, CancellationToken cancellationToken)
   --- End of inner exception stack trace ---
   at System.Net.Http.HttpConnection.SendAsync(HttpRequestMessage request, Boolean async, CancellationToken cancellationToken)
   at System.Net.Http.AuthenticationHelper.SendWithNtAuthAsync(HttpRequestMessage request, Uri authUri, Boolean async, ICredentials credentials, Boolean isProxyAuth, HttpConnection connection, HttpConnectionPool connectionPool, CancellationToken cancellationToken)
   at System.Net.Http.HttpConnectionPool.SendWithVersionDetectionAndRetryAsync(HttpRequestMessage request, Boolean async, Boolean doRequestAuth, CancellationToken cancellationToken)
   at System.Net.Http.AuthenticationHelper.SendWithAuthAsync(HttpRequestMessage request, Uri authUri, Boolean async, ICredentials credentials, Boolean preAuthenticate, Boolean isProxyAuth, Boolean doRequestAuth, HttpConnectionPool pool, CancellationToken cancellationToken)
   at System.Net.Http.RedirectHandler.SendAsync(HttpRequestMessage request, Boolean async, CancellationToken cancellationToken)
   at GitHub.Services.Common.RawHttpMessageHandler.SendAsync(HttpRequestMessage request, CancellationToken cancellationToken)
   at GitHub.Services.Common.VssHttpRetryMessageHandler.SendAsync(HttpRequestMessage request, CancellationToken cancellationToken)
   at System.Net.Http.HttpClient.<SendAsync>g__Core|83_0(HttpRequestMessage request, HttpCompletionOption completionOption, CancellationTokenSource cts, Boolean disposeCts, CancellationTokenSource pendingRequestsCts, CancellationToken originalCancellationToken)
   --- End of inner exception stack trace ---
   at System.Net.Http.HttpClient.HandleFailure(Exception e, Boolean telemetryStarted, HttpResponseMessage response, CancellationTokenSource cts, CancellationToken cancellationToken, CancellationTokenSource pendingRequestsCts)
   at System.Net.Http.HttpClient.<SendAsync>g__Core|83_0(HttpRequestMessage request, HttpCompletionOption completionOption, CancellationTokenSource cts, Boolean disposeCts, CancellationTokenSource pendingRequestsCts, CancellationToken originalCancellationToken)
   at Sdk.WebApi.WebApi.RawHttpClientBase.SendAsync(HttpRequestMessage message, HttpCompletionOption completionOption, Object userState, CancellationToken cancellationToken)
   at Sdk.WebApi.WebApi.RawHttpClientBase.SendAsync[T](HttpRequestMessage message, Boolean readErrorBody, Object userState, CancellationToken cancellationToken)
   at Sdk.WebApi.WebApi.RawHttpClientBase.SendAsync[T](HttpMethod method, IEnumerable`1 additionalHeaders, Uri requestUri, HttpContent content, IEnumerable`1 queryParameters, Boolean readErrorBody, Object userState, CancellationToken cancellationToken)
   at GitHub.Actions.RunService.WebApi.BrokerHttpClient.GetRunnerMessageAsync(Nullable`1 sessionId, String runnerVersion, Nullable`1 status, String os, String architecture, Nullable`1 disableUpdate, CancellationToken cancellationToken)
   at GitHub.Runner.Common.BrokerServer.<>c__DisplayClass7_0.<<GetRunnerMessageAsync>b__0>d.MoveNext()
--- End of stack trace from previous location ---
   at GitHub.Runner.Common.RunnerService.RetryRequest[T](Func`1 func, CancellationToken cancellationToken, Int32 maxRetryAttemptsCount, Func`2 shouldRetry)
[2025-05-22 20:34:03Z ERR  BrokerServer] #####################################################
[2025-05-22 20:34:03Z ERR  BrokerServer] System.Threading.Tasks.TaskCanceledException: The operation was canceled.
 ---> System.IO.IOException: Unable to read data from the transport connection: Operation canceled.
 ---> System.Net.Sockets.SocketException (125): Operation canceled
   --- End of inner exception stack trace ---
   at System.Net.Sockets.Socket.AwaitableSocketAsyncEventArgs.ThrowException(SocketError error, CancellationToken cancellationToken)
   at System.Net.Sockets.Socket.AwaitableSocketAsyncEventArgs.System.Threading.Tasks.Sources.IValueTaskSource<System.Int32>.GetResult(Int16 token)
   at System.Net.Security.SslStream.EnsureFullTlsFrameAsync[TIOAdapter](CancellationToken cancellationToken, Int32 estimatedSize)
   at System.Runtime.CompilerServices.PoolingAsyncValueTaskMethodBuilder`1.StateMachineBox`1.System.Threading.Tasks.Sources.IValueTaskSource<TResult>.GetResult(Int16 token)
   at System.Net.Security.SslStream.ReadAsyncInternal[TIOAdapter](Memory`1 buffer, CancellationToken cancellationToken)
   at System.Runtime.CompilerServices.PoolingAsyncValueTaskMethodBuilder`1.StateMachineBox`1.System.Threading.Tasks.Sources.IValueTaskSource<TResult>.GetResult(Int16 token)
   at System.Net.Http.HttpConnection.SendAsync(HttpRequestMessage request, Boolean async, CancellationToken cancellationToken)
   --- End of inner exception stack trace ---
   at System.Net.Http.HttpConnection.SendAsync(HttpRequestMessage request, Boolean async, CancellationToken cancellationToken)
   at System.Net.Http.AuthenticationHelper.SendWithNtAuthAsync(HttpRequestMessage request, Uri authUri, Boolean async, ICredentials credentials, Boolean isProxyAuth, HttpConnection connection, HttpConnectionPool connectionPool, CancellationToken cancellationToken)
   at System.Net.Http.HttpConnectionPool.SendWithVersionDetectionAndRetryAsync(HttpRequestMessage request, Boolean async, Boolean doRequestAuth, CancellationToken cancellationToken)
   at System.Net.Http.AuthenticationHelper.SendWithAuthAsync(HttpRequestMessage request, Uri authUri, Boolean async, ICredentials credentials, Boolean preAuthenticate, Boolean isProxyAuth, Boolean doRequestAuth, HttpConnectionPool pool, CancellationToken cancellationToken)
   at System.Net.Http.RedirectHandler.SendAsync(HttpRequestMessage request, Boolean async, CancellationToken cancellationToken)
   at GitHub.Services.Common.RawHttpMessageHandler.SendAsync(HttpRequestMessage request, CancellationToken cancellationToken)
   at GitHub.Services.Common.VssHttpRetryMessageHandler.SendAsync(HttpRequestMessage request, CancellationToken cancellationToken)
   at System.Net.Http.HttpClient.<SendAsync>g__Core|83_0(HttpRequestMessage request, HttpCompletionOption completionOption, CancellationTokenSource cts, Boolean disposeCts, CancellationTokenSource pendingRequestsCts, CancellationToken originalCancellationToken)
[2025-05-22 20:34:03Z ERR  BrokerServer] #####################################################
[2025-05-22 20:34:03Z ERR  BrokerServer] System.IO.IOException: Unable to read data from the transport connection: Operation canceled.
 ---> System.Net.Sockets.SocketException (125): Operation canceled
   --- End of inner exception stack trace ---
   at System.Net.Sockets.Socket.AwaitableSocketAsyncEventArgs.ThrowException(SocketError error, CancellationToken cancellationToken)
   at System.Net.Sockets.Socket.AwaitableSocketAsyncEventArgs.System.Threading.Tasks.Sources.IValueTaskSource<System.Int32>.GetResult(Int16 token)
   at System.Net.Security.SslStream.EnsureFullTlsFrameAsync[TIOAdapter](CancellationToken cancellationToken, Int32 estimatedSize)
   at System.Runtime.CompilerServices.PoolingAsyncValueTaskMethodBuilder`1.StateMachineBox`1.System.Threading.Tasks.Sources.IValueTaskSource<TResult>.GetResult(Int16 token)
   at System.Net.Security.SslStream.ReadAsyncInternal[TIOAdapter](Memory`1 buffer, CancellationToken cancellationToken)
   at System.Runtime.CompilerServices.PoolingAsyncValueTaskMethodBuilder`1.StateMachineBox`1.System.Threading.Tasks.Sources.IValueTaskSource<TResult>.GetResult(Int16 token)
   at System.Net.Http.HttpConnection.SendAsync(HttpRequestMessage request, Boolean async, CancellationToken cancellationToken)
[2025-05-22 20:34:03Z ERR  BrokerServer] #####################################################
[2025-05-22 20:34:03Z ERR  BrokerServer] System.Net.Sockets.SocketException (125): Operation canceled
[2025-05-22 20:34:03Z WARN BrokerServer] Back off 7.86 seconds before next retry. 4 attempt left.
[2025-05-22 20:34:03Z INFO MessageListener] Get next message has been cancelled.
[2025-05-22 20:34:03Z INFO JobDispatcher] Shutting down JobDispatcher. Make sure all WorkerDispatcher has finished.
[2025-05-22 20:34:03Z INFO JobDispatcher] Ensure WorkerDispatcher for job 0e10f8dd-85b5-5bee-19c6-47fc7db6f171 run to finish, cancel any running job.
[2025-05-22 20:34:03Z INFO JobDispatcher] Job request 0e10f8dd-85b5-5bee-19c6-47fc7db6f171 processed succeed.
[2025-05-22 20:34:03Z INFO Runner] Deleting Runner Session...
[2025-05-22 20:34:03Z INFO Listener] Runner execution been cancelled.
