[2025-05-22 20:29:29Z INFO HostContext] No proxy settings were found based on environmental variables (http_proxy/https_proxy/HTTP_PROXY/HTTPS_PROXY)
[2025-05-22 20:29:29Z INFO HostContext] Well known directory 'Bin': '/home/eduard/yocto_course/assignment-3-eduardgrueso/actions-runner/bin'
[2025-05-22 20:29:29Z INFO HostContext] Well known directory 'Root': '/home/eduard/yocto_course/assignment-3-eduardgrueso/actions-runner'
[2025-05-22 20:29:29Z INFO HostContext] Well known config file 'Credentials': '/home/eduard/yocto_course/assignment-3-eduardgrueso/actions-runner/.credentials'
[2025-05-22 20:29:29Z INFO HostContext] Well known directory 'Bin': '/home/eduard/yocto_course/assignment-3-eduardgrueso/actions-runner/bin'
[2025-05-22 20:29:29Z INFO HostContext] Well known directory 'Root': '/home/eduard/yocto_course/assignment-3-eduardgrueso/actions-runner'
[2025-05-22 20:29:29Z INFO HostContext] Well known config file 'Runner': '/home/eduard/yocto_course/assignment-3-eduardgrueso/actions-runner/.runner'
[2025-05-22 20:29:29Z INFO Listener] Runner is built for Linux (X64) - linux-x64.
[2025-05-22 20:29:29Z INFO Listener] RuntimeInformation: Ubuntu 24.04.2 LTS.
[2025-05-22 20:29:29Z INFO Listener] Version: 2.324.0
[2025-05-22 20:29:29Z INFO Listener] Commit: da3412efd49b1cf1a0fbdcbcee4e4ac4cc2177c8
[2025-05-22 20:29:29Z INFO Listener] Culture: 
[2025-05-22 20:29:29Z INFO Listener] UI Culture: 
[2025-05-22 20:29:29Z INFO HostContext] Well known directory 'Bin': '/home/eduard/yocto_course/assignment-3-eduardgrueso/actions-runner/bin'
[2025-05-22 20:29:29Z INFO HostContext] Well known directory 'Root': '/home/eduard/yocto_course/assignment-3-eduardgrueso/actions-runner'
[2025-05-22 20:29:29Z INFO Listener] Validating directory permissions for: '/home/eduard/yocto_course/assignment-3-eduardgrueso/actions-runner'
[2025-05-22 20:29:29Z INFO CommandLineParser] Parse
[2025-05-22 20:29:29Z INFO CommandLineParser] Parsing 5 args
[2025-05-22 20:29:29Z INFO CommandLineParser] parsing argument
[2025-05-22 20:29:29Z INFO CommandLineParser] HasArgs: False
[2025-05-22 20:29:29Z INFO CommandLineParser] Adding Command: configure
[2025-05-22 20:29:29Z INFO CommandLineParser] parsing argument
[2025-05-22 20:29:29Z INFO CommandLineParser] HasArgs: True
[2025-05-22 20:29:29Z INFO CommandLineParser] arg: url
[2025-05-22 20:29:29Z INFO CommandLineParser] parsing argument
[2025-05-22 20:29:29Z INFO CommandLineParser] HasArgs: True
[2025-05-22 20:29:29Z INFO CommandLineParser] Adding option 'url': 'https://github.com/cu-ecen-aeld/assignments-3-and-later-eduardgrueso'
[2025-05-22 20:29:29Z INFO CommandLineParser] parsing argument
[2025-05-22 20:29:29Z INFO CommandLineParser] HasArgs: True
[2025-05-22 20:29:29Z INFO CommandLineParser] arg: token
[2025-05-22 20:29:29Z INFO CommandLineParser] parsing argument
[2025-05-22 20:29:29Z INFO CommandLineParser] HasArgs: True
[2025-05-22 20:29:29Z INFO CommandLineParser] Adding option 'token': '***'
[2025-05-22 20:29:29Z INFO Listener] Arguments parsed
[2025-05-22 20:29:29Z INFO Runner] ExecuteCommand
[2025-05-22 20:29:29Z INFO ConfigurationStore] currentAssemblyLocation: /home/eduard/yocto_course/assignment-3-eduardgrueso/actions-runner/bin/Runner.Listener.dll
[2025-05-22 20:29:29Z INFO HostContext] Well known directory 'Bin': '/home/eduard/yocto_course/assignment-3-eduardgrueso/actions-runner/bin'
[2025-05-22 20:29:29Z INFO ConfigurationStore] binPath: /home/eduard/yocto_course/assignment-3-eduardgrueso/actions-runner/bin
[2025-05-22 20:29:29Z INFO HostContext] Well known directory 'Bin': '/home/eduard/yocto_course/assignment-3-eduardgrueso/actions-runner/bin'
[2025-05-22 20:29:29Z INFO HostContext] Well known directory 'Root': '/home/eduard/yocto_course/assignment-3-eduardgrueso/actions-runner'
[2025-05-22 20:29:29Z INFO ConfigurationStore] RootFolder: /home/eduard/yocto_course/assignment-3-eduardgrueso/actions-runner
[2025-05-22 20:29:29Z INFO HostContext] Well known directory 'Bin': '/home/eduard/yocto_course/assignment-3-eduardgrueso/actions-runner/bin'
[2025-05-22 20:29:29Z INFO HostContext] Well known directory 'Root': '/home/eduard/yocto_course/assignment-3-eduardgrueso/actions-runner'
[2025-05-22 20:29:29Z INFO HostContext] Well known config file 'Runner': '/home/eduard/yocto_course/assignment-3-eduardgrueso/actions-runner/.runner'
[2025-05-22 20:29:29Z INFO ConfigurationStore] ConfigFilePath: /home/eduard/yocto_course/assignment-3-eduardgrueso/actions-runner/.runner
[2025-05-22 20:29:29Z INFO HostContext] Well known directory 'Bin': '/home/eduard/yocto_course/assignment-3-eduardgrueso/actions-runner/bin'
[2025-05-22 20:29:29Z INFO HostContext] Well known directory 'Root': '/home/eduard/yocto_course/assignment-3-eduardgrueso/actions-runner'
[2025-05-22 20:29:29Z INFO HostContext] Well known config file 'MigratedRunner': '/home/eduard/yocto_course/assignment-3-eduardgrueso/actions-runner/.runner_migrated'
[2025-05-22 20:29:29Z INFO ConfigurationStore] MigratedConfigFilePath: /home/eduard/yocto_course/assignment-3-eduardgrueso/actions-runner/.runner_migrated
[2025-05-22 20:29:29Z INFO HostContext] Well known directory 'Bin': '/home/eduard/yocto_course/assignment-3-eduardgrueso/actions-runner/bin'
[2025-05-22 20:29:29Z INFO HostContext] Well known directory 'Root': '/home/eduard/yocto_course/assignment-3-eduardgrueso/actions-runner'
[2025-05-22 20:29:29Z INFO HostContext] Well known config file 'Credentials': '/home/eduard/yocto_course/assignment-3-eduardgrueso/actions-runner/.credentials'
[2025-05-22 20:29:29Z INFO ConfigurationStore] CredFilePath: /home/eduard/yocto_course/assignment-3-eduardgrueso/actions-runner/.credentials
[2025-05-22 20:29:29Z INFO HostContext] Well known directory 'Bin': '/home/eduard/yocto_course/assignment-3-eduardgrueso/actions-runner/bin'
[2025-05-22 20:29:29Z INFO HostContext] Well known directory 'Root': '/home/eduard/yocto_course/assignment-3-eduardgrueso/actions-runner'
[2025-05-22 20:29:29Z INFO HostContext] Well known config file 'MigratedCredentials': '/home/eduard/yocto_course/assignment-3-eduardgrueso/actions-runner/.credentials_migrated'
[2025-05-22 20:29:29Z INFO ConfigurationStore] MigratedCredFilePath: /home/eduard/yocto_course/assignment-3-eduardgrueso/actions-runner/.credentials_migrated
[2025-05-22 20:29:29Z INFO HostContext] Well known directory 'Bin': '/home/eduard/yocto_course/assignment-3-eduardgrueso/actions-runner/bin'
[2025-05-22 20:29:29Z INFO HostContext] Well known directory 'Root': '/home/eduard/yocto_course/assignment-3-eduardgrueso/actions-runner'
[2025-05-22 20:29:29Z INFO HostContext] Well known config file 'Service': '/home/eduard/yocto_course/assignment-3-eduardgrueso/actions-runner/.service'
[2025-05-22 20:29:29Z INFO ConfigurationStore] ServiceConfigFilePath: /home/eduard/yocto_course/assignment-3-eduardgrueso/actions-runner/.service
[2025-05-22 20:29:29Z INFO CommandSettings] Flag 'help': 'False'
[2025-05-22 20:29:29Z INFO CommandSettings] Flag 'version': 'False'
[2025-05-22 20:29:29Z INFO CommandSettings] Flag 'commit': 'False'
[2025-05-22 20:29:29Z INFO CommandSettings] Flag 'check': 'False'
[2025-05-22 20:29:29Z INFO CommandSettings] Command 'configure': 'True'
[2025-05-22 20:29:29Z INFO Terminal] WRITE LINE: 
[2025-05-22 20:29:29Z INFO Terminal] WRITE LINE: --------------------------------------------------------------------------------
[2025-05-22 20:29:29Z INFO Terminal] WRITE LINE: |        ____ _ _   _   _       _          _        _   _                      |
[2025-05-22 20:29:29Z INFO Terminal] WRITE LINE: |       / ___(_) |_| | | |_   _| |__      / \   ___| |_(_) ___  _ __  ___      |
[2025-05-22 20:29:29Z INFO Terminal] WRITE LINE: |      | |  _| | __| |_| | | | | '_ \    / _ \ / __| __| |/ _ \| '_ \/ __|     |
[2025-05-22 20:29:29Z INFO Terminal] WRITE LINE: |      | |_| | | |_|  _  | |_| | |_) |  / ___ \ (__| |_| | (_) | | | \__ \     |
[2025-05-22 20:29:29Z INFO Terminal] WRITE LINE: |       \____|_|\__|_| |_|\__,_|_.__/  /_/   \_\___|\__|_|\___/|_| |_|___/     |
[2025-05-22 20:29:29Z INFO Terminal] WRITE LINE: |                                                                              |
[2025-05-22 20:29:29Z INFO Terminal] WRITE: |                       
[2025-05-22 20:29:29Z INFO Terminal] WRITE: Self-hosted runner registration
[2025-05-22 20:29:29Z INFO Terminal] WRITE LINE:                         |
[2025-05-22 20:29:29Z INFO Terminal] WRITE LINE: |                                                                              |
[2025-05-22 20:29:29Z INFO Terminal] WRITE LINE: --------------------------------------------------------------------------------
[2025-05-22 20:29:29Z INFO ConfigurationManager] ConfigureAsync
[2025-05-22 20:29:29Z INFO CommandSettings] Flag 'generateServiceConfig': 'False'
[2025-05-22 20:29:29Z INFO ConfigurationStore] IsConfigured()
[2025-05-22 20:29:29Z INFO ConfigurationStore] IsConfigured: False
[2025-05-22 20:29:29Z INFO ConfigurationManager] Is configured: False
[2025-05-22 20:29:29Z INFO CommandSettings] Arg 'url': 'https://github.com/cu-ecen-aeld/assignments-3-and-later-eduardgrueso'
[2025-05-22 20:29:29Z INFO CommandSettings] Remove url from Arg dictionary.
[2025-05-22 20:29:29Z INFO CommandSettings] Arg 'token': '***'
[2025-05-22 20:29:29Z INFO CommandSettings] Remove token from Arg dictionary.
[2025-05-22 20:29:30Z INFO ConfigurationManager] Http response code: OK from 'POST https://api.github.com/actions/runner-registration' (E040:6CC7A:BF57DE:182DFB4:682F892A)
[2025-05-22 20:29:30Z INFO ConfigurationManager] Using V2 flow: False
[2025-05-22 20:29:30Z INFO ConfigurationManager] cred retrieved via GitHub auth
[2025-05-22 20:29:30Z INFO RunnerServer] EstablishVssConnection
[2025-05-22 20:29:30Z INFO RunnerServer] Establish connection with 100 seconds timeout.
[2025-05-22 20:29:30Z INFO GitHubActionsService] Starting operation Location.GetConnectionData
[2025-05-22 20:29:30Z INFO RunnerServer] EstablishVssConnection
[2025-05-22 20:29:30Z INFO RunnerServer] Establish connection with 60 seconds timeout.
[2025-05-22 20:29:30Z INFO GitHubActionsService] Starting operation Location.GetConnectionData
[2025-05-22 20:29:30Z INFO RunnerServer] EstablishVssConnection
[2025-05-22 20:29:30Z INFO RunnerServer] Establish connection with 60 seconds timeout.
[2025-05-22 20:29:30Z INFO GitHubActionsService] Starting operation Location.GetConnectionData
[2025-05-22 20:29:31Z INFO GitHubActionsService] Finished operation Location.GetConnectionData
[2025-05-22 20:29:31Z INFO GitHubActionsService] Finished operation Location.GetConnectionData
[2025-05-22 20:29:31Z INFO GitHubActionsService] Finished operation Location.GetConnectionData
[2025-05-22 20:29:31Z INFO Terminal] WRITE LINE: 
[2025-05-22 20:29:31Z INFO ConfigurationManager] Test Connection complete.
[2025-05-22 20:29:31Z INFO HostContext] Well known directory 'Bin': '/home/eduard/yocto_course/assignment-3-eduardgrueso/actions-runner/bin'
[2025-05-22 20:29:31Z INFO HostContext] Well known directory 'Root': '/home/eduard/yocto_course/assignment-3-eduardgrueso/actions-runner'
[2025-05-22 20:29:31Z INFO HostContext] Well known config file 'RSACredentials': '/home/eduard/yocto_course/assignment-3-eduardgrueso/actions-runner/.credentials_rsaparams'
[2025-05-22 20:29:31Z INFO RSAFileKeyManager] Creating new RSA key using 2048-bit key length
[2025-05-22 20:29:31Z INFO RSAFileKeyManager] Successfully saved RSA key parameters to file /home/eduard/yocto_course/assignment-3-eduardgrueso/actions-runner/.credentials_rsaparams
[2025-05-22 20:29:31Z INFO RSAFileKeyManager] Which2: 'chmod'
[2025-05-22 20:29:31Z INFO RSAFileKeyManager] Location: '/usr/bin/chmod'
[2025-05-22 20:29:31Z INFO HostContext] Well known directory 'Bin': '/home/eduard/yocto_course/assignment-3-eduardgrueso/actions-runner/bin'
[2025-05-22 20:29:31Z INFO HostContext] Well known directory 'Root': '/home/eduard/yocto_course/assignment-3-eduardgrueso/actions-runner'
[2025-05-22 20:29:32Z INFO ProcessInvokerWrapper] Starting process:
[2025-05-22 20:29:32Z INFO ProcessInvokerWrapper]   File name: '/usr/bin/chmod'
[2025-05-22 20:29:32Z INFO ProcessInvokerWrapper]   Arguments: '600 /home/eduard/yocto_course/assignment-3-eduardgrueso/actions-runner/.credentials_rsaparams'
[2025-05-22 20:29:32Z INFO ProcessInvokerWrapper]   Working directory: '/home/eduard/yocto_course/assignment-3-eduardgrueso/actions-runner'
[2025-05-22 20:29:32Z INFO ProcessInvokerWrapper]   Require exit code zero: 'False'
[2025-05-22 20:29:32Z INFO ProcessInvokerWrapper]   Encoding web name:  ; code page: ''
[2025-05-22 20:29:32Z INFO ProcessInvokerWrapper]   Force kill process on cancellation: 'False'
[2025-05-22 20:29:32Z INFO ProcessInvokerWrapper]   Redirected STDIN: 'False'
[2025-05-22 20:29:32Z INFO ProcessInvokerWrapper]   Persist current code page: 'False'
[2025-05-22 20:29:32Z INFO ProcessInvokerWrapper]   Keep redirected STDIN open: 'False'
[2025-05-22 20:29:32Z INFO ProcessInvokerWrapper]   High priority process: 'False'
[2025-05-22 20:29:32Z INFO ProcessInvokerWrapper] Process started with process id 49552, waiting for process exit.
[2025-05-22 20:29:32Z INFO ProcessInvokerWrapper] STDOUT/STDERR stream read finished.
[2025-05-22 20:29:32Z INFO ProcessInvokerWrapper] STDOUT/STDERR stream read finished.
[2025-05-22 20:29:32Z INFO ProcessInvokerWrapper] Finished process 49552 with exit code 0, and elapsed time 00:00:00.0046844.
[2025-05-22 20:29:32Z INFO RSAFileKeyManager] Successfully set permissions for RSA key parameters file /home/eduard/yocto_course/assignment-3-eduardgrueso/actions-runner/.credentials_rsaparams
[2025-05-22 20:29:32Z INFO CommandSettings] Arg 'runnergroup': ''
[2025-05-22 20:29:32Z INFO CommandSettings] Flag 'unattended': 'False'
[2025-05-22 20:29:32Z INFO PromptManager] ReadValue
[2025-05-22 20:29:32Z INFO Terminal] WRITE: Enter the name of the runner group to add this runner to: 
[2025-05-22 20:29:32Z INFO Terminal] WRITE: [press Enter for Default] 
[2025-05-22 20:29:32Z INFO Terminal] READ LINE
[2025-05-22 20:29:38Z INFO Terminal] Read value: ''
[2025-05-22 20:29:38Z INFO PromptManager] Falling back to the default: 'Default'
[2025-05-22 20:29:38Z INFO Terminal] WRITE LINE: 
[2025-05-22 20:29:38Z INFO ConfigurationManager] Found a self-hosted runner group with id 1 and name Default
[2025-05-22 20:29:38Z INFO CommandSettings] Flag 'disableupdate': 'False'
[2025-05-22 20:29:38Z INFO CommandSettings] Flag 'ephemeral': 'False'
[2025-05-22 20:29:38Z INFO CommandSettings] Arg 'name': ''
[2025-05-22 20:29:38Z INFO CommandSettings] Flag 'unattended': 'False'
[2025-05-22 20:29:38Z INFO PromptManager] ReadValue
[2025-05-22 20:29:38Z INFO Terminal] WRITE: Enter the name of runner: 
[2025-05-22 20:29:38Z INFO Terminal] WRITE: [press Enter for Eduard-Grueso-FW] 
[2025-05-22 20:29:38Z INFO Terminal] READ LINE
[2025-05-22 20:29:40Z INFO Terminal] Read value: ''
[2025-05-22 20:29:40Z INFO PromptManager] Falling back to the default: 'Eduard-Grueso-FW'
[2025-05-22 20:29:40Z INFO Terminal] WRITE LINE: 
[2025-05-22 20:29:40Z INFO CommandSettings] Arg 'labels': ''
[2025-05-22 20:29:40Z INFO CommandSettings] Flag 'unattended': 'False'
[2025-05-22 20:29:40Z INFO PromptManager] ReadValue
[2025-05-22 20:29:40Z INFO Terminal] WRITE: This runner will have the following labels: 'self-hosted', 'Linux', 'X64' 
Enter any additional labels (ex. label-1,label-2): 
[2025-05-22 20:29:40Z INFO Terminal] WRITE: [press Enter to skip] 
[2025-05-22 20:29:40Z INFO Terminal] READ LINE
[2025-05-22 20:29:48Z INFO Terminal] Read value: 'self-hosted'
[2025-05-22 20:29:48Z INFO Terminal] WRITE LINE: 
[2025-05-22 20:29:49Z INFO CommandSettings] Flag 'disableupdate': 'False'
[2025-05-22 20:29:49Z INFO CommandSettings] Flag 'no-default-labels': 'False'
[2025-05-22 20:29:49Z INFO CommandSettings] Flag 'disableupdate': 'False'
[2025-05-22 20:29:49Z INFO CommandSettings] Flag 'ephemeral': 'False'
[2025-05-22 20:29:49Z INFO ConfigurationStore] Saving OAuth credential @ /home/eduard/yocto_course/assignment-3-eduardgrueso/actions-runner/.credentials
[2025-05-22 20:29:49Z INFO ConfigurationStore] Credentials Saved.
[2025-05-22 20:29:49Z INFO ConfigurationStore] HasCredentials()
[2025-05-22 20:29:49Z INFO ConfigurationStore] stored True
[2025-05-22 20:29:49Z INFO CredentialManager] GetCredentialProvider
[2025-05-22 20:29:49Z INFO CredentialManager] Creating type OAuth
[2025-05-22 20:29:49Z INFO CredentialManager] Creating credential type: OAuth
[2025-05-22 20:29:49Z INFO RSAFileKeyManager] Loading RSA key parameters from file /home/eduard/yocto_course/assignment-3-eduardgrueso/actions-runner/.credentials_rsaparams
[2025-05-22 20:29:49Z INFO RunnerServer] EstablishVssConnection
[2025-05-22 20:29:49Z INFO RunnerServer] Establish connection with 100 seconds timeout.
[2025-05-22 20:29:49Z INFO GitHubActionsService] Starting operation Location.GetConnectionData
[2025-05-22 20:29:49Z INFO RunnerServer] EstablishVssConnection
[2025-05-22 20:29:49Z INFO RunnerServer] Establish connection with 60 seconds timeout.
[2025-05-22 20:29:49Z INFO GitHubActionsService] Starting operation Location.GetConnectionData
[2025-05-22 20:29:49Z INFO RunnerServer] EstablishVssConnection
[2025-05-22 20:29:49Z INFO RunnerServer] Establish connection with 60 seconds timeout.
[2025-05-22 20:29:49Z INFO GitHubActionsService] Starting operation Location.GetConnectionData
[2025-05-22 20:29:49Z INFO GitHubActionsService] Finished operation Location.GetConnectionData
[2025-05-22 20:29:49Z INFO GitHubActionsService] Finished operation Location.GetConnectionData
[2025-05-22 20:29:49Z INFO GitHubActionsService] Finished operation Location.GetConnectionData
[2025-05-22 20:29:50Z INFO RSAFileKeyManager] Loading RSA key parameters from file /home/eduard/yocto_course/assignment-3-eduardgrueso/actions-runner/.credentials_rsaparams
[2025-05-22 20:29:50Z INFO RSAFileKeyManager] Loading RSA key parameters from file /home/eduard/yocto_course/assignment-3-eduardgrueso/actions-runner/.credentials_rsaparams
[2025-05-22 20:29:51Z INFO GitHubActionsService] AAD Correlation ID for this token request: Unknown
[2025-05-22 20:29:51Z INFO CommandSettings] Arg 'work': ''
[2025-05-22 20:29:51Z INFO CommandSettings] Flag 'unattended': 'False'
[2025-05-22 20:29:51Z INFO PromptManager] ReadValue
[2025-05-22 20:29:51Z INFO Terminal] WRITE: Enter name of work folder: 
[2025-05-22 20:29:51Z INFO Terminal] WRITE: [press Enter for _work] 
[2025-05-22 20:29:51Z INFO Terminal] READ LINE
[2025-05-22 20:29:55Z INFO Terminal] Read value: ''
[2025-05-22 20:29:55Z INFO PromptManager] Falling back to the default: '_work'
[2025-05-22 20:29:55Z INFO ConfigurationStore] Saving runner settings.
[2025-05-22 20:29:55Z INFO ConfigurationStore] Settings Saved.
[2025-05-22 20:29:55Z INFO Terminal] WRITE LINE: 
[2025-05-22 20:29:55Z INFO Terminal] WRITE LINE: 
[2025-05-22 20:29:55Z INFO SystemDControlManager] Service name 'actions.runner.cu-ecen-aeld-assignments-3-and-later-eduardgrueso.Eduard-Grueso-FW.service' display name 'GitHub Actions Runner (cu-ecen-aeld-assignments-3-and-later-eduardgrueso.Eduard-Grueso-FW)' will be used for service configuration.
[2025-05-22 20:29:55Z INFO HostContext] Well known directory 'Bin': '/home/eduard/yocto_course/assignment-3-eduardgrueso/actions-runner/bin'
[2025-05-22 20:29:55Z INFO HostContext] Well known directory 'Root': '/home/eduard/yocto_course/assignment-3-eduardgrueso/actions-runner'
[2025-05-22 20:29:55Z INFO HostContext] Well known directory 'Bin': '/home/eduard/yocto_course/assignment-3-eduardgrueso/actions-runner/bin'
[2025-05-22 20:29:55Z INFO HostContext] Well known directory 'Bin': '/home/eduard/yocto_course/assignment-3-eduardgrueso/actions-runner/bin'
[2025-05-22 20:29:55Z INFO HostContext] Well known directory 'Root': '/home/eduard/yocto_course/assignment-3-eduardgrueso/actions-runner'
[2025-05-22 20:29:55Z INFO UnixUtil] Which2: 'chmod'
[2025-05-22 20:29:55Z INFO UnixUtil] Location: '/usr/bin/chmod'
[2025-05-22 20:29:55Z INFO UnixUtil] Running /usr/bin/chmod 755 "/home/eduard/yocto_course/assignment-3-eduardgrueso/actions-runner/svc.sh"
[2025-05-22 20:29:55Z INFO ProcessInvokerWrapper] Starting process:
[2025-05-22 20:29:55Z INFO ProcessInvokerWrapper]   File name: '/usr/bin/chmod'
[2025-05-22 20:29:55Z INFO ProcessInvokerWrapper]   Arguments: '755 "/home/eduard/yocto_course/assignment-3-eduardgrueso/actions-runner/svc.sh"'
[2025-05-22 20:29:55Z INFO ProcessInvokerWrapper]   Working directory: '/home/eduard/yocto_course/assignment-3-eduardgrueso/actions-runner'
[2025-05-22 20:29:55Z INFO ProcessInvokerWrapper]   Require exit code zero: 'True'
[2025-05-22 20:29:55Z INFO ProcessInvokerWrapper]   Encoding web name:  ; code page: ''
[2025-05-22 20:29:55Z INFO ProcessInvokerWrapper]   Force kill process on cancellation: 'False'
[2025-05-22 20:29:55Z INFO ProcessInvokerWrapper]   Redirected STDIN: 'False'
[2025-05-22 20:29:55Z INFO ProcessInvokerWrapper]   Persist current code page: 'False'
[2025-05-22 20:29:55Z INFO ProcessInvokerWrapper]   Keep redirected STDIN open: 'False'
[2025-05-22 20:29:55Z INFO ProcessInvokerWrapper]   High priority process: 'False'
[2025-05-22 20:29:55Z INFO ProcessInvokerWrapper] Updated oom_score_adj to 500 for PID: 49789.
[2025-05-22 20:29:55Z INFO ProcessInvokerWrapper] Process started with process id 49789, waiting for process exit.
[2025-05-22 20:29:55Z INFO ProcessInvokerWrapper] STDOUT/STDERR stream read finished.
[2025-05-22 20:29:55Z INFO ProcessInvokerWrapper] STDOUT/STDERR stream read finished.
[2025-05-22 20:29:55Z INFO ProcessInvokerWrapper] Finished process 49789 with exit code 0, and elapsed time 00:00:00.0016514.
[2025-05-22 20:29:55Z INFO Listener] Runner execution has finished with return code 0
