[2025-05-22 20:35:03Z INFO HostContext] No proxy settings were found based on environmental variables (http_proxy/https_proxy/HTTP_PROXY/HTTPS_PROXY)
[2025-05-22 20:35:03Z INFO HostContext] Well known directory 'Bin': '/home/eduard/yocto_course/assignment-3-eduardgrueso/actions-runner/bin'
[2025-05-22 20:35:03Z INFO HostContext] Well known directory 'Root': '/home/eduard/yocto_course/assignment-3-eduardgrueso/actions-runner'
[2025-05-22 20:35:03Z INFO HostContext] Well known config file 'Credentials': '/home/eduard/yocto_course/assignment-3-eduardgrueso/actions-runner/.credentials'
[2025-05-22 20:35:03Z INFO HostContext] Well known directory 'Bin': '/home/eduard/yocto_course/assignment-3-eduardgrueso/actions-runner/bin'
[2025-05-22 20:35:03Z INFO HostContext] Well known directory 'Root': '/home/eduard/yocto_course/assignment-3-eduardgrueso/actions-runner'
[2025-05-22 20:35:03Z INFO HostContext] Well known config file 'Runner': '/home/eduard/yocto_course/assignment-3-eduardgrueso/actions-runner/.runner'
[2025-05-22 20:35:03Z INFO Listener] Runner is built for Linux (X64) - linux-x64.
[2025-05-22 20:35:03Z INFO Listener] RuntimeInformation: Ubuntu 24.04.2 LTS.
[2025-05-22 20:35:03Z INFO Listener] Version: 2.324.0
[2025-05-22 20:35:03Z INFO Listener] Commit: da3412efd49b1cf1a0fbdcbcee4e4ac4cc2177c8
[2025-05-22 20:35:03Z INFO Listener] Culture: 
[2025-05-22 20:35:03Z INFO Listener] UI Culture: 
[2025-05-22 20:35:03Z INFO HostContext] Well known directory 'Bin': '/home/eduard/yocto_course/assignment-3-eduardgrueso/actions-runner/bin'
[2025-05-22 20:35:03Z INFO HostContext] Well known directory 'Root': '/home/eduard/yocto_course/assignment-3-eduardgrueso/actions-runner'
[2025-05-22 20:35:03Z INFO Listener] Validating directory permissions for: '/home/eduard/yocto_course/assignment-3-eduardgrueso/actions-runner'
[2025-05-22 20:35:03Z INFO CommandLineParser] Parse
[2025-05-22 20:35:03Z INFO CommandLineParser] Parsing 1 args
[2025-05-22 20:35:03Z INFO CommandLineParser] parsing argument
[2025-05-22 20:35:03Z INFO CommandLineParser] HasArgs: False
[2025-05-22 20:35:03Z INFO CommandLineParser] Adding Command: run
[2025-05-22 20:35:03Z INFO Listener] Arguments parsed
[2025-05-22 20:35:03Z INFO Runner] ExecuteCommand
[2025-05-22 20:35:03Z INFO ConfigurationStore] currentAssemblyLocation: /home/eduard/yocto_course/assignment-3-eduardgrueso/actions-runner/bin/Runner.Listener.dll
[2025-05-22 20:35:03Z INFO HostContext] Well known directory 'Bin': '/home/eduard/yocto_course/assignment-3-eduardgrueso/actions-runner/bin'
[2025-05-22 20:35:03Z INFO ConfigurationStore] binPath: /home/eduard/yocto_course/assignment-3-eduardgrueso/actions-runner/bin
[2025-05-22 20:35:03Z INFO HostContext] Well known directory 'Bin': '/home/eduard/yocto_course/assignment-3-eduardgrueso/actions-runner/bin'
[2025-05-22 20:35:03Z INFO HostContext] Well known directory 'Root': '/home/eduard/yocto_course/assignment-3-eduardgrueso/actions-runner'
[2025-05-22 20:35:03Z INFO ConfigurationStore] RootFolder: /home/eduard/yocto_course/assignment-3-eduardgrueso/actions-runner
[2025-05-22 20:35:03Z INFO HostContext] Well known directory 'Bin': '/home/eduard/yocto_course/assignment-3-eduardgrueso/actions-runner/bin'
[2025-05-22 20:35:03Z INFO HostContext] Well known directory 'Root': '/home/eduard/yocto_course/assignment-3-eduardgrueso/actions-runner'
[2025-05-22 20:35:03Z INFO HostContext] Well known config file 'Runner': '/home/eduard/yocto_course/assignment-3-eduardgrueso/actions-runner/.runner'
[2025-05-22 20:35:03Z INFO ConfigurationStore] ConfigFilePath: /home/eduard/yocto_course/assignment-3-eduardgrueso/actions-runner/.runner
[2025-05-22 20:35:03Z INFO HostContext] Well known directory 'Bin': '/home/eduard/yocto_course/assignment-3-eduardgrueso/actions-runner/bin'
[2025-05-22 20:35:03Z INFO HostContext] Well known directory 'Root': '/home/eduard/yocto_course/assignment-3-eduardgrueso/actions-runner'
[2025-05-22 20:35:03Z INFO HostContext] Well known config file 'MigratedRunner': '/home/eduard/yocto_course/assignment-3-eduardgrueso/actions-runner/.runner_migrated'
[2025-05-22 20:35:03Z INFO ConfigurationStore] MigratedConfigFilePath: /home/eduard/yocto_course/assignment-3-eduardgrueso/actions-runner/.runner_migrated
[2025-05-22 20:35:03Z INFO HostContext] Well known directory 'Bin': '/home/eduard/yocto_course/assignment-3-eduardgrueso/actions-runner/bin'
[2025-05-22 20:35:03Z INFO HostContext] Well known directory 'Root': '/home/eduard/yocto_course/assignment-3-eduardgrueso/actions-runner'
[2025-05-22 20:35:03Z INFO HostContext] Well known config file 'Credentials': '/home/eduard/yocto_course/assignment-3-eduardgrueso/actions-runner/.credentials'
[2025-05-22 20:35:03Z INFO ConfigurationStore] CredFilePath: /home/eduard/yocto_course/assignment-3-eduardgrueso/actions-runner/.credentials
[2025-05-22 20:35:03Z INFO HostContext] Well known directory 'Bin': '/home/eduard/yocto_course/assignment-3-eduardgrueso/actions-runner/bin'
[2025-05-22 20:35:03Z INFO HostContext] Well known directory 'Root': '/home/eduard/yocto_course/assignment-3-eduardgrueso/actions-runner'
[2025-05-22 20:35:03Z INFO HostContext] Well known config file 'MigratedCredentials': '/home/eduard/yocto_course/assignment-3-eduardgrueso/actions-runner/.credentials_migrated'
[2025-05-22 20:35:03Z INFO ConfigurationStore] MigratedCredFilePath: /home/eduard/yocto_course/assignment-3-eduardgrueso/actions-runner/.credentials_migrated
[2025-05-22 20:35:03Z INFO HostContext] Well known directory 'Bin': '/home/eduard/yocto_course/assignment-3-eduardgrueso/actions-runner/bin'
[2025-05-22 20:35:03Z INFO HostContext] Well known directory 'Root': '/home/eduard/yocto_course/assignment-3-eduardgrueso/actions-runner'
[2025-05-22 20:35:03Z INFO HostContext] Well known config file 'Service': '/home/eduard/yocto_course/assignment-3-eduardgrueso/actions-runner/.service'
[2025-05-22 20:35:03Z INFO ConfigurationStore] ServiceConfigFilePath: /home/eduard/yocto_course/assignment-3-eduardgrueso/actions-runner/.service
[2025-05-22 20:35:03Z INFO CommandSettings] Flag 'help': 'False'
[2025-05-22 20:35:03Z INFO CommandSettings] Flag 'version': 'False'
[2025-05-22 20:35:03Z INFO CommandSettings] Flag 'commit': 'False'
[2025-05-22 20:35:03Z INFO CommandSettings] Flag 'check': 'False'
[2025-05-22 20:35:03Z INFO CommandSettings] Command 'configure': 'False'
[2025-05-22 20:35:03Z INFO CommandSettings] Command 'remove': 'False'
[2025-05-22 20:35:03Z INFO CommandSettings] Command 'warmup': 'False'
[2025-05-22 20:35:03Z INFO ConfigurationManager] LoadSettings
[2025-05-22 20:35:03Z INFO ConfigurationStore] IsConfigured()
[2025-05-22 20:35:03Z INFO ConfigurationStore] IsConfigured: True
[2025-05-22 20:35:03Z INFO ConfigurationManager] Is configured: True
[2025-05-22 20:35:03Z INFO ConfigurationStore] Read setting file: 333 chars
[2025-05-22 20:35:03Z INFO ConfigurationManager] Settings Loaded
[2025-05-22 20:35:03Z INFO ConfigurationStore] IsServiceConfigured()
[2025-05-22 20:35:03Z INFO ConfigurationStore] IsServiceConfigured: False
[2025-05-22 20:35:03Z INFO CommandSettings] Command 'run': 'True'
[2025-05-22 20:35:03Z INFO ConfigurationStore] IsConfigured()
[2025-05-22 20:35:03Z INFO ConfigurationStore] IsConfigured: True
[2025-05-22 20:35:03Z INFO ConfigurationManager] Is configured: True
[2025-05-22 20:35:03Z INFO Runner] Could not parse the argument value '' for StartupType. Defaulting to Manual
[2025-05-22 20:35:03Z INFO Runner] Set runner startup type - Manual
[2025-05-22 20:35:03Z INFO CommandSettings] Flag 'once': 'False'
[2025-05-22 20:35:03Z INFO CommandSettings] Flag 'once': 'False'
[2025-05-22 20:35:03Z INFO Runner] RunAsync
[2025-05-22 20:35:03Z INFO ConfigurationManager] LoadMigratedSettings
[2025-05-22 20:35:03Z INFO ConfigurationStore] IsMigratedConfigured()
[2025-05-22 20:35:03Z INFO ConfigurationStore] IsMigratedConfigured: False
[2025-05-22 20:35:03Z INFO Runner] Failed to load migrated settings: No migrated configuration found.
[2025-05-22 20:35:03Z INFO Runner] Falling back to original .runner settings
[2025-05-22 20:35:03Z INFO ConfigurationManager] LoadSettings
[2025-05-22 20:35:03Z INFO ConfigurationStore] IsConfigured()
[2025-05-22 20:35:03Z INFO ConfigurationStore] IsConfigured: True
[2025-05-22 20:35:03Z INFO ConfigurationManager] Is configured: True
[2025-05-22 20:35:03Z INFO ConfigurationManager] Settings Loaded
[2025-05-22 20:35:03Z INFO MessageListener] {
  "AgentId": 21,
  "AgentName": "Eduard-Grueso-FW",
  "PoolId": 1,
  "PoolName": "Default",
  "ServerUrl": "https://pipelinesghubeus23.actions.githubusercontent.com/6tdfFMH3gzZqMpDAokmibhPdK0icUPXQxbytmbwiGchW5A5rXz/",
  "GitHubUrl": "https://github.com/cu-ecen-aeld/assignments-3-and-later-eduardgrueso",
  "WorkFolder": "_work"
}
[2025-05-22 20:35:03Z INFO MessageListener] Loading Credentials
[2025-05-22 20:35:03Z INFO ConfigurationStore] HasCredentials()
[2025-05-22 20:35:03Z INFO ConfigurationStore] stored True
[2025-05-22 20:35:03Z INFO CredentialManager] GetCredentialProvider
[2025-05-22 20:35:03Z INFO CredentialManager] Creating type OAuth
[2025-05-22 20:35:03Z INFO CredentialManager] Creating credential type: OAuth
[2025-05-22 20:35:03Z INFO HostContext] Well known directory 'Bin': '/home/eduard/yocto_course/assignment-3-eduardgrueso/actions-runner/bin'
[2025-05-22 20:35:03Z INFO HostContext] Well known directory 'Root': '/home/eduard/yocto_course/assignment-3-eduardgrueso/actions-runner'
[2025-05-22 20:35:03Z INFO HostContext] Well known config file 'RSACredentials': '/home/eduard/yocto_course/assignment-3-eduardgrueso/actions-runner/.credentials_rsaparams'
[2025-05-22 20:35:03Z INFO RSAFileKeyManager] Loading RSA key parameters from file /home/eduard/yocto_course/assignment-3-eduardgrueso/actions-runner/.credentials_rsaparams
[2025-05-22 20:35:03Z INFO MessageListener] Attempt to create session.
[2025-05-22 20:35:03Z INFO MessageListener] Connecting to the Runner Server...
[2025-05-22 20:35:03Z INFO RunnerServer] EstablishVssConnection
[2025-05-22 20:35:03Z INFO RunnerServer] Establish connection with 100 seconds timeout.
[2025-05-22 20:35:03Z INFO GitHubActionsService] Starting operation Location.GetConnectionData
[2025-05-22 20:35:03Z INFO RunnerServer] EstablishVssConnection
[2025-05-22 20:35:03Z INFO RunnerServer] Establish connection with 60 seconds timeout.
[2025-05-22 20:35:03Z INFO GitHubActionsService] Starting operation Location.GetConnectionData
[2025-05-22 20:35:03Z INFO RunnerServer] EstablishVssConnection
[2025-05-22 20:35:03Z INFO RunnerServer] Establish connection with 60 seconds timeout.
[2025-05-22 20:35:03Z INFO GitHubActionsService] Starting operation Location.GetConnectionData
[2025-05-22 20:35:04Z INFO GitHubActionsService] Finished operation Location.GetConnectionData
[2025-05-22 20:35:04Z INFO GitHubActionsService] Finished operation Location.GetConnectionData
[2025-05-22 20:35:04Z INFO GitHubActionsService] Finished operation Location.GetConnectionData
[2025-05-22 20:35:05Z INFO MessageListener] VssConnection created
[2025-05-22 20:35:05Z INFO Terminal] WRITE LINE: 
[2025-05-22 20:35:05Z INFO Terminal] WRITE LINE: 
[2025-05-22 20:35:05Z INFO RSAFileKeyManager] Loading RSA key parameters from file /home/eduard/yocto_course/assignment-3-eduardgrueso/actions-runner/.credentials_rsaparams
[2025-05-22 20:35:05Z INFO RSAFileKeyManager] Loading RSA key parameters from file /home/eduard/yocto_course/assignment-3-eduardgrueso/actions-runner/.credentials_rsaparams
[2025-05-22 20:35:05Z INFO GitHubActionsService] AAD Correlation ID for this token request: Unknown
[2025-05-22 20:35:06Z INFO MessageListener] Session created.
[2025-05-22 20:35:06Z INFO MessageListener] Registering AuthMigrationChanged event handler.
[2025-05-22 20:35:06Z INFO Terminal] WRITE LINE: Current runner version: '2.324.0'
[2025-05-22 20:35:06Z INFO Terminal] WRITE LINE: 2025-05-22 20:35:06Z: Listening for Jobs
[2025-05-22 20:35:06Z INFO JobDispatcher] Set runner/worker IPC timeout to 30 seconds.
[2025-05-22 20:35:06Z INFO ConfigurationStore] HasCredentials()
[2025-05-22 20:35:06Z INFO ConfigurationStore] stored True
[2025-05-22 20:35:06Z INFO CredentialManager] GetCredentialProvider
[2025-05-22 20:35:06Z INFO CredentialManager] Creating type OAuth
[2025-05-22 20:35:06Z INFO CredentialManager] Creating credential type: OAuth
[2025-05-22 20:35:06Z INFO RSAFileKeyManager] Loading RSA key parameters from file /home/eduard/yocto_course/assignment-3-eduardgrueso/actions-runner/.credentials_rsaparams
[2025-05-22 20:35:06Z INFO RSAFileKeyManager] Loading RSA key parameters from file /home/eduard/yocto_course/assignment-3-eduardgrueso/actions-runner/.credentials_rsaparams
[2025-05-22 20:35:06Z INFO RSAFileKeyManager] Loading RSA key parameters from file /home/eduard/yocto_course/assignment-3-eduardgrueso/actions-runner/.credentials_rsaparams
[2025-05-22 20:35:06Z INFO GitHubActionsService] AAD Correlation ID for this token request: Unknown
[2025-05-22 20:35:25Z INFO MessageListener] Message '3622027369332009610' received from session '04787271-58da-46f5-b800-f27bb680a826'.
[2025-05-22 20:35:25Z INFO ConfigurationStore] HasCredentials()
[2025-05-22 20:35:25Z INFO ConfigurationStore] stored True
[2025-05-22 20:35:25Z INFO CredentialManager] GetCredentialProvider
[2025-05-22 20:35:25Z INFO CredentialManager] Creating type OAuth
[2025-05-22 20:35:25Z INFO CredentialManager] Creating credential type: OAuth
[2025-05-22 20:35:25Z INFO RSAFileKeyManager] Loading RSA key parameters from file /home/eduard/yocto_course/assignment-3-eduardgrueso/actions-runner/.credentials_rsaparams
[2025-05-22 20:35:25Z INFO ActionsRunServer] EstablishVssConnection
[2025-05-22 20:35:25Z INFO ActionsRunServer] Establish connection with 100 seconds timeout.
[2025-05-22 20:35:25Z INFO GitHubActionsService] Starting operation Location.GetConnectionData
[2025-05-22 20:35:25Z INFO GitHubActionsService] Finished operation Location.GetConnectionData
[2025-05-22 20:35:26Z INFO RSAFileKeyManager] Loading RSA key parameters from file /home/eduard/yocto_course/assignment-3-eduardgrueso/actions-runner/.credentials_rsaparams
[2025-05-22 20:35:26Z INFO RSAFileKeyManager] Loading RSA key parameters from file /home/eduard/yocto_course/assignment-3-eduardgrueso/actions-runner/.credentials_rsaparams
[2025-05-22 20:35:26Z INFO GitHubActionsService] AAD Correlation ID for this token request: Unknown
[2025-05-22 20:35:27Z INFO JobDispatcher] Job request 4 for plan 846222b9-b065-482e-8d2f-e78801473cc4 job 0e10f8dd-85b5-5bee-19c6-47fc7db6f171 received.
[2025-05-22 20:35:27Z INFO JobDispatcher] Pull OrchestrationId 846222b9-b065-482e-8d2f-e78801473cc4.unit-test.__default from JWT claims
[2025-05-22 20:35:27Z INFO MessageListener] Received job status event. JobState: Busy
[2025-05-22 20:35:27Z INFO MessageListener] _getMessagesTokenSource is already disposed.
[2025-05-22 20:35:27Z INFO Terminal] WRITE LINE: 2025-05-22 20:35:27Z: Running job: unit-test
[2025-05-22 20:35:27Z INFO JobDispatcher] Start renew job request 4 for job 0e10f8dd-85b5-5bee-19c6-47fc7db6f171.
[2025-05-22 20:35:27Z INFO JobDispatcher] Successfully renew job request 4, job is valid till 05/22/2025 20:45:27
[2025-05-22 20:35:27Z INFO HostContext] Well known directory 'Bin': '/home/eduard/yocto_course/assignment-3-eduardgrueso/actions-runner/bin'
[2025-05-22 20:35:27Z INFO ProcessInvokerWrapper] Starting process:
[2025-05-22 20:35:27Z INFO ProcessInvokerWrapper]   File name: '/home/eduard/yocto_course/assignment-3-eduardgrueso/actions-runner/bin/Runner.Worker'
[2025-05-22 20:35:27Z INFO ProcessInvokerWrapper]   Arguments: 'spawnclient 151 154'
[2025-05-22 20:35:27Z INFO ProcessInvokerWrapper]   Working directory: '/home/eduard/yocto_course/assignment-3-eduardgrueso/actions-runner/bin'
[2025-05-22 20:35:27Z INFO ProcessInvokerWrapper]   Require exit code zero: 'False'
[2025-05-22 20:35:27Z INFO ProcessInvokerWrapper]   Encoding web name:  ; code page: ''
[2025-05-22 20:35:27Z INFO ProcessInvokerWrapper]   Force kill process on cancellation: 'True'
[2025-05-22 20:35:27Z INFO ProcessInvokerWrapper]   Redirected STDIN: 'False'
[2025-05-22 20:35:27Z INFO ProcessInvokerWrapper]   Persist current code page: 'False'
[2025-05-22 20:35:27Z INFO ProcessInvokerWrapper]   Keep redirected STDIN open: 'False'
[2025-05-22 20:35:27Z INFO ProcessInvokerWrapper]   High priority process: 'True'
[2025-05-22 20:35:27Z INFO ProcessInvokerWrapper] Process started with process id 52153, waiting for process exit.
[2025-05-22 20:35:27Z INFO JobDispatcher] Send job request message to worker for job 0e10f8dd-85b5-5bee-19c6-47fc7db6f171.
[2025-05-22 20:35:27Z INFO ProcessChannel] Sending message of length 27256, with hash 'cf637e69f5d096d37028b1652af0e5a86bc1cdc2d23d8e212f6dd11ab43efd12'
[2025-05-22 20:35:27Z INFO JobNotification] Entering JobStarted Notification
[2025-05-22 20:35:27Z INFO JobNotification] Entering StartMonitor
[2025-05-22 20:35:28Z INFO ConfigurationStore] HasCredentials()
[2025-05-22 20:35:28Z INFO ConfigurationStore] stored True
[2025-05-22 20:35:28Z INFO CredentialManager] GetCredentialProvider
[2025-05-22 20:35:28Z INFO CredentialManager] Creating type OAuth
[2025-05-22 20:35:28Z INFO CredentialManager] Creating credential type: OAuth
[2025-05-22 20:35:28Z INFO RSAFileKeyManager] Loading RSA key parameters from file /home/eduard/yocto_course/assignment-3-eduardgrueso/actions-runner/.credentials_rsaparams
[2025-05-22 20:35:47Z INFO ProcessInvokerWrapper] STDOUT/STDERR stream read finished.
[2025-05-22 20:35:47Z INFO ProcessInvokerWrapper] STDOUT/STDERR stream read finished.
[2025-05-22 20:35:47Z INFO ProcessInvokerWrapper] Finished process 52153 with exit code 100, and elapsed time 00:00:20.2939696.
[2025-05-22 20:35:47Z INFO JobDispatcher] Worker finished for job 0e10f8dd-85b5-5bee-19c6-47fc7db6f171. Code: 100
[2025-05-22 20:35:47Z INFO JobDispatcher] finish job request for job 0e10f8dd-85b5-5bee-19c6-47fc7db6f171 with result: Succeeded
[2025-05-22 20:35:47Z INFO Terminal] WRITE LINE: 2025-05-22 20:35:47Z: Job unit-test completed with result: Succeeded
[2025-05-22 20:35:47Z INFO JobDispatcher] Stop renew job request for job 0e10f8dd-85b5-5bee-19c6-47fc7db6f171.
[2025-05-22 20:35:47Z INFO JobDispatcher] job renew has been cancelled, stop renew job request 4.
[2025-05-22 20:35:47Z INFO JobNotification] Entering JobCompleted Notification
[2025-05-22 20:35:47Z INFO JobNotification] Entering EndMonitor
[2025-05-22 20:35:47Z INFO MessageListener] Received job status event. JobState: Online
[2025-05-22 20:36:18Z INFO ConfigurationStore] HasCredentials()
[2025-05-22 20:36:18Z INFO ConfigurationStore] stored True
[2025-05-22 20:36:18Z INFO CredentialManager] GetCredentialProvider
[2025-05-22 20:36:18Z INFO CredentialManager] Creating type OAuth
[2025-05-22 20:36:18Z INFO CredentialManager] Creating credential type: OAuth
[2025-05-22 20:36:18Z INFO RSAFileKeyManager] Loading RSA key parameters from file /home/eduard/yocto_course/assignment-3-eduardgrueso/actions-runner/.credentials_rsaparams
[2025-05-22 20:37:09Z INFO ConfigurationStore] HasCredentials()
[2025-05-22 20:37:09Z INFO ConfigurationStore] stored True
[2025-05-22 20:37:09Z INFO CredentialManager] GetCredentialProvider
[2025-05-22 20:37:09Z INFO CredentialManager] Creating type OAuth
[2025-05-22 20:37:09Z INFO CredentialManager] Creating credential type: OAuth
[2025-05-22 20:37:09Z INFO RSAFileKeyManager] Loading RSA key parameters from file /home/eduard/yocto_course/assignment-3-eduardgrueso/actions-runner/.credentials_rsaparams
[2025-05-22 20:37:59Z INFO ConfigurationStore] HasCredentials()
[2025-05-22 20:37:59Z INFO ConfigurationStore] stored True
[2025-05-22 20:37:59Z INFO CredentialManager] GetCredentialProvider
[2025-05-22 20:37:59Z INFO CredentialManager] Creating type OAuth
[2025-05-22 20:37:59Z INFO CredentialManager] Creating credential type: OAuth
[2025-05-22 20:37:59Z INFO RSAFileKeyManager] Loading RSA key parameters from file /home/eduard/yocto_course/assignment-3-eduardgrueso/actions-runner/.credentials_rsaparams
[2025-05-22 20:38:49Z INFO ConfigurationStore] HasCredentials()
[2025-05-22 20:38:49Z INFO ConfigurationStore] stored True
[2025-05-22 20:38:49Z INFO CredentialManager] GetCredentialProvider
[2025-05-22 20:38:49Z INFO CredentialManager] Creating type OAuth
[2025-05-22 20:38:49Z INFO CredentialManager] Creating credential type: OAuth
[2025-05-22 20:38:49Z INFO RSAFileKeyManager] Loading RSA key parameters from file /home/eduard/yocto_course/assignment-3-eduardgrueso/actions-runner/.credentials_rsaparams
[2025-05-22 20:39:40Z INFO ConfigurationStore] HasCredentials()
[2025-05-22 20:39:40Z INFO ConfigurationStore] stored True
[2025-05-22 20:39:40Z INFO CredentialManager] GetCredentialProvider
[2025-05-22 20:39:40Z INFO CredentialManager] Creating type OAuth
[2025-05-22 20:39:40Z INFO CredentialManager] Creating credential type: OAuth
[2025-05-22 20:39:40Z INFO RSAFileKeyManager] Loading RSA key parameters from file /home/eduard/yocto_course/assignment-3-eduardgrueso/actions-runner/.credentials_rsaparams
[2025-05-22 20:40:30Z INFO ConfigurationStore] HasCredentials()
[2025-05-22 20:40:30Z INFO ConfigurationStore] stored True
[2025-05-22 20:40:30Z INFO CredentialManager] GetCredentialProvider
[2025-05-22 20:40:30Z INFO CredentialManager] Creating type OAuth
[2025-05-22 20:40:30Z INFO CredentialManager] Creating credential type: OAuth
[2025-05-22 20:40:30Z INFO RSAFileKeyManager] Loading RSA key parameters from file /home/eduard/yocto_course/assignment-3-eduardgrueso/actions-runner/.credentials_rsaparams
[2025-05-22 20:41:20Z INFO ConfigurationStore] HasCredentials()
[2025-05-22 20:41:20Z INFO ConfigurationStore] stored True
[2025-05-22 20:41:20Z INFO CredentialManager] GetCredentialProvider
[2025-05-22 20:41:20Z INFO CredentialManager] Creating type OAuth
[2025-05-22 20:41:20Z INFO CredentialManager] Creating credential type: OAuth
[2025-05-22 20:41:20Z INFO RSAFileKeyManager] Loading RSA key parameters from file /home/eduard/yocto_course/assignment-3-eduardgrueso/actions-runner/.credentials_rsaparams
[2025-05-22 20:42:11Z INFO ConfigurationStore] HasCredentials()
[2025-05-22 20:42:11Z INFO ConfigurationStore] stored True
[2025-05-22 20:42:11Z INFO CredentialManager] GetCredentialProvider
[2025-05-22 20:42:11Z INFO CredentialManager] Creating type OAuth
[2025-05-22 20:42:11Z INFO CredentialManager] Creating credential type: OAuth
[2025-05-22 20:42:11Z INFO RSAFileKeyManager] Loading RSA key parameters from file /home/eduard/yocto_course/assignment-3-eduardgrueso/actions-runner/.credentials_rsaparams
[2025-05-22 20:43:01Z INFO ConfigurationStore] HasCredentials()
[2025-05-22 20:43:01Z INFO ConfigurationStore] stored True
[2025-05-22 20:43:01Z INFO CredentialManager] GetCredentialProvider
[2025-05-22 20:43:01Z INFO CredentialManager] Creating type OAuth
[2025-05-22 20:43:01Z INFO CredentialManager] Creating credential type: OAuth
[2025-05-22 20:43:01Z INFO RSAFileKeyManager] Loading RSA key parameters from file /home/eduard/yocto_course/assignment-3-eduardgrueso/actions-runner/.credentials_rsaparams
[2025-05-22 20:43:51Z INFO ConfigurationStore] HasCredentials()
[2025-05-22 20:43:51Z INFO ConfigurationStore] stored True
[2025-05-22 20:43:51Z INFO CredentialManager] GetCredentialProvider
[2025-05-22 20:43:51Z INFO CredentialManager] Creating type OAuth
[2025-05-22 20:43:51Z INFO CredentialManager] Creating credential type: OAuth
[2025-05-22 20:43:51Z INFO RSAFileKeyManager] Loading RSA key parameters from file /home/eduard/yocto_course/assignment-3-eduardgrueso/actions-runner/.credentials_rsaparams
[2025-05-22 20:44:42Z INFO ConfigurationStore] HasCredentials()
[2025-05-22 20:44:42Z INFO ConfigurationStore] stored True
[2025-05-22 20:44:42Z INFO CredentialManager] GetCredentialProvider
[2025-05-22 20:44:42Z INFO CredentialManager] Creating type OAuth
[2025-05-22 20:44:42Z INFO CredentialManager] Creating credential type: OAuth
[2025-05-22 20:44:42Z INFO RSAFileKeyManager] Loading RSA key parameters from file /home/eduard/yocto_course/assignment-3-eduardgrueso/actions-runner/.credentials_rsaparams
[2025-05-22 20:45:32Z INFO ConfigurationStore] HasCredentials()
[2025-05-22 20:45:32Z INFO ConfigurationStore] stored True
[2025-05-22 20:45:32Z INFO CredentialManager] GetCredentialProvider
[2025-05-22 20:45:32Z INFO CredentialManager] Creating type OAuth
[2025-05-22 20:45:32Z INFO CredentialManager] Creating credential type: OAuth
[2025-05-22 20:45:32Z INFO RSAFileKeyManager] Loading RSA key parameters from file /home/eduard/yocto_course/assignment-3-eduardgrueso/actions-runner/.credentials_rsaparams
[2025-05-22 20:46:22Z INFO ConfigurationStore] HasCredentials()
[2025-05-22 20:46:22Z INFO ConfigurationStore] stored True
[2025-05-22 20:46:22Z INFO CredentialManager] GetCredentialProvider
[2025-05-22 20:46:22Z INFO CredentialManager] Creating type OAuth
[2025-05-22 20:46:22Z INFO CredentialManager] Creating credential type: OAuth
[2025-05-22 20:46:22Z INFO RSAFileKeyManager] Loading RSA key parameters from file /home/eduard/yocto_course/assignment-3-eduardgrueso/actions-runner/.credentials_rsaparams
[2025-05-22 20:47:12Z INFO ConfigurationStore] HasCredentials()
[2025-05-22 20:47:12Z INFO ConfigurationStore] stored True
[2025-05-22 20:47:12Z INFO CredentialManager] GetCredentialProvider
[2025-05-22 20:47:12Z INFO CredentialManager] Creating type OAuth
[2025-05-22 20:47:12Z INFO CredentialManager] Creating credential type: OAuth
[2025-05-22 20:47:12Z INFO RSAFileKeyManager] Loading RSA key parameters from file /home/eduard/yocto_course/assignment-3-eduardgrueso/actions-runner/.credentials_rsaparams
[2025-05-22 20:48:03Z INFO ConfigurationStore] HasCredentials()
[2025-05-22 20:48:03Z INFO ConfigurationStore] stored True
[2025-05-22 20:48:03Z INFO CredentialManager] GetCredentialProvider
[2025-05-22 20:48:03Z INFO CredentialManager] Creating type OAuth
[2025-05-22 20:48:03Z INFO CredentialManager] Creating credential type: OAuth
[2025-05-22 20:48:03Z INFO RSAFileKeyManager] Loading RSA key parameters from file /home/eduard/yocto_course/assignment-3-eduardgrueso/actions-runner/.credentials_rsaparams
[2025-05-22 20:48:53Z INFO ConfigurationStore] HasCredentials()
[2025-05-22 20:48:53Z INFO ConfigurationStore] stored True
[2025-05-22 20:48:53Z INFO CredentialManager] GetCredentialProvider
[2025-05-22 20:48:53Z INFO CredentialManager] Creating type OAuth
[2025-05-22 20:48:53Z INFO CredentialManager] Creating credential type: OAuth
[2025-05-22 20:48:53Z INFO RSAFileKeyManager] Loading RSA key parameters from file /home/eduard/yocto_course/assignment-3-eduardgrueso/actions-runner/.credentials_rsaparams
[2025-05-22 20:49:43Z INFO ConfigurationStore] HasCredentials()
[2025-05-22 20:49:43Z INFO ConfigurationStore] stored True
[2025-05-22 20:49:43Z INFO CredentialManager] GetCredentialProvider
[2025-05-22 20:49:43Z INFO CredentialManager] Creating type OAuth
[2025-05-22 20:49:43Z INFO CredentialManager] Creating credential type: OAuth
[2025-05-22 20:49:43Z INFO RSAFileKeyManager] Loading RSA key parameters from file /home/eduard/yocto_course/assignment-3-eduardgrueso/actions-runner/.credentials_rsaparams
[2025-05-22 20:50:34Z INFO ConfigurationStore] HasCredentials()
[2025-05-22 20:50:34Z INFO ConfigurationStore] stored True
[2025-05-22 20:50:34Z INFO CredentialManager] GetCredentialProvider
[2025-05-22 20:50:34Z INFO CredentialManager] Creating type OAuth
[2025-05-22 20:50:34Z INFO CredentialManager] Creating credential type: OAuth
[2025-05-22 20:50:34Z INFO RSAFileKeyManager] Loading RSA key parameters from file /home/eduard/yocto_course/assignment-3-eduardgrueso/actions-runner/.credentials_rsaparams
[2025-05-22 20:51:24Z INFO ConfigurationStore] HasCredentials()
[2025-05-22 20:51:24Z INFO ConfigurationStore] stored True
[2025-05-22 20:51:24Z INFO CredentialManager] GetCredentialProvider
[2025-05-22 20:51:24Z INFO CredentialManager] Creating type OAuth
[2025-05-22 20:51:24Z INFO CredentialManager] Creating credential type: OAuth
[2025-05-22 20:51:24Z INFO RSAFileKeyManager] Loading RSA key parameters from file /home/eduard/yocto_course/assignment-3-eduardgrueso/actions-runner/.credentials_rsaparams
[2025-05-22 20:52:14Z INFO ConfigurationStore] HasCredentials()
[2025-05-22 20:52:14Z INFO ConfigurationStore] stored True
[2025-05-22 20:52:14Z INFO CredentialManager] GetCredentialProvider
[2025-05-22 20:52:14Z INFO CredentialManager] Creating type OAuth
[2025-05-22 20:52:14Z INFO CredentialManager] Creating credential type: OAuth
[2025-05-22 20:52:14Z INFO RSAFileKeyManager] Loading RSA key parameters from file /home/eduard/yocto_course/assignment-3-eduardgrueso/actions-runner/.credentials_rsaparams
[2025-05-22 20:53:04Z INFO ConfigurationStore] HasCredentials()
[2025-05-22 20:53:04Z INFO ConfigurationStore] stored True
[2025-05-22 20:53:04Z INFO CredentialManager] GetCredentialProvider
[2025-05-22 20:53:04Z INFO CredentialManager] Creating type OAuth
[2025-05-22 20:53:04Z INFO CredentialManager] Creating credential type: OAuth
[2025-05-22 20:53:04Z INFO RSAFileKeyManager] Loading RSA key parameters from file /home/eduard/yocto_course/assignment-3-eduardgrueso/actions-runner/.credentials_rsaparams
[2025-05-22 20:53:55Z INFO ConfigurationStore] HasCredentials()
[2025-05-22 20:53:55Z INFO ConfigurationStore] stored True
[2025-05-22 20:53:55Z INFO CredentialManager] GetCredentialProvider
[2025-05-22 20:53:55Z INFO CredentialManager] Creating type OAuth
[2025-05-22 20:53:55Z INFO CredentialManager] Creating credential type: OAuth
[2025-05-22 20:53:55Z INFO RSAFileKeyManager] Loading RSA key parameters from file /home/eduard/yocto_course/assignment-3-eduardgrueso/actions-runner/.credentials_rsaparams
[2025-05-22 20:54:45Z INFO ConfigurationStore] HasCredentials()
[2025-05-22 20:54:45Z INFO ConfigurationStore] stored True
[2025-05-22 20:54:45Z INFO CredentialManager] GetCredentialProvider
[2025-05-22 20:54:45Z INFO CredentialManager] Creating type OAuth
[2025-05-22 20:54:45Z INFO CredentialManager] Creating credential type: OAuth
[2025-05-22 20:54:45Z INFO RSAFileKeyManager] Loading RSA key parameters from file /home/eduard/yocto_course/assignment-3-eduardgrueso/actions-runner/.credentials_rsaparams
[2025-05-22 20:55:35Z INFO ConfigurationStore] HasCredentials()
[2025-05-22 20:55:35Z INFO ConfigurationStore] stored True
[2025-05-22 20:55:35Z INFO CredentialManager] GetCredentialProvider
[2025-05-22 20:55:35Z INFO CredentialManager] Creating type OAuth
[2025-05-22 20:55:35Z INFO CredentialManager] Creating credential type: OAuth
[2025-05-22 20:55:35Z INFO RSAFileKeyManager] Loading RSA key parameters from file /home/eduard/yocto_course/assignment-3-eduardgrueso/actions-runner/.credentials_rsaparams
[2025-05-22 20:56:26Z INFO ConfigurationStore] HasCredentials()
[2025-05-22 20:56:26Z INFO ConfigurationStore] stored True
[2025-05-22 20:56:26Z INFO CredentialManager] GetCredentialProvider
[2025-05-22 20:56:26Z INFO CredentialManager] Creating type OAuth
[2025-05-22 20:56:26Z INFO CredentialManager] Creating credential type: OAuth
[2025-05-22 20:56:26Z INFO RSAFileKeyManager] Loading RSA key parameters from file /home/eduard/yocto_course/assignment-3-eduardgrueso/actions-runner/.credentials_rsaparams
[2025-05-22 20:57:16Z INFO ConfigurationStore] HasCredentials()
[2025-05-22 20:57:16Z INFO ConfigurationStore] stored True
[2025-05-22 20:57:16Z INFO CredentialManager] GetCredentialProvider
[2025-05-22 20:57:16Z INFO CredentialManager] Creating type OAuth
[2025-05-22 20:57:16Z INFO CredentialManager] Creating credential type: OAuth
[2025-05-22 20:57:16Z INFO RSAFileKeyManager] Loading RSA key parameters from file /home/eduard/yocto_course/assignment-3-eduardgrueso/actions-runner/.credentials_rsaparams
[2025-05-22 20:58:06Z INFO ConfigurationStore] HasCredentials()
[2025-05-22 20:58:06Z INFO ConfigurationStore] stored True
[2025-05-22 20:58:06Z INFO CredentialManager] GetCredentialProvider
[2025-05-22 20:58:06Z INFO CredentialManager] Creating type OAuth
[2025-05-22 20:58:06Z INFO CredentialManager] Creating credential type: OAuth
[2025-05-22 20:58:06Z INFO RSAFileKeyManager] Loading RSA key parameters from file /home/eduard/yocto_course/assignment-3-eduardgrueso/actions-runner/.credentials_rsaparams
[2025-05-22 20:58:57Z INFO ConfigurationStore] HasCredentials()
[2025-05-22 20:58:57Z INFO ConfigurationStore] stored True
[2025-05-22 20:58:57Z INFO CredentialManager] GetCredentialProvider
[2025-05-22 20:58:57Z INFO CredentialManager] Creating type OAuth
[2025-05-22 20:58:57Z INFO CredentialManager] Creating credential type: OAuth
[2025-05-22 20:58:57Z INFO RSAFileKeyManager] Loading RSA key parameters from file /home/eduard/yocto_course/assignment-3-eduardgrueso/actions-runner/.credentials_rsaparams
[2025-05-22 20:59:22Z INFO Terminal] WRITE LINE: Exiting...
[2025-05-22 20:59:22Z INFO ConfigurationStore] IsServiceConfigured()
[2025-05-22 20:59:22Z INFO ConfigurationStore] IsServiceConfigured: False
[2025-05-22 20:59:22Z INFO HostContext] Runner will be shutdown for UserCancelled
[2025-05-22 20:59:22Z WARN GitHubActionsService] GET request to https://broker.actions.githubusercontent.com/message?sessionId=04787271-58da-46f5-b800-f27bb680a826&status=Online&runnerVersion=2.324.0&os=Linux&architecture=X64&disableUpdate=false has been cancelled.
[2025-05-22 20:59:22Z ERR  BrokerServer] Catch exception during request
[2025-05-22 20:59:22Z ERR  BrokerServer] System.Threading.Tasks.TaskCanceledException: The operation was canceled.
 ---> System.Threading.Tasks.TaskCanceledException: The operation was canceled.
 ---> System.IO.IOException: Unable to read data from the transport connection: Operation canceled.
 ---> System.Net.Sockets.SocketException (125): Operation canceled
   --- End of inner exception stack trace ---
   at System.Net.Sockets.Socket.AwaitableSocketAsyncEventArgs.System.Threading.Tasks.Sources.IValueTaskSource<System.Int32>.GetResult(Int16 token)
   at System.Net.Security.SslStream.EnsureFullTlsFrameAsync[TIOAdapter](CancellationToken cancellationToken, Int32 estimatedSize)
   at System.Runtime.CompilerServices.PoolingAsyncValueTaskMethodBuilder`1.StateMachineBox`1.System.Threading.Tasks.Sources.IValueTaskSource<TResult>.GetResult(Int16 token)
   at System.Net.Security.SslStream.ReadAsyncInternal[TIOAdapter](Memory`1 buffer, CancellationToken cancellationToken)
   at System.Runtime.CompilerServices.PoolingAsyncValueTaskMethodBuilder`1.StateMachineBox`1.System.Threading.Tasks.Sources.IValueTaskSource<TResult>.GetResult(Int16 token)
   at System.Net.Http.HttpConnection.SendAsync(HttpRequestMessage request, Boolean async, CancellationToken cancellationToken)
   --- End of inner exception stack trace ---
   at System.Net.Http.HttpConnection.SendAsync(HttpRequestMessage request, Boolean async, CancellationToken cancellationToken)
   at System.Net.Http.AuthenticationHelper.SendWithNtAuthAsync(HttpRequestMessage request, Uri authUri, Boolean async, ICredentials credentials, Boolean isProxyAuth, HttpConnection connection, HttpConnectionPool connectionPool, CancellationToken cancellationToken)
   at System.Net.Http.HttpConnectionPool.SendWithVersionDetectionAndRetryAsync(HttpRequestMessage request, Boolean async, Boolean doRequestAuth, CancellationToken cancellationToken)
   at System.Net.Http.AuthenticationHelper.SendWithAuthAsync(HttpRequestMessage request, Uri authUri, Boolean async, ICredentials credentials, Boolean preAuthenticate, Boolean isProxyAuth, Boolean doRequestAuth, HttpConnectionPool pool, CancellationToken cancellationToken)
   at System.Net.Http.RedirectHandler.SendAsync(HttpRequestMessage request, Boolean async, CancellationToken cancellationToken)
   at GitHub.Services.Common.RawHttpMessageHandler.SendAsync(HttpRequestMessage request, CancellationToken cancellationToken)
   at GitHub.Services.Common.VssHttpRetryMessageHandler.SendAsync(HttpRequestMessage request, CancellationToken cancellationToken)
   at System.Net.Http.HttpClient.<SendAsync>g__Core|83_0(HttpRequestMessage request, HttpCompletionOption completionOption, CancellationTokenSource cts, Boolean disposeCts, CancellationTokenSource pendingRequestsCts, CancellationToken originalCancellationToken)
   --- End of inner exception stack trace ---
   at System.Net.Http.HttpClient.HandleFailure(Exception e, Boolean telemetryStarted, HttpResponseMessage response, CancellationTokenSource cts, CancellationToken cancellationToken, CancellationTokenSource pendingRequestsCts)
   at System.Net.Http.HttpClient.<SendAsync>g__Core|83_0(HttpRequestMessage request, HttpCompletionOption completionOption, CancellationTokenSource cts, Boolean disposeCts, CancellationTokenSource pendingRequestsCts, CancellationToken originalCancellationToken)
   at Sdk.WebApi.WebApi.RawHttpClientBase.SendAsync(HttpRequestMessage message, HttpCompletionOption completionOption, Object userState, CancellationToken cancellationToken)
   at Sdk.WebApi.WebApi.RawHttpClientBase.SendAsync[T](HttpRequestMessage message, Boolean readErrorBody, Object userState, CancellationToken cancellationToken)
   at Sdk.WebApi.WebApi.RawHttpClientBase.SendAsync[T](HttpMethod method, IEnumerable`1 additionalHeaders, Uri requestUri, HttpContent content, IEnumerable`1 queryParameters, Boolean readErrorBody, Object userState, CancellationToken cancellationToken)
   at GitHub.Actions.RunService.WebApi.BrokerHttpClient.GetRunnerMessageAsync(Nullable`1 sessionId, String runnerVersion, Nullable`1 status, String os, String architecture, Nullable`1 disableUpdate, CancellationToken cancellationToken)
   at GitHub.Runner.Common.BrokerServer.<>c__DisplayClass7_0.<<GetRunnerMessageAsync>b__0>d.MoveNext()
--- End of stack trace from previous location ---
   at GitHub.Runner.Common.RunnerService.RetryRequest[T](Func`1 func, CancellationToken cancellationToken, Int32 maxRetryAttemptsCount, Func`2 shouldRetry)
[2025-05-22 20:59:22Z ERR  BrokerServer] #####################################################
[2025-05-22 20:59:22Z ERR  BrokerServer] System.Threading.Tasks.TaskCanceledException: The operation was canceled.
 ---> System.IO.IOException: Unable to read data from the transport connection: Operation canceled.
 ---> System.Net.Sockets.SocketException (125): Operation canceled
   --- End of inner exception stack trace ---
   at System.Net.Sockets.Socket.AwaitableSocketAsyncEventArgs.System.Threading.Tasks.Sources.IValueTaskSource<System.Int32>.GetResult(Int16 token)
   at System.Net.Security.SslStream.EnsureFullTlsFrameAsync[TIOAdapter](CancellationToken cancellationToken, Int32 estimatedSize)
   at System.Runtime.CompilerServices.PoolingAsyncValueTaskMethodBuilder`1.StateMachineBox`1.System.Threading.Tasks.Sources.IValueTaskSource<TResult>.GetResult(Int16 token)
   at System.Net.Security.SslStream.ReadAsyncInternal[TIOAdapter](Memory`1 buffer, CancellationToken cancellationToken)
   at System.Runtime.CompilerServices.PoolingAsyncValueTaskMethodBuilder`1.StateMachineBox`1.System.Threading.Tasks.Sources.IValueTaskSource<TResult>.GetResult(Int16 token)
   at System.Net.Http.HttpConnection.SendAsync(HttpRequestMessage request, Boolean async, CancellationToken cancellationToken)
   --- End of inner exception stack trace ---
   at System.Net.Http.HttpConnection.SendAsync(HttpRequestMessage request, Boolean async, CancellationToken cancellationToken)
   at System.Net.Http.AuthenticationHelper.SendWithNtAuthAsync(HttpRequestMessage request, Uri authUri, Boolean async, ICredentials credentials, Boolean isProxyAuth, HttpConnection connection, HttpConnectionPool connectionPool, CancellationToken cancellationToken)
   at System.Net.Http.HttpConnectionPool.SendWithVersionDetectionAndRetryAsync(HttpRequestMessage request, Boolean async, Boolean doRequestAuth, CancellationToken cancellationToken)
   at System.Net.Http.AuthenticationHelper.SendWithAuthAsync(HttpRequestMessage request, Uri authUri, Boolean async, ICredentials credentials, Boolean preAuthenticate, Boolean isProxyAuth, Boolean doRequestAuth, HttpConnectionPool pool, CancellationToken cancellationToken)
   at System.Net.Http.RedirectHandler.SendAsync(HttpRequestMessage request, Boolean async, CancellationToken cancellationToken)
   at GitHub.Services.Common.RawHttpMessageHandler.SendAsync(HttpRequestMessage request, CancellationToken cancellationToken)
   at GitHub.Services.Common.VssHttpRetryMessageHandler.SendAsync(HttpRequestMessage request, CancellationToken cancellationToken)
   at System.Net.Http.HttpClient.<SendAsync>g__Core|83_0(HttpRequestMessage request, HttpCompletionOption completionOption, CancellationTokenSource cts, Boolean disposeCts, CancellationTokenSource pendingRequestsCts, CancellationToken originalCancellationToken)
[2025-05-22 20:59:22Z ERR  BrokerServer] #####################################################
[2025-05-22 20:59:22Z ERR  BrokerServer] System.IO.IOException: Unable to read data from the transport connection: Operation canceled.
 ---> System.Net.Sockets.SocketException (125): Operation canceled
   --- End of inner exception stack trace ---
   at System.Net.Sockets.Socket.AwaitableSocketAsyncEventArgs.System.Threading.Tasks.Sources.IValueTaskSource<System.Int32>.GetResult(Int16 token)
   at System.Net.Security.SslStream.EnsureFullTlsFrameAsync[TIOAdapter](CancellationToken cancellationToken, Int32 estimatedSize)
   at System.Runtime.CompilerServices.PoolingAsyncValueTaskMethodBuilder`1.StateMachineBox`1.System.Threading.Tasks.Sources.IValueTaskSource<TResult>.GetResult(Int16 token)
   at System.Net.Security.SslStream.ReadAsyncInternal[TIOAdapter](Memory`1 buffer, CancellationToken cancellationToken)
   at System.Runtime.CompilerServices.PoolingAsyncValueTaskMethodBuilder`1.StateMachineBox`1.System.Threading.Tasks.Sources.IValueTaskSource<TResult>.GetResult(Int16 token)
   at System.Net.Http.HttpConnection.SendAsync(HttpRequestMessage request, Boolean async, CancellationToken cancellationToken)
[2025-05-22 20:59:22Z ERR  BrokerServer] #####################################################
[2025-05-22 20:59:22Z ERR  BrokerServer] System.Net.Sockets.SocketException (125): Operation canceled
[2025-05-22 20:59:22Z WARN BrokerServer] Back off 14.85 seconds before next retry. 4 attempt left.
[2025-05-22 20:59:22Z INFO MessageListener] Get next message has been cancelled.
[2025-05-22 20:59:22Z INFO JobDispatcher] Shutting down JobDispatcher. Make sure all WorkerDispatcher has finished.
[2025-05-22 20:59:22Z INFO JobDispatcher] Ensure WorkerDispatcher for job 0e10f8dd-85b5-5bee-19c6-47fc7db6f171 run to finish, cancel any running job.
[2025-05-22 20:59:22Z INFO JobDispatcher] Job request 0e10f8dd-85b5-5bee-19c6-47fc7db6f171 processed succeed.
[2025-05-22 20:59:22Z INFO Runner] Deleting Runner Session...
[2025-05-22 20:59:22Z INFO Listener] Runner execution been cancelled.
