[2025-05-22 20:30:17Z INFO HostContext] No proxy settings were found based on environmental variables (http_proxy/https_proxy/HTTP_PROXY/HTTPS_PROXY)
[2025-05-22 20:30:17Z INFO HostContext] Well known directory 'Bin': '/home/eduard/yocto_course/assignment-3-eduardgrueso/actions-runner/bin'
[2025-05-22 20:30:17Z INFO HostContext] Well known directory 'Root': '/home/eduard/yocto_course/assignment-3-eduardgrueso/actions-runner'
[2025-05-22 20:30:17Z INFO HostContext] Well known config file 'Credentials': '/home/eduard/yocto_course/assignment-3-eduardgrueso/actions-runner/.credentials'
[2025-05-22 20:30:17Z INFO HostContext] Well known directory 'Bin': '/home/eduard/yocto_course/assignment-3-eduardgrueso/actions-runner/bin'
[2025-05-22 20:30:17Z INFO HostContext] Well known directory 'Root': '/home/eduard/yocto_course/assignment-3-eduardgrueso/actions-runner'
[2025-05-22 20:30:17Z INFO HostContext] Well known config file 'Runner': '/home/eduard/yocto_course/assignment-3-eduardgrueso/actions-runner/.runner'
[2025-05-22 20:30:17Z INFO Worker] Version: 2.324.0
[2025-05-22 20:30:17Z INFO Worker] Commit: da3412efd49b1cf1a0fbdcbcee4e4ac4cc2177c8
[2025-05-22 20:30:17Z INFO Worker] Culture: 
[2025-05-22 20:30:17Z INFO Worker] UI Culture: 
[2025-05-22 20:30:17Z INFO Worker] Waiting to receive the job message from the channel.
[2025-05-22 20:30:17Z INFO ProcessChannel] Receiving message of length 27146, with hash 'c6e0fa9740ba66b1706e3e4aa31cb9cceae1ffca57c0a923d63348881e5ff9e1'
[2025-05-22 20:30:17Z INFO Worker] Message received.
[2025-05-22 20:30:17Z INFO Worker] Job message:
 {
  "fileTable": [
    ".github/workflows/github-actions.yml"
  ],
  "mask": [
    {
      "type": "regex",
      "value": "***"
    },
    {
      "type": "regex",
      "value": "***"
    },
    {
      "type": "regex",
      "value": "***"
    },
    {
      "type": "regex",
      "value": "***"
    },
    {
      "type": "regex",
      "value": "***"
    },
    {
      "type": "regex",
      "value": "***"
    },
    {
      "type": "regex",
      "value": "***"
    },
    {
      "type": "regex",
      "value": "***"
    },
    {
      "type": "regex",
      "value": "***"
    },
    {
      "type": "regex",
      "value": "***"
    },
    {
      "type": "regex",
      "value": "***"
    },
    {
      "type": "regex",
      "value": "***"
    },
    {
      "type": "regex",
      "value": "***"
    },
    {
      "type": "regex",
      "value": "***"
    },
    {
      "type": "regex",
      "value": "***"
    },
    {
      "type": "regex",
      "value": "***"
    },
    {
      "type": "regex",
      "value": "***"
    },
    {
      "type": "regex",
      "value": "***"
    },
    {
      "type": "regex",
      "value": "***"
    },
    {
      "type": "regex",
      "value": "***"
    }
  ],
  "steps": [
    {
      "type": "action",
      "reference": {
        "type": "repository",
        "name": "actions/checkout",
        "ref": "v2",
        "repositoryType": "GitHub",
        "path": ""
      },
      "contextName": "__actions_checkout",
      "condition": "success()",
      "id": "a878fecf-9250-57e2-84e0-aae0213d4ecb",
      "name": "__actions_checkout"
    },
    {
      "type": "action",
      "reference": {
        "type": "script"
      },
      "displayNameToken": {
        "type": 0,
        "file": 1,
        "line": 14,
        "col": 19,
        "lit": "Checkout submodules"
      },
      "contextName": "__run",
      "inputs": {
        "type": 2,
        "map": [
          {
            "key": "script",
            "value": {
              "type": 0,
              "file": 1,
              "line": 15,
              "col": 19,
              "lit": "git submodule update --init --recursive"
            }
          }
        ]
      },
      "condition": "success()",
      "id": "145553fb-1baa-5bc7-b18e-5469e21587f7",
      "name": "__run"
    },
    {
      "type": "action",
      "reference": {
        "type": "script"
      },
      "displayNameToken": {
        "type": 0,
        "file": 1,
        "line": 16,
        "col": 19,
        "lit": "Run unit test"
      },
      "contextName": "__run_2",
      "inputs": {
        "type": 2,
        "map": [
          {
            "key": "script",
            "value": {
              "type": 0,
              "file": 1,
              "line": 17,
              "col": 18,
              "lit": "./unit-test.sh"
            }
          }
        ]
      },
      "condition": "success()",
      "id": "8615dfaf-7ef8-510a-52bc-76337457853a",
      "name": "__run_2"
    }
  ],
  "variables": {
    "system.isScheduled": {
      "value": "False"
    },
    "system.servertype": {
      "value": "Hosted"
    },
    "system.culture": {
      "value": ""
    },
    "system.pipelineStartTime": {
      "value": "2025-05-22 20:30:14+00:00"
    },
    "system.runner.lowdiskspacethreshold": {
      "value": "100"
    },
    "DistributedTask.NewActionMetadata": {
      "value": "true"
    },
    "DistributedTask.EnableCompositeActions": {
      "value": "true"
    },
    "DistributedTask.EnhancedAnnotations": {
      "value": "true"
    },
    "DistributedTask.UploadStepSummary": {
      "value": "true"
    },
    "DistributedTask.ForceGithubJavascriptActionsToNode16": {
      "value": "true"
    },
    "DistributedTask.ForceGithubJavascriptActionsToNode20": {
      "value": "true"
    },
    "DistributedTask.AddWarningToNode12Action": {
      "value": "true"
    },
    "DistributedTask.AddWarningToNode16Action": {
      "value": "true"
    },
    "DistributedTask.LogTemplateErrorsAsDebugMessages": {
      "value": "true"
    },
    "DistributedTask.AllowRunnerContainerHooks": {
      "value": "true"
    },
    "DistributedTask.DeprecateStepOutputCommands": {
      "value": "true"
    },
    "DistributedTask.UseWhich2": {
      "value": "true"
    },
    "DistributedTask.DetailUntarFailure": {
      "value": "true"
    },
    "DistributedTask.UseActionArchiveCache": {
      "value": "true"
    },
    "DistributedTask.EnableJobServerQueueTelemetry": {
      "value": "true"
    },
    "DistributedTask.MarkJobAsFailedOnWorkerCrash": {
      "value": "true"
    },
    "Actions.EnableHttpRedirects": {
      "value": "true"
    },
    "system.teamProjectId": {
      "value": "00000000-0000-0000-0000-000000000000"
    },
    "build.buildId": {
      "value": "2"
    },
    "build.containerId": {
      "value": "6644974"
    },
    "build.allowCreateArtifacts": {
      "value": "False"
    },
    "system.workflowFilePath": {
      "value": ".github/workflows/github-actions.yml"
    },
    "system.phaseDisplayName": {
      "value": "unit-test"
    },
    "system.phaseId": {
      "value": "f9b18aa4-1325-5d63-b757-65b914572d7c"
    },
    "system.phaseName": {
      "value": "unit-test"
    },
    "system.phaseAttempt": {
      "value": "1"
    },
    "system.jobIdentifier": {
      "value": "unit-test.__default"
    },
    "system.jobAttempt": {
      "value": "1"
    },
    "System.JobPositionInPhase": {
      "value": "1"
    },
    "System.TotalJobsInPhase": {
      "value": "1"
    },
    "system.github.job": {
      "value": "unit-test"
    },
    "system.jobDisplayName": {
      "value": "unit-test"
    },
    "system.jobId": {
      "value": "0e10f8dd-85b5-5bee-19c6-47fc7db6f171"
    },
    "system.jobName": {
      "value": "__default"
    },
    "system.github.token.permissions": {
      "value": "{\"Actions\":\"write\",\"Attestations\":\"write\",\"Checks\":\"write\",\"Contents\":\"write\",\"Deployments\":\"write\",\"Discussions\":\"write\",\"Issues\":\"write\",\"Metadata\":\"read\",\"Models\":\"read\",\"Packages\":\"write\",\"Pages\":\"write\",\"PullRequests\":\"write\",\"RepositoryProjects\":\"write\",\"SecurityEvents\":\"write\",\"Statuses\":\"write\"}"
    },
    "system.github.token": {
      "value": "***",
      "isSecret": true
    },
    "system.runnerEnvironment": {
      "value": "self-hosted"
    },
    "system.github.results_endpoint": {
      "value": "https://results-receiver.actions.githubusercontent.com/"
    },
    "system.github.results_upload_with_sdk": {
      "value": "True"
    },
    "actions_uses_cache_service_v2": {
      "value": "True"
    },
    "system.testDotNet8Compatibility": {
      "value": "true"
    },
    "system.dotNet8CompatibilityOutputLength": {
      "value": "200"
    },
    "system.dotNet8CompatibilityOutputPattern": {
      "value": "GLIBCXX"
    },
    "system.dotNet8CompatibilityWarning": {
      "value": "The Actions runner will no longer support your OS version on November 1, 2024. Please upgrade to a supported version. For information, refer https://github.blog/changelog/2024-08-19-notice-of-upcoming-deprecations-and-breaking-changes-in-github-actions-runners/"
    },
    "system.orchestrationId": {
      "value": "8e488599-92be-40d2-9e6e-6504c1578f62.unit-test.__default"
    },
    "system.runnerGroupName": {
      "value": "Default"
    }
  },
  "messageType": "PipelineAgentJobRequest",
  "plan": {
    "scopeIdentifier": "00000000-0000-0000-0000-000000000000",
    "planType": "Actions",
    "version": 41,
    "planId": "8e488599-92be-40d2-9e6e-6504c1578f62",
    "planGroup": "Actions:00000000-0000-0000-0000-000000000000:1",
    "artifactUri": "vstfs:///Build/Build/2",
    "artifactLocation": null,
    "definition": {
      "_links": {},
      "id": 3,
      "name": "assignments-3-and-later-eduardgrueso"
    },
    "owner": {
      "_links": {},
      "id": 3,
      "name": "cu-ecen-aeld"
    }
  },
  "timeline": {
    "id": "8e488599-92be-40d2-9e6e-6504c1578f62",
    "changeId": 0,
    "location": null
  },
  "jobId": "0e10f8dd-85b5-5bee-19c6-47fc7db6f171",
  "jobDisplayName": "unit-test",
  "jobName": "__default",
  "jobContainer": {
    "type": 0,
    "file": 1,
    "line": 10,
    "col": 20,
    "lit": "cuaesd/aesd-autotest:24-unit-test"
  },
  "requestId": 2,
  "lockedUntil": "0001-01-01T00:00:00",
  "resources": {
    "endpoints": [
      {
        "data": {
          "ServerId": "6aca3462-e33a-409a-a2d3-e0f2a9ce2d79",
          "ServerName": "6tdfFMH3gzZqMpDAokmibhPdK0icUPXQxbytmbwiGchW5A5rXz",
          "CacheServerUrl": "https://acghubeus1.actions.githubusercontent.com/6tdfFMH3gzZqMpDAokmibhPdK0icUPXQxbytmbwiGchW5A5rXz/",
          "FeedStreamUrl": "https://results-receiver.actions.githubusercontent.com/_ws/ingest.sock",
          "ResultsServiceUrl": "https://results-receiver.actions.githubusercontent.com/",
          "ConnectivityChecks": "[\"https://acghubeus0.actions.githubusercontent.com/_apis/health\",\"https://results-receiver.actions.githubusercontent.com/health\",\"https://pkg.actions.githubusercontent.com/health\",\"https://actions-results-receiver-production.githubapp.com/health\",\"https://run-actions-2-azure-eastus.actions.githubusercontent.com/12/health\",\"https://pipelinesghubeus23.actions.githubusercontent.com/_apis/health\"]"
        },
        "name": "SystemVssConnection",
        "url": "https://pipelinesghubeus23.actions.githubusercontent.com/6tdfFMH3gzZqMpDAokmibhPdK0icUPXQxbytmbwiGchW5A5rXz/",
        "authorization": {
          "parameters": {
            "AccessToken": ***
          },
          "scheme": "OAuth"
        },
        "isShared": false,
        "isReady": true
      }
    ]
  },
  "contextData": {
    "github": {
      "t": 2,
      "d": [
        {
          "k": "ref",
          "v": "refs/heads/main"
        },
        {
          "k": "sha",
          "v": "97f278e1bd156a510dafe1655cd70e7bee4eb325"
        },
        {
          "k": "repository",
          "v": "cu-ecen-aeld/assignments-3-and-later-eduardgrueso"
        },
        {
          "k": "repository_owner",
          "v": "cu-ecen-aeld"
        },
        {
          "k": "repository_owner_id",
          "v": "49594950"
        },
        {
          "k": "repositoryUrl",
          "v": "git://github.com/cu-ecen-aeld/assignments-3-and-later-eduardgrueso.git"
        },
        {
          "k": "run_id",
          "v": "15196104163"
        },
        {
          "k": "run_number",
          "v": "2"
        },
        {
          "k": "retention_days",
          "v": "90"
        },
        {
          "k": "run_attempt",
          "v": "1"
        },
        {
          "k": "artifact_cache_size_limit",
          "v": "10"
        },
        {
          "k": "repository_visibility",
          "v": "public"
        },
        {
          "k": "repo-self-hosted-runners-disabled",
          "v": false
        },
        {
          "k": "enterprise-managed-business-id",
          "v": ""
        },
        {
          "k": "repository_id",
          "v": "988007087"
        },
        {
          "k": "actor_id",
          "v": "104404004"
        },
        {
          "k": "actor",
          "v": "eduardgrueso"
        },
        {
          "k": "triggering_actor",
          "v": "eduardgrueso"
        },
        {
          "k": "workflow",
          "v": "assignment-test"
        },
        {
          "k": "head_ref",
          "v": ""
        },
        {
          "k": "base_ref",
          "v": ""
        },
        {
          "k": "event_name",
          "v": "push"
        },
        {
          "k": "event",
          "v": {
            "t": 2,
            "d": [
              {
                "k": "after",
                "v": "97f278e1bd156a510dafe1655cd70e7bee4eb325"
              },
              {
                "k": "base_ref",
                "v": null
              },
              {
                "k": "before",
                "v": "330ad72f2f7a37344f63d1e28648d51cac6a4dee"
              },
              {
                "k": "commits",
                "v": {
                  "t": 1,
                  "a": [
                    {
                      "t": 2,
                      "d": [
                        {
                          "k": "author",
                          "v": {
                            "t": 2,
                            "d": [
                              {
                                "k": "email",
                                "v": "egruesor@unal.edu.co"
                              },
                              {
                                "k": "name",
                                "v": "eduardgrueso"
                              },
                              {
                                "k": "username",
                                "v": "eduardgrueso"
                              }
                            ]
                          }
                        },
                        {
                          "k": "committer",
                          "v": {
                            "t": 2,
                            "d": [
                              {
                                "k": "email",
                                "v": "egruesor@unal.edu.co"
                              },
                              {
                                "k": "name",
                                "v": "eduardgrueso"
                              },
                              {
                                "k": "username",
                                "v": "eduardgrueso"
                              }
                            ]
                          }
                        },
                        {
                          "k": "distinct",
                          "v": true
                        },
                        {
                          "k": "id",
                          "v": "97f278e1bd156a510dafe1655cd70e7bee4eb325"
                        },
                        {
                          "k": "message",
                          "v": "assigment-3-pat1"
                        },
                        {
                          "k": "timestamp",
                          "v": "2025-05-22T15:21:05-05:00"
                        },
                        {
                          "k": "tree_id",
                          "v": "bc9b741f0e6ee819186205307aa1d2b873410fc0"
                        },
                        {
                          "k": "url",
                          "v": "https://github.com/cu-ecen-aeld/assignments-3-and-later-eduardgrueso/commit/97f278e1bd156a510dafe1655cd70e7bee4eb325"
                        }
                      ]
                    }
                  ]
                }
              },
              {
                "k": "compare",
                "v": "https://github.com/cu-ecen-aeld/assignments-3-and-later-eduardgrueso/compare/330ad72f2f7a...97f278e1bd15"
              },
              {
                "k": "created",
                "v": false
              },
              {
                "k": "deleted",
                "v": false
              },
              {
                "k": "forced",
                "v": false
              },
              {
                "k": "head_commit",
                "v": {
                  "t": 2,
                  "d": [
                    {
                      "k": "author",
                      "v": {
                        "t": 2,
                        "d": [
                          {
                            "k": "email",
                            "v": "egruesor@unal.edu.co"
                          },
                          {
                            "k": "name",
                            "v": "eduardgrueso"
                          },
                          {
                            "k": "username",
                            "v": "eduardgrueso"
                          }
                        ]
                      }
                    },
                    {
                      "k": "committer",
                      "v": {
                        "t": 2,
                        "d": [
                          {
                            "k": "email",
                            "v": "egruesor@unal.edu.co"
                          },
                          {
                            "k": "name",
                            "v": "eduardgrueso"
                          },
                          {
                            "k": "username",
                            "v": "eduardgrueso"
                          }
                        ]
                      }
                    },
                    {
                      "k": "distinct",
                      "v": true
                    },
                    {
                      "k": "id",
                      "v": "97f278e1bd156a510dafe1655cd70e7bee4eb325"
                    },
                    {
                      "k": "message",
                      "v": "assigment-3-pat1"
                    },
                    {
                      "k": "timestamp",
                      "v": "2025-05-22T15:21:05-05:00"
                    },
                    {
                      "k": "tree_id",
                      "v": "bc9b741f0e6ee819186205307aa1d2b873410fc0"
                    },
                    {
                      "k": "url",
                      "v": "https://github.com/cu-ecen-aeld/assignments-3-and-later-eduardgrueso/commit/97f278e1bd156a510dafe1655cd70e7bee4eb325"
                    }
                  ]
                }
              },
              {
                "k": "organization",
                "v": {
                  "t": 2,
                  "d": [
                    {
                      "k": "avatar_url",
                      "v": "https://avatars.githubusercontent.com/u/49594950?v=4"
                    },
                    {
                      "k": "description",
                      "v": "Course Github Organization for University of Colorado at Boulder ECEN 5713 Advanced Embedded Software Development (previously 5013-002)"
                    },
                    {
                      "k": "events_url",
                      "v": "https://api.github.com/orgs/cu-ecen-aeld/events"
                    },
                    {
                      "k": "hooks_url",
                      "v": "https://api.github.com/orgs/cu-ecen-aeld/hooks"
                    },
                    {
                      "k": "id",
                      "v": 49594950.0
                    },
                    {
                      "k": "issues_url",
                      "v": "https://api.github.com/orgs/cu-ecen-aeld/issues"
                    },
                    {
                      "k": "login",
                      "v": "cu-ecen-aeld"
                    },
                    {
                      "k": "members_url",
                      "v": "https://api.github.com/orgs/cu-ecen-aeld/members{/member}"
                    },
                    {
                      "k": "node_id",
                      "v": "MDEyOk9yZ2FuaXphdGlvbjQ5NTk0OTUw"
                    },
                    {
                      "k": "public_members_url",
                      "v": "https://api.github.com/orgs/cu-ecen-aeld/public_members{/member}"
                    },
                    {
                      "k": "repos_url",
                      "v": "https://api.github.com/orgs/cu-ecen-aeld/repos"
                    },
                    {
                      "k": "url",
                      "v": "https://api.github.com/orgs/cu-ecen-aeld"
                    }
                  ]
                }
              },
              {
                "k": "pusher",
                "v": {
                  "t": 2,
                  "d": [
                    {
                      "k": "email",
                      "v": "104404004+eduardgrueso@users.noreply.github.com"
                    },
                    {
                      "k": "name",
                      "v": "eduardgrueso"
                    }
                  ]
                }
              },
              {
                "k": "ref",
                "v": "refs/heads/main"
              },
              {
                "k": "repository",
                "v": {
                  "t": 2,
                  "d": [
                    {
                      "k": "allow_forking",
                      "v": true
                    },
                    {
                      "k": "archive_url",
                      "v": "https://api.github.com/repos/cu-ecen-aeld/assignments-3-and-later-eduardgrueso/{archive_format}{/ref}"
                    },
                    {
                      "k": "archived",
                      "v": false
                    },
                    {
                      "k": "assignees_url",
                      "v": "https://api.github.com/repos/cu-ecen-aeld/assignments-3-and-later-eduardgrueso/assignees{/user}"
                    },
                    {
                      "k": "blobs_url",
                      "v": "https://api.github.com/repos/cu-ecen-aeld/assignments-3-and-later-eduardgrueso/git/blobs{/sha}"
                    },
                    {
                      "k": "branches_url",
                      "v": "https://api.github.com/repos/cu-ecen-aeld/assignments-3-and-later-eduardgrueso/branches{/branch}"
                    },
                    {
                      "k": "clone_url",
                      "v": "https://github.com/cu-ecen-aeld/assignments-3-and-later-eduardgrueso.git"
                    },
                    {
                      "k": "collaborators_url",
                      "v": "https://api.github.com/repos/cu-ecen-aeld/assignments-3-and-later-eduardgrueso/collaborators{/collaborator}"
                    },
                    {
                      "k": "comments_url",
                      "v": "https://api.github.com/repos/cu-ecen-aeld/assignments-3-and-later-eduardgrueso/comments{/number}"
                    },
                    {
                      "k": "commits_url",
                      "v": "https://api.github.com/repos/cu-ecen-aeld/assignments-3-and-later-eduardgrueso/commits{/sha}"
                    },
                    {
                      "k": "compare_url",
                      "v": "https://api.github.com/repos/cu-ecen-aeld/assignments-3-and-later-eduardgrueso/compare/{base}...{head}"
                    },
                    {
                      "k": "contents_url",
                      "v": "https://api.github.com/repos/cu-ecen-aeld/assignments-3-and-later-eduardgrueso/contents/{+path}"
                    },
                    {
                      "k": "contributors_url",
                      "v": "https://api.github.com/repos/cu-ecen-aeld/assignments-3-and-later-eduardgrueso/contributors"
                    },
                    {
                      "k": "created_at",
                      "v": 1747869508.0
                    },
                    {
                      "k": "custom_properties",
                      "v": {
                        "t": 2
                      }
                    },
                    {
                      "k": "default_branch",
                      "v": "main"
                    },
                    {
                      "k": "deployments_url",
                      "v": "https://api.github.com/repos/cu-ecen-aeld/assignments-3-and-later-eduardgrueso/deployments"
                    },
                    {
                      "k": "description",
                      "v": "assignments-3-and-later-eduardgrueso created by GitHub Classroom"
                    },
                    {
                      "k": "disabled",
                      "v": false
                    },
                    {
                      "k": "downloads_url",
                      "v": "https://api.github.com/repos/cu-ecen-aeld/assignments-3-and-later-eduardgrueso/downloads"
                    },
                    {
                      "k": "events_url",
                      "v": "https://api.github.com/repos/cu-ecen-aeld/assignments-3-and-later-eduardgrueso/events"
                    },
                    {
                      "k": "fork",
                      "v": false
                    },
                    {
                      "k": "forks",
                      "v": 0.0
                    },
                    {
                      "k": "forks_count",
                      "v": 0.0
                    },
                    {
                      "k": "forks_url",
                      "v": "https://api.github.com/repos/cu-ecen-aeld/assignments-3-and-later-eduardgrueso/forks"
                    },
                    {
                      "k": "full_name",
                      "v": "cu-ecen-aeld/assignments-3-and-later-eduardgrueso"
                    },
                    {
                      "k": "git_commits_url",
                      "v": "https://api.github.com/repos/cu-ecen-aeld/assignments-3-and-later-eduardgrueso/git/commits{/sha}"
                    },
                    {
                      "k": "git_refs_url",
                      "v": "https://api.github.com/repos/cu-ecen-aeld/assignments-3-and-later-eduardgrueso/git/refs{/sha}"
                    },
                    {
                      "k": "git_tags_url",
                      "v": "https://api.github.com/repos/cu-ecen-aeld/assignments-3-and-later-eduardgrueso/git/tags{/sha}"
                    },
                    {
                      "k": "git_url",
                      "v": "git://github.com/cu-ecen-aeld/assignments-3-and-later-eduardgrueso.git"
                    },
                    {
                      "k": "has_discussions",
                      "v": false
                    },
                    {
                      "k": "has_downloads",
                      "v": true
                    },
                    {
                      "k": "has_issues",
                      "v": true
                    },
                    {
                      "k": "has_pages",
                      "v": false
                    },
                    {
                      "k": "has_projects",
                      "v": true
                    },
                    {
                      "k": "has_wiki",
                      "v": true
                    },
                    {
                      "k": "homepage",
                      "v": null
                    },
                    {
                      "k": "hooks_url",
                      "v": "https://api.github.com/repos/cu-ecen-aeld/assignments-3-and-later-eduardgrueso/hooks"
                    },
                    {
                      "k": "html_url",
                      "v": "https://github.com/cu-ecen-aeld/assignments-3-and-later-eduardgrueso"
                    },
                    {
                      "k": "id",
                      "v": 988007087.0
                    },
                    {
                      "k": "is_template",
                      "v": false
                    },
                    {
                      "k": "issue_comment_url",
                      "v": "https://api.github.com/repos/cu-ecen-aeld/assignments-3-and-later-eduardgrueso/issues/comments{/number}"
                    },
                    {
                      "k": "issue_events_url",
                      "v": "https://api.github.com/repos/cu-ecen-aeld/assignments-3-and-later-eduardgrueso/issues/events{/number}"
                    },
                    {
                      "k": "issues_url",
                      "v": "https://api.github.com/repos/cu-ecen-aeld/assignments-3-and-later-eduardgrueso/issues{/number}"
                    },
                    {
                      "k": "keys_url",
                      "v": "https://api.github.com/repos/cu-ecen-aeld/assignments-3-and-later-eduardgrueso/keys{/key_id}"
                    },
                    {
                      "k": "labels_url",
                      "v": "https://api.github.com/repos/cu-ecen-aeld/assignments-3-and-later-eduardgrueso/labels{/name}"
                    },
                    {
                      "k": "language",
                      "v": "Shell"
                    },
                    {
                      "k": "languages_url",
                      "v": "https://api.github.com/repos/cu-ecen-aeld/assignments-3-and-later-eduardgrueso/languages"
                    },
                    {
                      "k": "license",
                      "v": {
                        "t": 2,
                        "d": [
                          {
                            "k": "key",
                            "v": "mit"
                          },
                          {
                            "k": "name",
                            "v": "MIT License"
                          },
                          {
                            "k": "node_id",
                            "v": "MDc6TGljZW5zZTEz"
                          },
                          {
                            "k": "spdx_id",
                            "v": "MIT"
                          },
                          {
                            "k": "url",
                            "v": "https://api.github.com/licenses/mit"
                          }
                        ]
                      }
                    },
                    {
                      "k": "master_branch",
                      "v": "main"
                    },
                    {
                      "k": "merges_url",
                      "v": "https://api.github.com/repos/cu-ecen-aeld/assignments-3-and-later-eduardgrueso/merges"
                    },
                    {
                      "k": "milestones_url",
                      "v": "https://api.github.com/repos/cu-ecen-aeld/assignments-3-and-later-eduardgrueso/milestones{/number}"
                    },
                    {
                      "k": "mirror_url",
                      "v": null
                    },
                    {
                      "k": "name",
                      "v": "assignments-3-and-later-eduardgrueso"
                    },
                    {
                      "k": "node_id",
                      "v": "R_kgDOOuPKrw"
                    },
                    {
                      "k": "notifications_url",
                      "v": "https://api.github.com/repos/cu-ecen-aeld/assignments-3-and-later-eduardgrueso/notifications{?since,all,participating}"
                    },
                    {
                      "k": "open_issues",
                      "v": 0.0
                    },
                    {
                      "k": "open_issues_count",
                      "v": 0.0
                    },
                    {
                      "k": "organization",
                      "v": "cu-ecen-aeld"
                    },
                    {
                      "k": "owner",
                      "v": {
                        "t": 2,
                        "d": [
                          {
                            "k": "avatar_url",
                            "v": "https://avatars.githubusercontent.com/u/49594950?v=4"
                          },
                          {
                            "k": "email",
                            "v": null
                          },
                          {
                            "k": "events_url",
                            "v": "https://api.github.com/users/cu-ecen-aeld/events{/privacy}"
                          },
                          {
                            "k": "followers_url",
                            "v": "https://api.github.com/users/cu-ecen-aeld/followers"
                          },
                          {
                            "k": "following_url",
                            "v": "https://api.github.com/users/cu-ecen-aeld/following{/other_user}"
                          },
                          {
                            "k": "gists_url",
                            "v": "https://api.github.com/users/cu-ecen-aeld/gists{/gist_id}"
                          },
                          {
                            "k": "gravatar_id",
                            "v": ""
                          },
                          {
                            "k": "html_url",
                            "v": "https://github.com/cu-ecen-aeld"
                          },
                          {
                            "k": "id",
                            "v": 49594950.0
                          },
                          {
                            "k": "login",
                            "v": "cu-ecen-aeld"
                          },
                          {
                            "k": "name",
                            "v": "cu-ecen-aeld"
                          },
                          {
                            "k": "node_id",
                            "v": "MDEyOk9yZ2FuaXphdGlvbjQ5NTk0OTUw"
                          },
                          {
                            "k": "organizations_url",
                            "v": "https://api.github.com/users/cu-ecen-aeld/orgs"
                          },
                          {
                            "k": "received_events_url",
                            "v": "https://api.github.com/users/cu-ecen-aeld/received_events"
                          },
                          {
                            "k": "repos_url",
                            "v": "https://api.github.com/users/cu-ecen-aeld/repos"
                          },
                          {
                            "k": "site_admin",
                            "v": false
                          },
                          {
                            "k": "starred_url",
                            "v": "https://api.github.com/users/cu-ecen-aeld/starred{/owner}{/repo}"
                          },
                          {
                            "k": "subscriptions_url",
                            "v": "https://api.github.com/users/cu-ecen-aeld/subscriptions"
                          },
                          {
                            "k": "type",
                            "v": "Organization"
                          },
                          {
                            "k": "url",
                            "v": "https://api.github.com/users/cu-ecen-aeld"
                          },
                          {
                            "k": "user_view_type",
                            "v": "public"
                          }
                        ]
                      }
                    },
                    {
                      "k": "private",
                      "v": false
                    },
                    {
                      "k": "pulls_url",
                      "v": "https://api.github.com/repos/cu-ecen-aeld/assignments-3-and-later-eduardgrueso/pulls{/number}"
                    },
                    {
                      "k": "pushed_at",
                      "v": 1747945417.0
                    },
                    {
                      "k": "releases_url",
                      "v": "https://api.github.com/repos/cu-ecen-aeld/assignments-3-and-later-eduardgrueso/releases{/id}"
                    },
                    {
                      "k": "size",
                      "v": 44.0
                    },
                    {
                      "k": "ssh_url",
                      "v": "git@github.com:cu-ecen-aeld/assignments-3-and-later-eduardgrueso.git"
                    },
                    {
                      "k": "stargazers",
                      "v": 0.0
                    },
                    {
                      "k": "stargazers_count",
                      "v": 0.0
                    },
                    {
                      "k": "stargazers_url",
                      "v": "https://api.github.com/repos/cu-ecen-aeld/assignments-3-and-later-eduardgrueso/stargazers"
                    },
                    {
                      "k": "statuses_url",
                      "v": "https://api.github.com/repos/cu-ecen-aeld/assignments-3-and-later-eduardgrueso/statuses/{sha}"
                    },
                    {
                      "k": "subscribers_url",
                      "v": "https://api.github.com/repos/cu-ecen-aeld/assignments-3-and-later-eduardgrueso/subscribers"
                    },
                    {
                      "k": "subscription_url",
                      "v": "https://api.github.com/repos/cu-ecen-aeld/assignments-3-and-later-eduardgrueso/subscription"
                    },
                    {
                      "k": "svn_url",
                      "v": "https://github.com/cu-ecen-aeld/assignments-3-and-later-eduardgrueso"
                    },
                    {
                      "k": "tags_url",
                      "v": "https://api.github.com/repos/cu-ecen-aeld/assignments-3-and-later-eduardgrueso/tags"
                    },
                    {
                      "k": "teams_url",
                      "v": "https://api.github.com/repos/cu-ecen-aeld/assignments-3-and-later-eduardgrueso/teams"
                    },
                    {
                      "k": "topics",
                      "v": {
                        "t": 1
                      }
                    },
                    {
                      "k": "trees_url",
                      "v": "https://api.github.com/repos/cu-ecen-aeld/assignments-3-and-later-eduardgrueso/git/trees{/sha}"
                    },
                    {
                      "k": "updated_at",
                      "v": "2025-05-22T12:49:56Z"
                    },
                    {
                      "k": "url",
                      "v": "https://api.github.com/repos/cu-ecen-aeld/assignments-3-and-later-eduardgrueso"
                    },
                    {
                      "k": "visibility",
                      "v": "public"
                    },
                    {
                      "k": "watchers",
                      "v": 0.0
                    },
                    {
                      "k": "watchers_count",
                      "v": 0.0
                    },
                    {
                      "k": "web_commit_signoff_required",
                      "v": false
                    }
                  ]
                }
              },
              {
                "k": "sender",
                "v": {
                  "t": 2,
                  "d": [
                    {
                      "k": "avatar_url",
                      "v": "https://avatars.githubusercontent.com/u/104404004?v=4"
                    },
                    {
                      "k": "events_url",
                      "v": "https://api.github.com/users/eduardgrueso/events{/privacy}"
                    },
                    {
                      "k": "followers_url",
                      "v": "https://api.github.com/users/eduardgrueso/followers"
                    },
                    {
                      "k": "following_url",
                      "v": "https://api.github.com/users/eduardgrueso/following{/other_user}"
                    },
                    {
                      "k": "gists_url",
                      "v": "https://api.github.com/users/eduardgrueso/gists{/gist_id}"
                    },
                    {
                      "k": "gravatar_id",
                      "v": ""
                    },
                    {
                      "k": "html_url",
                      "v": "https://github.com/eduardgrueso"
                    },
                    {
                      "k": "id",
                      "v": 104404004.0
                    },
                    {
                      "k": "login",
                      "v": "eduardgrueso"
                    },
                    {
                      "k": "node_id",
                      "v": "U_kgDOBjkUJA"
                    },
                    {
                      "k": "organizations_url",
                      "v": "https://api.github.com/users/eduardgrueso/orgs"
                    },
                    {
                      "k": "received_events_url",
                      "v": "https://api.github.com/users/eduardgrueso/received_events"
                    },
                    {
                      "k": "repos_url",
                      "v": "https://api.github.com/users/eduardgrueso/repos"
                    },
                    {
                      "k": "site_admin",
                      "v": false
                    },
                    {
                      "k": "starred_url",
                      "v": "https://api.github.com/users/eduardgrueso/starred{/owner}{/repo}"
                    },
                    {
                      "k": "subscriptions_url",
                      "v": "https://api.github.com/users/eduardgrueso/subscriptions"
                    },
                    {
                      "k": "type",
                      "v": "User"
                    },
                    {
                      "k": "url",
                      "v": "https://api.github.com/users/eduardgrueso"
                    },
                    {
                      "k": "user_view_type",
                      "v": "public"
                    }
                  ]
                }
              }
            ]
          }
        },
        {
          "k": "server_url",
          "v": "https://github.com"
        },
        {
          "k": "api_url",
          "v": "https://api.github.com"
        },
        {
          "k": "graphql_url",
          "v": "https://api.github.com/graphql"
        },
        {
          "k": "ref_name",
          "v": "main"
        },
        {
          "k": "ref_protected",
          "v": false
        },
        {
          "k": "ref_type",
          "v": "branch"
        },
        {
          "k": "secret_source",
          "v": "Actions"
        },
        {
          "k": "workflow_ref",
          "v": "cu-ecen-aeld/assignments-3-and-later-eduardgrueso/.github/workflows/github-actions.yml@refs/heads/main"
        },
        {
          "k": "workflow_sha",
          "v": "97f278e1bd156a510dafe1655cd70e7bee4eb325"
        }
      ]
    },
    "run-feature-flags": {
      "t": 2,
      "d": [
        {
          "k": "actions_stream_logs_via_results_service",
          "v": true
        },
        {
          "k": "actions_use_results_service",
          "v": true
        },
        {
          "k": "actions_uses_cache_service_v2",
          "v": true
        },
        {
          "k": "block_artifacts_v3_exempted",
          "v": false
        },
        {
          "k": "larger_runners_custom_image_generation",
          "v": false
        }
      ]
    },
    "partialrerun": false,
    "needs": {
      "t": 2
    },
    "vars": null,
    "inputs": {
      "t": 2
    },
    "matrix": null,
    "strategy": {
      "t": 2,
      "d": [
        {
          "k": "fail-fast",
          "v": true
        },
        {
          "k": "job-index",
          "v": 0.0
        },
        {
          "k": "job-total",
          "v": 1.0
        },
        {
          "k": "max-parallel",
          "v": 1.0
        }
      ]
    },
    "EndpointsOverride": null
  }
}
[2025-05-22 20:30:17Z INFO JobRunner] Job ID 0e10f8dd-85b5-5bee-19c6-47fc7db6f171
[2025-05-22 20:30:17Z INFO ConfigurationStore] currentAssemblyLocation: /home/eduard/yocto_course/assignment-3-eduardgrueso/actions-runner/bin/Runner.Worker.dll
[2025-05-22 20:30:17Z INFO HostContext] Well known directory 'Bin': '/home/eduard/yocto_course/assignment-3-eduardgrueso/actions-runner/bin'
[2025-05-22 20:30:17Z INFO ConfigurationStore] binPath: /home/eduard/yocto_course/assignment-3-eduardgrueso/actions-runner/bin
[2025-05-22 20:30:17Z INFO HostContext] Well known directory 'Bin': '/home/eduard/yocto_course/assignment-3-eduardgrueso/actions-runner/bin'
[2025-05-22 20:30:17Z INFO HostContext] Well known directory 'Root': '/home/eduard/yocto_course/assignment-3-eduardgrueso/actions-runner'
[2025-05-22 20:30:17Z INFO ConfigurationStore] RootFolder: /home/eduard/yocto_course/assignment-3-eduardgrueso/actions-runner
[2025-05-22 20:30:17Z INFO HostContext] Well known directory 'Bin': '/home/eduard/yocto_course/assignment-3-eduardgrueso/actions-runner/bin'
[2025-05-22 20:30:17Z INFO HostContext] Well known directory 'Root': '/home/eduard/yocto_course/assignment-3-eduardgrueso/actions-runner'
[2025-05-22 20:30:17Z INFO HostContext] Well known config file 'Runner': '/home/eduard/yocto_course/assignment-3-eduardgrueso/actions-runner/.runner'
[2025-05-22 20:30:17Z INFO ConfigurationStore] ConfigFilePath: /home/eduard/yocto_course/assignment-3-eduardgrueso/actions-runner/.runner
[2025-05-22 20:30:17Z INFO HostContext] Well known directory 'Bin': '/home/eduard/yocto_course/assignment-3-eduardgrueso/actions-runner/bin'
[2025-05-22 20:30:17Z INFO HostContext] Well known directory 'Root': '/home/eduard/yocto_course/assignment-3-eduardgrueso/actions-runner'
[2025-05-22 20:30:17Z INFO HostContext] Well known config file 'MigratedRunner': '/home/eduard/yocto_course/assignment-3-eduardgrueso/actions-runner/.runner_migrated'
[2025-05-22 20:30:17Z INFO ConfigurationStore] MigratedConfigFilePath: /home/eduard/yocto_course/assignment-3-eduardgrueso/actions-runner/.runner_migrated
[2025-05-22 20:30:17Z INFO HostContext] Well known directory 'Bin': '/home/eduard/yocto_course/assignment-3-eduardgrueso/actions-runner/bin'
[2025-05-22 20:30:17Z INFO HostContext] Well known directory 'Root': '/home/eduard/yocto_course/assignment-3-eduardgrueso/actions-runner'
[2025-05-22 20:30:17Z INFO HostContext] Well known config file 'Credentials': '/home/eduard/yocto_course/assignment-3-eduardgrueso/actions-runner/.credentials'
[2025-05-22 20:30:17Z INFO ConfigurationStore] CredFilePath: /home/eduard/yocto_course/assignment-3-eduardgrueso/actions-runner/.credentials
[2025-05-22 20:30:17Z INFO HostContext] Well known directory 'Bin': '/home/eduard/yocto_course/assignment-3-eduardgrueso/actions-runner/bin'
[2025-05-22 20:30:17Z INFO HostContext] Well known directory 'Root': '/home/eduard/yocto_course/assignment-3-eduardgrueso/actions-runner'
[2025-05-22 20:30:17Z INFO HostContext] Well known config file 'MigratedCredentials': '/home/eduard/yocto_course/assignment-3-eduardgrueso/actions-runner/.credentials_migrated'
[2025-05-22 20:30:17Z INFO ConfigurationStore] MigratedCredFilePath: /home/eduard/yocto_course/assignment-3-eduardgrueso/actions-runner/.credentials_migrated
[2025-05-22 20:30:17Z INFO HostContext] Well known directory 'Bin': '/home/eduard/yocto_course/assignment-3-eduardgrueso/actions-runner/bin'
[2025-05-22 20:30:17Z INFO HostContext] Well known directory 'Root': '/home/eduard/yocto_course/assignment-3-eduardgrueso/actions-runner'
[2025-05-22 20:30:17Z INFO HostContext] Well known config file 'Service': '/home/eduard/yocto_course/assignment-3-eduardgrueso/actions-runner/.service'
[2025-05-22 20:30:17Z INFO ConfigurationStore] ServiceConfigFilePath: /home/eduard/yocto_course/assignment-3-eduardgrueso/actions-runner/.service
[2025-05-22 20:30:17Z INFO ConfigurationStore] Read setting file: 333 chars
[2025-05-22 20:30:17Z INFO JobRunner] Creating job server with URL: https://pipelinesghubeus23.actions.githubusercontent.com/6tdfFMH3gzZqMpDAokmibhPdK0icUPXQxbytmbwiGchW5A5rXz/
[2025-05-22 20:30:17Z INFO GitHubActionsService] Starting operation Location.GetConnectionData
[2025-05-22 20:30:17Z INFO Worker] Listening for cancel message from the channel.
[2025-05-22 20:30:17Z INFO Worker] Waiting for the job to complete or for a cancel message from the channel.
[2025-05-22 20:30:18Z INFO GitHubActionsService] Finished operation Location.GetConnectionData
[2025-05-22 20:30:19Z INFO JobServer] Creating websocket client ...wss://results-receiver.actions.githubusercontent.com/_ws/ingest.sock
[2025-05-22 20:30:19Z INFO JobServer] Attempting to start websocket client with delay 00:00:00.
[2025-05-22 20:30:19Z INFO JobServerQueue] Initializing results client
[2025-05-22 20:30:19Z INFO JobServerQueue] Start process web console line queue.
[2025-05-22 20:30:19Z INFO JobServerQueue] Start process file upload queue.
[2025-05-22 20:30:19Z INFO JobServerQueue] Start results file upload queue.
[2025-05-22 20:30:19Z INFO JobServerQueue] Starting results-based upload queue...
[2025-05-22 20:30:19Z INFO JobServerQueue] Start process timeline update queue.
[2025-05-22 20:30:19Z INFO ExecutionContext] Initializing Job context
[2025-05-22 20:30:19Z INFO ExecutionContext] Initialize GitHub context
[2025-05-22 20:30:19Z INFO ExecutionContext] Initialize Env context
[2025-05-22 20:30:19Z INFO HostContext] Well known directory 'Bin': '/home/eduard/yocto_course/assignment-3-eduardgrueso/actions-runner/bin'
[2025-05-22 20:30:19Z INFO HostContext] Well known directory 'Root': '/home/eduard/yocto_course/assignment-3-eduardgrueso/actions-runner'
[2025-05-22 20:30:19Z INFO HostContext] Well known directory 'Diag': '/home/eduard/yocto_course/assignment-3-eduardgrueso/actions-runner/_diag'
[2025-05-22 20:30:19Z INFO HostContext] Well known directory 'Bin': '/home/eduard/yocto_course/assignment-3-eduardgrueso/actions-runner/bin'
[2025-05-22 20:30:19Z INFO HostContext] Well known directory 'Root': '/home/eduard/yocto_course/assignment-3-eduardgrueso/actions-runner'
[2025-05-22 20:30:19Z INFO HostContext] Well known directory 'Diag': '/home/eduard/yocto_course/assignment-3-eduardgrueso/actions-runner/_diag'
[2025-05-22 20:30:19Z INFO JobRunner] Starting the job execution context.
[2025-05-22 20:30:19Z INFO HostContext] Well known directory 'Bin': '/home/eduard/yocto_course/assignment-3-eduardgrueso/actions-runner/bin'
[2025-05-22 20:30:19Z INFO HostContext] Well known directory 'Root': '/home/eduard/yocto_course/assignment-3-eduardgrueso/actions-runner'
[2025-05-22 20:30:19Z INFO HostContext] Well known directory 'Work': '/home/eduard/yocto_course/assignment-3-eduardgrueso/actions-runner/_work'
[2025-05-22 20:30:19Z INFO JobRunner] Validating directory permissions for: '/home/eduard/yocto_course/assignment-3-eduardgrueso/actions-runner/_work'
[2025-05-22 20:30:19Z INFO HostContext] Well known directory 'Bin': '/home/eduard/yocto_course/assignment-3-eduardgrueso/actions-runner/bin'
[2025-05-22 20:30:19Z INFO HostContext] Well known directory 'Root': '/home/eduard/yocto_course/assignment-3-eduardgrueso/actions-runner'
[2025-05-22 20:30:19Z INFO HostContext] Well known directory 'Work': '/home/eduard/yocto_course/assignment-3-eduardgrueso/actions-runner/_work'
[2025-05-22 20:30:19Z INFO HostContext] Well known directory 'Tools': '/home/eduard/yocto_course/assignment-3-eduardgrueso/actions-runner/_work/_tool'
[2025-05-22 20:30:19Z INFO HostContext] Well known directory 'Bin': '/home/eduard/yocto_course/assignment-3-eduardgrueso/actions-runner/bin'
[2025-05-22 20:30:19Z INFO HostContext] Well known directory 'Root': '/home/eduard/yocto_course/assignment-3-eduardgrueso/actions-runner'
[2025-05-22 20:30:19Z INFO HostContext] Well known directory 'Work': '/home/eduard/yocto_course/assignment-3-eduardgrueso/actions-runner/_work'
[2025-05-22 20:30:19Z INFO HostContext] Well known directory 'Temp': '/home/eduard/yocto_course/assignment-3-eduardgrueso/actions-runner/_work/_temp'
[2025-05-22 20:30:19Z INFO JobRunner] Getting job extension.
[2025-05-22 20:30:19Z INFO JobRunner] Initialize job. Getting all job steps.
[2025-05-22 20:30:19Z INFO HostContext] Well known directory 'Bin': '/home/eduard/yocto_course/assignment-3-eduardgrueso/actions-runner/bin'
[2025-05-22 20:30:19Z INFO HostContext] Well known directory 'Root': '/home/eduard/yocto_course/assignment-3-eduardgrueso/actions-runner'
[2025-05-22 20:30:19Z INFO HostContext] Well known directory 'Diag': '/home/eduard/yocto_course/assignment-3-eduardgrueso/actions-runner/_diag'
[2025-05-22 20:30:19Z INFO HostContext] Well known directory 'Bin': '/home/eduard/yocto_course/assignment-3-eduardgrueso/actions-runner/bin'
[2025-05-22 20:30:19Z INFO HostContext] Well known directory 'Root': '/home/eduard/yocto_course/assignment-3-eduardgrueso/actions-runner'
[2025-05-22 20:30:19Z INFO HostContext] Well known directory 'Diag': '/home/eduard/yocto_course/assignment-3-eduardgrueso/actions-runner/_diag'
[2025-05-22 20:30:19Z INFO HostContext] Well known directory 'Bin': '/home/eduard/yocto_course/assignment-3-eduardgrueso/actions-runner/bin'
[2025-05-22 20:30:19Z INFO HostContext] Well known directory 'Root': '/home/eduard/yocto_course/assignment-3-eduardgrueso/actions-runner'
[2025-05-22 20:30:19Z INFO HostContext] Well known config file 'Credentials': '/home/eduard/yocto_course/assignment-3-eduardgrueso/actions-runner/.credentials'
[2025-05-22 20:30:19Z INFO HostContext] Well known directory 'Bin': '/home/eduard/yocto_course/assignment-3-eduardgrueso/actions-runner/bin'
[2025-05-22 20:30:19Z INFO HostContext] Well known directory 'Root': '/home/eduard/yocto_course/assignment-3-eduardgrueso/actions-runner'
[2025-05-22 20:30:19Z INFO HostContext] Well known config file 'SetupInfo': '/home/eduard/yocto_course/assignment-3-eduardgrueso/actions-runner/.setup_info'
[2025-05-22 20:30:19Z INFO HostContext] Well known directory 'Bin': '/home/eduard/yocto_course/assignment-3-eduardgrueso/actions-runner/bin'
[2025-05-22 20:30:19Z INFO HostContext] Well known directory 'Root': '/home/eduard/yocto_course/assignment-3-eduardgrueso/actions-runner'
[2025-05-22 20:30:19Z INFO HostContext] Well known directory 'Work': '/home/eduard/yocto_course/assignment-3-eduardgrueso/actions-runner/_work'
[2025-05-22 20:30:19Z INFO PipelineDirectoryManager] Loading tracking config if exists: /home/eduard/yocto_course/assignment-3-eduardgrueso/actions-runner/_work/_PipelineMapping/cu-ecen-aeld/assignments-3-and-later-eduardgrueso/PipelineFolder.json
[2025-05-22 20:30:19Z INFO PipelineDirectoryManager] Updating job run properties.
[2025-05-22 20:30:19Z INFO HostContext] Well known directory 'Bin': '/home/eduard/yocto_course/assignment-3-eduardgrueso/actions-runner/bin'
[2025-05-22 20:30:19Z INFO HostContext] Well known directory 'Root': '/home/eduard/yocto_course/assignment-3-eduardgrueso/actions-runner'
[2025-05-22 20:30:19Z INFO HostContext] Well known directory 'Work': '/home/eduard/yocto_course/assignment-3-eduardgrueso/actions-runner/_work'
[2025-05-22 20:30:19Z INFO HostContext] Well known directory 'Bin': '/home/eduard/yocto_course/assignment-3-eduardgrueso/actions-runner/bin'
[2025-05-22 20:30:19Z INFO HostContext] Well known directory 'Root': '/home/eduard/yocto_course/assignment-3-eduardgrueso/actions-runner'
[2025-05-22 20:30:19Z INFO HostContext] Well known directory 'Work': '/home/eduard/yocto_course/assignment-3-eduardgrueso/actions-runner/_work'
[2025-05-22 20:30:19Z INFO HostContext] Well known directory 'Bin': '/home/eduard/yocto_course/assignment-3-eduardgrueso/actions-runner/bin'
[2025-05-22 20:30:19Z INFO HostContext] Well known directory 'Root': '/home/eduard/yocto_course/assignment-3-eduardgrueso/actions-runner'
[2025-05-22 20:30:19Z INFO HostContext] Well known directory 'Work': '/home/eduard/yocto_course/assignment-3-eduardgrueso/actions-runner/_work'
[2025-05-22 20:30:19Z INFO HostContext] Well known directory 'Bin': '/home/eduard/yocto_course/assignment-3-eduardgrueso/actions-runner/bin'
[2025-05-22 20:30:19Z INFO HostContext] Well known directory 'Root': '/home/eduard/yocto_course/assignment-3-eduardgrueso/actions-runner'
[2025-05-22 20:30:19Z INFO HostContext] Well known directory 'Work': '/home/eduard/yocto_course/assignment-3-eduardgrueso/actions-runner/_work'
[2025-05-22 20:30:19Z INFO HostContext] Well known directory 'Bin': '/home/eduard/yocto_course/assignment-3-eduardgrueso/actions-runner/bin'
[2025-05-22 20:30:19Z INFO HostContext] Well known directory 'Root': '/home/eduard/yocto_course/assignment-3-eduardgrueso/actions-runner'
[2025-05-22 20:30:19Z INFO HostContext] Well known directory 'Work': '/home/eduard/yocto_course/assignment-3-eduardgrueso/actions-runner/_work'
[2025-05-22 20:30:19Z INFO HostContext] Well known directory 'Tools': '/home/eduard/yocto_course/assignment-3-eduardgrueso/actions-runner/_work/_tool'
[2025-05-22 20:30:19Z INFO HostContext] Well known directory 'Bin': '/home/eduard/yocto_course/assignment-3-eduardgrueso/actions-runner/bin'
[2025-05-22 20:30:19Z INFO HostContext] Well known directory 'Root': '/home/eduard/yocto_course/assignment-3-eduardgrueso/actions-runner'
[2025-05-22 20:30:19Z INFO HostContext] Well known directory 'Externals': '/home/eduard/yocto_course/assignment-3-eduardgrueso/actions-runner/externals'
[2025-05-22 20:30:19Z INFO JobExtension] Downloading actions
[2025-05-22 20:30:19Z INFO HostContext] Well known directory 'Bin': '/home/eduard/yocto_course/assignment-3-eduardgrueso/actions-runner/bin'
[2025-05-22 20:30:19Z INFO HostContext] Well known directory 'Root': '/home/eduard/yocto_course/assignment-3-eduardgrueso/actions-runner'
[2025-05-22 20:30:19Z INFO HostContext] Well known directory 'Work': '/home/eduard/yocto_course/assignment-3-eduardgrueso/actions-runner/_work'
[2025-05-22 20:30:19Z INFO HostContext] Well known directory 'Actions': '/home/eduard/yocto_course/assignment-3-eduardgrueso/actions-runner/_work/_actions'
[2025-05-22 20:30:19Z INFO HostContext] Well known directory 'Bin': '/home/eduard/yocto_course/assignment-3-eduardgrueso/actions-runner/bin'
[2025-05-22 20:30:19Z INFO HostContext] Well known directory 'Root': '/home/eduard/yocto_course/assignment-3-eduardgrueso/actions-runner'
[2025-05-22 20:30:19Z INFO HostContext] Well known directory 'Work': '/home/eduard/yocto_course/assignment-3-eduardgrueso/actions-runner/_work'
[2025-05-22 20:30:19Z INFO HostContext] Well known directory 'Actions': '/home/eduard/yocto_course/assignment-3-eduardgrueso/actions-runner/_work/_actions'
[2025-05-22 20:30:19Z INFO HostContext] Well known directory 'Bin': '/home/eduard/yocto_course/assignment-3-eduardgrueso/actions-runner/bin'
[2025-05-22 20:30:19Z INFO HostContext] Well known directory 'Root': '/home/eduard/yocto_course/assignment-3-eduardgrueso/actions-runner'
[2025-05-22 20:30:19Z INFO HostContext] Well known directory 'Work': '/home/eduard/yocto_course/assignment-3-eduardgrueso/actions-runner/_work'
[2025-05-22 20:30:19Z INFO HostContext] Well known directory 'Actions': '/home/eduard/yocto_course/assignment-3-eduardgrueso/actions-runner/_work/_actions'
[2025-05-22 20:30:19Z INFO ActionManager] Save archive 'https://api.github.com/repos/actions/checkout/tarball/ee0669bd1cc54295c223e0bb666b733df41de1c5' into /home/eduard/yocto_course/assignment-3-eduardgrueso/actions-runner/_work/_actions/_temp_dfbaf057-e736-4ad5-8a6c-beaf3fa25228/3075dfa8-4206-4729-8115-b6b9f752effc.tar.gz.
[2025-05-22 20:30:19Z INFO JobServer] Successfully started websocket client.
[2025-05-22 20:30:19Z INFO JobServerQueue] Try to append 1 batches web console lines for record '1436d0db-6077-4a27-b040-da875172abd4', success rate: 1/1.
[2025-05-22 20:30:19Z INFO JobServerQueue] Try to append 1 batches web console lines for record '1436d0db-6077-4a27-b040-da875172abd4', success rate: 1/1.
[2025-05-22 20:30:20Z INFO JobServerQueue] Job timeline record has been updated for the first time.
[2025-05-22 20:30:20Z INFO ActionManager] Request URL: https://api.github.com/repos/actions/checkout/tarball/ee0669bd1cc54295c223e0bb666b733df41de1c5 X-GitHub-Request-Id: E04A:139FCE:842F5:B2C3A:682F895C Http Status: OK
[2025-05-22 20:30:20Z INFO ActionManager] Which2: 'tar'
[2025-05-22 20:30:20Z INFO ActionManager] Location: '/usr/bin/tar'
[2025-05-22 20:30:20Z INFO ProcessInvokerWrapper] Starting process:
[2025-05-22 20:30:20Z INFO ProcessInvokerWrapper]   File name: '/usr/bin/tar'
[2025-05-22 20:30:20Z INFO ProcessInvokerWrapper]   Arguments: '-xzf "/home/eduard/yocto_course/assignment-3-eduardgrueso/actions-runner/_work/_actions/_temp_dfbaf057-e736-4ad5-8a6c-beaf3fa25228/3075dfa8-4206-4729-8115-b6b9f752effc.tar.gz"'
[2025-05-22 20:30:20Z INFO ProcessInvokerWrapper]   Working directory: '/home/eduard/yocto_course/assignment-3-eduardgrueso/actions-runner/_work/_actions/_temp_dfbaf057-e736-4ad5-8a6c-beaf3fa25228/_staging'
[2025-05-22 20:30:20Z INFO ProcessInvokerWrapper]   Require exit code zero: 'False'
[2025-05-22 20:30:20Z INFO ProcessInvokerWrapper]   Encoding web name:  ; code page: ''
[2025-05-22 20:30:20Z INFO ProcessInvokerWrapper]   Force kill process on cancellation: 'False'
[2025-05-22 20:30:20Z INFO ProcessInvokerWrapper]   Redirected STDIN: 'False'
[2025-05-22 20:30:20Z INFO ProcessInvokerWrapper]   Persist current code page: 'False'
[2025-05-22 20:30:20Z INFO ProcessInvokerWrapper]   Keep redirected STDIN open: 'False'
[2025-05-22 20:30:20Z INFO ProcessInvokerWrapper]   High priority process: 'False'
[2025-05-22 20:30:20Z INFO ProcessInvokerWrapper] Updated oom_score_adj to 500 for PID: 50053.
[2025-05-22 20:30:20Z INFO ProcessInvokerWrapper] Process started with process id 50053, waiting for process exit.
[2025-05-22 20:30:20Z INFO ProcessInvokerWrapper] STDOUT/STDERR stream read finished.
[2025-05-22 20:30:20Z INFO ProcessInvokerWrapper] STDOUT/STDERR stream read finished.
[2025-05-22 20:30:20Z INFO ProcessInvokerWrapper] Finished process 50053 with exit code 0, and elapsed time 00:00:00.0193206.
[2025-05-22 20:30:20Z INFO ActionManager] Finished getting action repository.
[2025-05-22 20:30:20Z INFO HostContext] Well known directory 'Bin': '/home/eduard/yocto_course/assignment-3-eduardgrueso/actions-runner/bin'
[2025-05-22 20:30:20Z INFO HostContext] Well known directory 'Root': '/home/eduard/yocto_course/assignment-3-eduardgrueso/actions-runner'
[2025-05-22 20:30:20Z INFO HostContext] Well known directory 'Work': '/home/eduard/yocto_course/assignment-3-eduardgrueso/actions-runner/_work'
[2025-05-22 20:30:20Z INFO HostContext] Well known directory 'Actions': '/home/eduard/yocto_course/assignment-3-eduardgrueso/actions-runner/_work/_actions'
[2025-05-22 20:30:20Z INFO ActionManifestManager] Load schema file with definitions: [
  "null",
  "boolean",
  "number",
  "string",
  "sequence",
  "mapping",
  "any",
  "action-root",
  "inputs",
  "input",
  "outputs",
  "output-definition",
  "runs",
  "container-runs",
  "container-runs-args",
  "container-runs-env",
  "node-runs",
  "plugin-runs",
  "composite-runs",
  "composite-steps",
  "composite-step",
  "run-step",
  "uses-step",
  "container-runs-context",
  "output-value",
  "input-default-context",
  "non-empty-string",
  "string-steps-context",
  "boolean-steps-context",
  "step-env",
  "step-if",
  "step-with"
]
[2025-05-22 20:30:20Z INFO HostContext] Well known directory 'Bin': '/home/eduard/yocto_course/assignment-3-eduardgrueso/actions-runner/bin'
[2025-05-22 20:30:20Z INFO HostContext] Well known directory 'Root': '/home/eduard/yocto_course/assignment-3-eduardgrueso/actions-runner'
[2025-05-22 20:30:20Z INFO HostContext] Well known directory 'Work': '/home/eduard/yocto_course/assignment-3-eduardgrueso/actions-runner/_work'
[2025-05-22 20:30:20Z INFO HostContext] Well known directory 'Actions': '/home/eduard/yocto_course/assignment-3-eduardgrueso/actions-runner/_work/_actions'
[2025-05-22 20:30:21Z INFO ActionManifestManager] Loaded action.yml file: {
  "name": "Checkout",
  "description": "Checkout a Git repository at a particular version",
  "inputs": {
    "type": 2,
    "map": [
      {
        "key": {
          "type": 0,
          "file": 2,
          "line": 4,
          "col": 3,
          "lit": "repository"
        },
        "value": {
          "type": 3,
          "file": 2,
          "line": 6,
          "col": 14,
          "expr": "github.repository"
        }
      },
      {
        "key": {
          "type": 0,
          "file": 2,
          "line": 7,
          "col": 3,
          "lit": "ref"
        },
        "value": ""
      },
      {
        "key": {
          "type": 0,
          "file": 2,
          "line": 12,
          "col": 3,
          "lit": "token"
        },
        "value": {
          "type": 3,
          "file": 2,
          "line": 24,
          "col": 14,
          "expr": "github.token"
        }
      },
      {
        "key": {
          "type": 0,
          "file": 2,
          "line": 25,
          "col": 3,
          "lit": "ssh-key"
        },
        "value": ""
      },
      {
        "key": {
          "type": 0,
          "file": 2,
          "line": 37,
          "col": 3,
          "lit": "ssh-known-hosts"
        },
        "value": ""
      },
      {
        "key": {
          "type": 0,
          "file": 2,
          "line": 42,
          "col": 3,
          "lit": "ssh-strict"
        },
        "value": {
          "type": 0,
          "file": 2,
          "line": 47,
          "col": 14,
          "lit": "true"
        }
      },
      {
        "key": {
          "type": 0,
          "file": 2,
          "line": 48,
          "col": 3,
          "lit": "persist-credentials"
        },
        "value": {
          "type": 0,
          "file": 2,
          "line": 50,
          "col": 14,
          "lit": "true"
        }
      },
      {
        "key": {
          "type": 0,
          "file": 2,
          "line": 51,
          "col": 3,
          "lit": "path"
        },
        "value": ""
      },
      {
        "key": {
          "type": 0,
          "file": 2,
          "line": 53,
          "col": 3,
          "lit": "clean"
        },
        "value": {
          "type": 0,
          "file": 2,
          "line": 55,
          "col": 14,
          "lit": "true"
        }
      },
      {
        "key": {
          "type": 0,
          "file": 2,
          "line": 56,
          "col": 3,
          "lit": "fetch-depth"
        },
        "value": {
          "type": 0,
          "file": 2,
          "line": 58,
          "col": 14,
          "lit": "1"
        }
      },
      {
        "key": {
          "type": 0,
          "file": 2,
          "line": 59,
          "col": 3,
          "lit": "lfs"
        },
        "value": {
          "type": 0,
          "file": 2,
          "line": 61,
          "col": 14,
          "lit": "false"
        }
      },
      {
        "key": {
          "type": 0,
          "file": 2,
          "line": 62,
          "col": 3,
          "lit": "submodules"
        },
        "value": {
          "type": 0,
          "file": 2,
          "line": 70,
          "col": 14,
          "lit": "false"
        }
      },
      {
        "key": {
          "type": 0,
          "file": 2,
          "line": 71,
          "col": 3,
          "lit": "set-safe-directory"
        },
        "value": {
          "type": 0,
          "file": 2,
          "line": 73,
          "col": 14,
          "lit": "true"
        }
      }
    ]
  },
  "execution": {
    "executionType": "nodeJS",
    "hasPre": false,
    "hasPost": true,
    "script": "dist/index.js",
    "pre": null,
    "post": "dist/index.js",
    "nodeVersion": "node12",
    "cleanupCondition": "always()",
    "initCondition": "always()"
  },
  "deprecated": null
}
[2025-05-22 20:30:21Z INFO ActionManager] Action node.js file: dist/index.js, no more preparation.
[2025-05-22 20:30:21Z INFO HostContext] Well known directory 'Bin': '/home/eduard/yocto_course/assignment-3-eduardgrueso/actions-runner/bin'
[2025-05-22 20:30:21Z INFO HostContext] Well known directory 'Root': '/home/eduard/yocto_course/assignment-3-eduardgrueso/actions-runner'
[2025-05-22 20:30:21Z INFO HostContext] Well known directory 'Work': '/home/eduard/yocto_course/assignment-3-eduardgrueso/actions-runner/_work'
[2025-05-22 20:30:21Z INFO HostContext] Well known directory 'Actions': '/home/eduard/yocto_course/assignment-3-eduardgrueso/actions-runner/_work/_actions'
[2025-05-22 20:30:21Z INFO ActionManager] Load action that reference repository from '/home/eduard/yocto_course/assignment-3-eduardgrueso/actions-runner/_work/_actions/actions/checkout/v2'
[2025-05-22 20:30:21Z INFO HostContext] Well known directory 'Bin': '/home/eduard/yocto_course/assignment-3-eduardgrueso/actions-runner/bin'
[2025-05-22 20:30:21Z INFO HostContext] Well known directory 'Root': '/home/eduard/yocto_course/assignment-3-eduardgrueso/actions-runner'
[2025-05-22 20:30:21Z INFO HostContext] Well known directory 'Work': '/home/eduard/yocto_course/assignment-3-eduardgrueso/actions-runner/_work'
[2025-05-22 20:30:21Z INFO HostContext] Well known directory 'Actions': '/home/eduard/yocto_course/assignment-3-eduardgrueso/actions-runner/_work/_actions'
[2025-05-22 20:30:21Z INFO ActionManifestManager] Loaded action.yml file: {
  "name": "Checkout",
  "description": "Checkout a Git repository at a particular version",
  "inputs": {
    "type": 2,
    "map": [
      {
        "key": {
          "type": 0,
          "file": 2,
          "line": 4,
          "col": 3,
          "lit": "repository"
        },
        "value": {
          "type": 3,
          "file": 2,
          "line": 6,
          "col": 14,
          "expr": "github.repository"
        }
      },
      {
        "key": {
          "type": 0,
          "file": 2,
          "line": 7,
          "col": 3,
          "lit": "ref"
        },
        "value": ""
      },
      {
        "key": {
          "type": 0,
          "file": 2,
          "line": 12,
          "col": 3,
          "lit": "token"
        },
        "value": {
          "type": 3,
          "file": 2,
          "line": 24,
          "col": 14,
          "expr": "github.token"
        }
      },
      {
        "key": {
          "type": 0,
          "file": 2,
          "line": 25,
          "col": 3,
          "lit": "ssh-key"
        },
        "value": ""
      },
      {
        "key": {
          "type": 0,
          "file": 2,
          "line": 37,
          "col": 3,
          "lit": "ssh-known-hosts"
        },
        "value": ""
      },
      {
        "key": {
          "type": 0,
          "file": 2,
          "line": 42,
          "col": 3,
          "lit": "ssh-strict"
        },
        "value": {
          "type": 0,
          "file": 2,
          "line": 47,
          "col": 14,
          "lit": "true"
        }
      },
      {
        "key": {
          "type": 0,
          "file": 2,
          "line": 48,
          "col": 3,
          "lit": "persist-credentials"
        },
        "value": {
          "type": 0,
          "file": 2,
          "line": 50,
          "col": 14,
          "lit": "true"
        }
      },
      {
        "key": {
          "type": 0,
          "file": 2,
          "line": 51,
          "col": 3,
          "lit": "path"
        },
        "value": ""
      },
      {
        "key": {
          "type": 0,
          "file": 2,
          "line": 53,
          "col": 3,
          "lit": "clean"
        },
        "value": {
          "type": 0,
          "file": 2,
          "line": 55,
          "col": 14,
          "lit": "true"
        }
      },
      {
        "key": {
          "type": 0,
          "file": 2,
          "line": 56,
          "col": 3,
          "lit": "fetch-depth"
        },
        "value": {
          "type": 0,
          "file": 2,
          "line": 58,
          "col": 14,
          "lit": "1"
        }
      },
      {
        "key": {
          "type": 0,
          "file": 2,
          "line": 59,
          "col": 3,
          "lit": "lfs"
        },
        "value": {
          "type": 0,
          "file": 2,
          "line": 61,
          "col": 14,
          "lit": "false"
        }
      },
      {
        "key": {
          "type": 0,
          "file": 2,
          "line": 62,
          "col": 3,
          "lit": "submodules"
        },
        "value": {
          "type": 0,
          "file": 2,
          "line": 70,
          "col": 14,
          "lit": "false"
        }
      },
      {
        "key": {
          "type": 0,
          "file": 2,
          "line": 71,
          "col": 3,
          "lit": "set-safe-directory"
        },
        "value": {
          "type": 0,
          "file": 2,
          "line": 73,
          "col": 14,
          "lit": "true"
        }
      }
    ]
  },
  "execution": {
    "executionType": "nodeJS",
    "hasPre": false,
    "hasPost": true,
    "script": "dist/index.js",
    "pre": null,
    "post": "dist/index.js",
    "nodeVersion": "node12",
    "cleanupCondition": "always()",
    "initCondition": "always()"
  },
  "deprecated": null
}
[2025-05-22 20:30:21Z INFO ActionManager] Action pre node.js file: N/A.
[2025-05-22 20:30:21Z INFO ActionManager] Action node.js file: dist/index.js.
[2025-05-22 20:30:21Z INFO ActionManager] Action post node.js file: dist/index.js.
[2025-05-22 20:30:21Z INFO DockerCommandManager] Which2: 'docker'
[2025-05-22 20:30:21Z INFO DockerCommandManager] the target '/mnt/wsl/docker-desktop/cli-tools/usr/bin/docker' of the symbolic link '/usr/bin/docker', does not exist
[2025-05-22 20:30:21Z INFO DockerCommandManager] the target '/mnt/wsl/docker-desktop/cli-tools/usr/bin/docker' of the symbolic link '/bin/docker', does not exist
[2025-05-22 20:30:21Z INFO DockerCommandManager] Location: '/mnt/c/Program Files/Docker/Docker/resources/bin/docker'
[2025-05-22 20:30:21Z INFO HostContext] Well known directory 'Bin': '/home/eduard/yocto_course/assignment-3-eduardgrueso/actions-runner/bin'
[2025-05-22 20:30:21Z INFO HostContext] Well known directory 'Root': '/home/eduard/yocto_course/assignment-3-eduardgrueso/actions-runner'
[2025-05-22 20:30:21Z INFO JobExtension] Adding .
[2025-05-22 20:30:21Z INFO JobExtension] Adding .
[2025-05-22 20:30:21Z INFO JobExtension] Adding .
[2025-05-22 20:30:21Z INFO HostContext] Well known directory 'Bin': '/home/eduard/yocto_course/assignment-3-eduardgrueso/actions-runner/bin'
[2025-05-22 20:30:21Z INFO HostContext] Well known directory 'Root': '/home/eduard/yocto_course/assignment-3-eduardgrueso/actions-runner'
[2025-05-22 20:30:21Z INFO HostContext] Well known directory 'Diag': '/home/eduard/yocto_course/assignment-3-eduardgrueso/actions-runner/_diag'
[2025-05-22 20:30:21Z INFO HostContext] Well known directory 'Bin': '/home/eduard/yocto_course/assignment-3-eduardgrueso/actions-runner/bin'
[2025-05-22 20:30:21Z INFO HostContext] Well known directory 'Root': '/home/eduard/yocto_course/assignment-3-eduardgrueso/actions-runner'
[2025-05-22 20:30:21Z INFO HostContext] Well known directory 'Diag': '/home/eduard/yocto_course/assignment-3-eduardgrueso/actions-runner/_diag'
[2025-05-22 20:30:21Z INFO HostContext] Well known directory 'Bin': '/home/eduard/yocto_course/assignment-3-eduardgrueso/actions-runner/bin'
[2025-05-22 20:30:21Z INFO HostContext] Well known directory 'Root': '/home/eduard/yocto_course/assignment-3-eduardgrueso/actions-runner'
[2025-05-22 20:30:21Z INFO HostContext] Well known directory 'Diag': '/home/eduard/yocto_course/assignment-3-eduardgrueso/actions-runner/_diag'
[2025-05-22 20:30:21Z INFO HostContext] Well known directory 'Bin': '/home/eduard/yocto_course/assignment-3-eduardgrueso/actions-runner/bin'
[2025-05-22 20:30:21Z INFO HostContext] Well known directory 'Root': '/home/eduard/yocto_course/assignment-3-eduardgrueso/actions-runner'
[2025-05-22 20:30:21Z INFO HostContext] Well known directory 'Diag': '/home/eduard/yocto_course/assignment-3-eduardgrueso/actions-runner/_diag'
[2025-05-22 20:30:21Z INFO HostContext] Well known directory 'Bin': '/home/eduard/yocto_course/assignment-3-eduardgrueso/actions-runner/bin'
[2025-05-22 20:30:21Z INFO HostContext] Well known directory 'Root': '/home/eduard/yocto_course/assignment-3-eduardgrueso/actions-runner'
[2025-05-22 20:30:21Z INFO HostContext] Well known directory 'Diag': '/home/eduard/yocto_course/assignment-3-eduardgrueso/actions-runner/_diag'
[2025-05-22 20:30:21Z INFO HostContext] Well known directory 'Bin': '/home/eduard/yocto_course/assignment-3-eduardgrueso/actions-runner/bin'
[2025-05-22 20:30:21Z INFO HostContext] Well known directory 'Root': '/home/eduard/yocto_course/assignment-3-eduardgrueso/actions-runner'
[2025-05-22 20:30:21Z INFO HostContext] Well known directory 'Diag': '/home/eduard/yocto_course/assignment-3-eduardgrueso/actions-runner/_diag'
[2025-05-22 20:30:21Z INFO HostContext] Well known directory 'Bin': '/home/eduard/yocto_course/assignment-3-eduardgrueso/actions-runner/bin'
[2025-05-22 20:30:21Z INFO HostContext] Well known directory 'Root': '/home/eduard/yocto_course/assignment-3-eduardgrueso/actions-runner'
[2025-05-22 20:30:21Z INFO HostContext] Well known directory 'Diag': '/home/eduard/yocto_course/assignment-3-eduardgrueso/actions-runner/_diag'
[2025-05-22 20:30:21Z INFO HostContext] Well known directory 'Bin': '/home/eduard/yocto_course/assignment-3-eduardgrueso/actions-runner/bin'
[2025-05-22 20:30:21Z INFO HostContext] Well known directory 'Root': '/home/eduard/yocto_course/assignment-3-eduardgrueso/actions-runner'
[2025-05-22 20:30:21Z INFO HostContext] Well known directory 'Diag': '/home/eduard/yocto_course/assignment-3-eduardgrueso/actions-runner/_diag'
[2025-05-22 20:30:21Z INFO JobExtension] Total accessible running process: 60.
[2025-05-22 20:30:21Z INFO HostContext] Well known directory 'Bin': '/home/eduard/yocto_course/assignment-3-eduardgrueso/actions-runner/bin'
[2025-05-22 20:30:21Z INFO HostContext] Well known directory 'Root': '/home/eduard/yocto_course/assignment-3-eduardgrueso/actions-runner'
[2025-05-22 20:30:21Z INFO HostContext] Well known directory 'Work': '/home/eduard/yocto_course/assignment-3-eduardgrueso/actions-runner/_work'
[2025-05-22 20:30:21Z INFO JobExtension] Start checking server connectivity.
[2025-05-22 20:30:21Z INFO JobExtension] Check server connectivity for https://acghubeus0.actions.githubusercontent.com/_apis/health.
[2025-05-22 20:30:21Z INFO JobExtension] Check server connectivity for https://results-receiver.actions.githubusercontent.com/health.
[2025-05-22 20:30:21Z INFO JobExtension] Check server connectivity for https://pkg.actions.githubusercontent.com/health.
[2025-05-22 20:30:21Z INFO JobExtension] Check server connectivity for https://actions-results-receiver-production.githubapp.com/health.
[2025-05-22 20:30:21Z INFO JobExtension] Check server connectivity for https://run-actions-2-azure-eastus.actions.githubusercontent.com/12/health.
[2025-05-22 20:30:21Z INFO JobExtension] Check server connectivity for https://pipelinesghubeus23.actions.githubusercontent.com/_apis/health.
[2025-05-22 20:30:21Z INFO JobExtension] Start checking service connectivity in background.
[2025-05-22 20:30:21Z INFO ExecutionContext] Publish step telemetry for current step {
  "action": "setup_job",
  "type": "runner",
  "stage": "Pre",
  "stepId": "1436d0db-6077-4a27-b040-da875172abd4",
  "result": "succeeded",
  "errorMessages": [],
  "executionTimeInSeconds": 2,
  "startTime": "2025-05-22T20:30:19.3950938Z",
  "finishTime": "2025-05-22T20:30:21.1703156Z"
}.
[2025-05-22 20:30:21Z INFO JobRunner] Total job steps: 4.
[2025-05-22 20:30:21Z INFO JobRunner] Run all job steps.
[2025-05-22 20:30:21Z INFO StepsRunner] Processing step: DisplayName='Initialize containers'
[2025-05-22 20:30:21Z INFO StepsRunner] Evaluating: success()
[2025-05-22 20:30:21Z INFO StepsRunner] Result: true
[2025-05-22 20:30:21Z INFO StepsRunner] Starting the step.
[2025-05-22 20:30:21Z INFO ExecutionContext] Reserve record order 6 to 10 for post job actions.
[2025-05-22 20:30:21Z INFO HostContext] Well known directory 'Bin': '/home/eduard/yocto_course/assignment-3-eduardgrueso/actions-runner/bin'
[2025-05-22 20:30:21Z INFO HostContext] Well known directory 'Root': '/home/eduard/yocto_course/assignment-3-eduardgrueso/actions-runner'
[2025-05-22 20:30:21Z INFO HostContext] Well known directory 'Diag': '/home/eduard/yocto_course/assignment-3-eduardgrueso/actions-runner/_diag'
[2025-05-22 20:30:21Z INFO HostContext] Well known directory 'Bin': '/home/eduard/yocto_course/assignment-3-eduardgrueso/actions-runner/bin'
[2025-05-22 20:30:21Z INFO HostContext] Well known directory 'Root': '/home/eduard/yocto_course/assignment-3-eduardgrueso/actions-runner'
[2025-05-22 20:30:21Z INFO HostContext] Well known directory 'Diag': '/home/eduard/yocto_course/assignment-3-eduardgrueso/actions-runner/_diag'
[2025-05-22 20:30:21Z INFO JobServerQueue] Try to append 1 batches web console lines for record '1436d0db-6077-4a27-b040-da875172abd4', success rate: 1/1.
[2025-05-22 20:30:21Z INFO JobServerQueue] Try to append 1 batches web console lines for record '76c26c95-7262-408c-b74a-71733862a626', success rate: 1/1.
[2025-05-22 20:30:21Z INFO ProcessInvokerWrapper] Starting process:
[2025-05-22 20:30:21Z INFO ProcessInvokerWrapper]   File name: '/mnt/c/Program Files/Docker/Docker/resources/bin/docker'
[2025-05-22 20:30:21Z INFO ProcessInvokerWrapper]   Arguments: 'version --format '{{.Server.APIVersion}}''
[2025-05-22 20:30:21Z INFO ProcessInvokerWrapper]   Working directory: '/home/eduard/yocto_course/assignment-3-eduardgrueso/actions-runner/_work/assignments-3-and-later-eduardgrueso/assignments-3-and-later-eduardgrueso'
[2025-05-22 20:30:21Z INFO ProcessInvokerWrapper]   Require exit code zero: 'True'
[2025-05-22 20:30:21Z INFO ProcessInvokerWrapper]   Encoding web name:  ; code page: ''
[2025-05-22 20:30:21Z INFO ProcessInvokerWrapper]   Force kill process on cancellation: 'False'
[2025-05-22 20:30:21Z INFO ProcessInvokerWrapper]   Redirected STDIN: 'False'
[2025-05-22 20:30:21Z INFO ProcessInvokerWrapper]   Persist current code page: 'False'
[2025-05-22 20:30:21Z INFO ProcessInvokerWrapper]   Keep redirected STDIN open: 'False'
[2025-05-22 20:30:21Z INFO ProcessInvokerWrapper]   High priority process: 'False'
[2025-05-22 20:30:21Z INFO ProcessInvokerWrapper] Updated oom_score_adj to 500 for PID: 50056.
[2025-05-22 20:30:21Z INFO ProcessInvokerWrapper] Process started with process id 50056, waiting for process exit.
[2025-05-22 20:30:21Z INFO ProcessInvokerWrapper] STDOUT/STDERR stream read finished.
[2025-05-22 20:30:21Z INFO ProcessInvokerWrapper] STDOUT/STDERR stream read finished.
[2025-05-22 20:30:21Z INFO ProcessInvokerWrapper] Finished process 50056 with exit code 1, and elapsed time 00:00:00.0226668.
[2025-05-22 20:30:21Z ERR  StepsRunner] Caught exception from step: GitHub.Runner.Sdk.ProcessExitCodeException: Exit code 1 returned from process: file name '/mnt/c/Program Files/Docker/Docker/resources/bin/docker', arguments 'version --format '{{.Server.APIVersion}}''.
   at GitHub.Runner.Sdk.ProcessInvoker.ExecuteAsync(String workingDirectory, String fileName, String arguments, IDictionary`2 environment, Boolean requireExitCodeZero, Encoding outputEncoding, Boolean killProcessOnCancel, Channel`1 redirectStandardIn, Boolean inheritConsoleHandler, Boolean keepStandardInOpen, Boolean highPriorityProcess, CancellationToken cancellationToken)
   at GitHub.Runner.Common.ProcessInvokerWrapper.ExecuteAsync(String workingDirectory, String fileName, String arguments, IDictionary`2 environment, Boolean requireExitCodeZero, Encoding outputEncoding, Boolean killProcessOnCancel, Channel`1 redirectStandardIn, Boolean inheritConsoleHandler, Boolean keepStandardInOpen, Boolean highPriorityProcess, CancellationToken cancellationToken)
   at GitHub.Runner.Worker.Container.DockerCommandManager.ExecuteDockerCommandAsync(IExecutionContext context, String command, String options)
   at GitHub.Runner.Worker.Container.DockerCommandManager.DockerVersion(IExecutionContext context)
   at GitHub.Runner.Worker.ContainerOperationProvider.AssertCompatibleOS(IExecutionContext executionContext)
   at GitHub.Runner.Worker.ContainerOperationProvider.StartContainersAsync(IExecutionContext executionContext, Object data)
   at GitHub.Runner.Worker.JobExtensionRunner.RunAsync()
   at GitHub.Runner.Worker.StepsRunner.RunStepAsync(IStep step, CancellationToken jobCancellationToken)
[2025-05-22 20:30:21Z INFO StepsRunner] Step result: Failed
[2025-05-22 20:30:21Z INFO ExecutionContext] Publish step telemetry for current step {
  "action": "initialize_containers",
  "type": "runner",
  "stage": "Pre",
  "stepId": "76c26c95-7262-408c-b74a-71733862a626",
  "stepContextName": "76c26c957262408cb74a71733862a626",
  "result": "failed",
  "errorMessages": [
    "Exit code 1 returned from process: file name '/mnt/c/Program Files/Docker/Docker/resources/bin/docker', arguments 'version --format '{{.Server.APIVersion}}''."
  ],
  "executionTimeInSeconds": 1,
  "startTime": "2025-05-22T20:30:21.2012004Z",
  "finishTime": "2025-05-22T20:30:21.2700469Z"
}.
[2025-05-22 20:30:21Z INFO StepsRunner] Update job result with current step result 'Failed'.
[2025-05-22 20:30:21Z INFO StepsRunner] Current state: job state = 'Failed'
[2025-05-22 20:30:21Z INFO StepsRunner] Processing step: DisplayName='Run actions/checkout@v2'
[2025-05-22 20:30:21Z INFO StepsRunner] Evaluating: success()
[2025-05-22 20:30:21Z INFO StepsRunner] Result: false
[2025-05-22 20:30:21Z INFO StepsRunner] Skipping step due to condition evaluation.
[2025-05-22 20:30:21Z INFO StepsRunner] No need for updating job result with current step result 'Skipped'.
[2025-05-22 20:30:21Z INFO StepsRunner] Current state: job state = 'Failed'
[2025-05-22 20:30:21Z INFO StepsRunner] Processing step: DisplayName='Checkout submodules'
[2025-05-22 20:30:21Z INFO StepsRunner] Evaluating: success()
[2025-05-22 20:30:21Z INFO StepsRunner] Result: false
[2025-05-22 20:30:21Z INFO StepsRunner] Skipping step due to condition evaluation.
[2025-05-22 20:30:21Z INFO StepsRunner] No need for updating job result with current step result 'Skipped'.
[2025-05-22 20:30:21Z INFO StepsRunner] Current state: job state = 'Failed'
[2025-05-22 20:30:21Z INFO StepsRunner] Processing step: DisplayName='Run unit test'
[2025-05-22 20:30:21Z INFO StepsRunner] Evaluating: success()
[2025-05-22 20:30:21Z INFO StepsRunner] Result: false
[2025-05-22 20:30:21Z INFO StepsRunner] Skipping step due to condition evaluation.
[2025-05-22 20:30:21Z INFO StepsRunner] No need for updating job result with current step result 'Skipped'.
[2025-05-22 20:30:21Z INFO StepsRunner] Current state: job state = 'Failed'
[2025-05-22 20:30:21Z INFO StepsRunner] Processing step: DisplayName='Stop containers'
[2025-05-22 20:30:21Z INFO StepsRunner] Evaluating: always()
[2025-05-22 20:30:21Z INFO StepsRunner] Result: true
[2025-05-22 20:30:21Z INFO StepsRunner] Starting the step.
[2025-05-22 20:30:21Z ERR  StepsRunner] Caught exception from step: System.ArgumentNullException: Value cannot be null. (Parameter 'network')
   at GitHub.Runner.Sdk.ArgUtil.NotNull(Object value, String name)
   at GitHub.Runner.Worker.ContainerOperationProvider.RemoveContainerNetworkAsync(IExecutionContext executionContext, String network)
   at GitHub.Runner.Worker.ContainerOperationProvider.StopContainersAsync(IExecutionContext executionContext, Object data)
   at GitHub.Runner.Worker.JobExtensionRunner.RunAsync()
   at GitHub.Runner.Worker.StepsRunner.RunStepAsync(IStep step, CancellationToken jobCancellationToken)
[2025-05-22 20:30:21Z INFO StepsRunner] Step result: Failed
[2025-05-22 20:30:21Z INFO StepsRunner] Update job result with current step result 'Failed'.
[2025-05-22 20:30:21Z INFO StepsRunner] Current state: job state = 'Failed'
[2025-05-22 20:30:21Z INFO JobRunner] Finalize job.
[2025-05-22 20:30:21Z INFO HostContext] Well known directory 'Bin': '/home/eduard/yocto_course/assignment-3-eduardgrueso/actions-runner/bin'
[2025-05-22 20:30:21Z INFO HostContext] Well known directory 'Root': '/home/eduard/yocto_course/assignment-3-eduardgrueso/actions-runner'
[2025-05-22 20:30:21Z INFO HostContext] Well known directory 'Diag': '/home/eduard/yocto_course/assignment-3-eduardgrueso/actions-runner/_diag'
[2025-05-22 20:30:21Z INFO HostContext] Well known directory 'Bin': '/home/eduard/yocto_course/assignment-3-eduardgrueso/actions-runner/bin'
[2025-05-22 20:30:21Z INFO HostContext] Well known directory 'Root': '/home/eduard/yocto_course/assignment-3-eduardgrueso/actions-runner'
[2025-05-22 20:30:21Z INFO HostContext] Well known directory 'Diag': '/home/eduard/yocto_course/assignment-3-eduardgrueso/actions-runner/_diag'
[2025-05-22 20:30:21Z INFO JobExtension] Initialize Env context
[2025-05-22 20:30:21Z INFO JobExtension] Initialize steps context
[2025-05-22 20:30:21Z INFO JobExtension] Total accessible running process: 60.
[2025-05-22 20:30:21Z INFO JobExtension] Wait for all connectivity checks to finish.
[2025-05-22 20:30:21Z INFO JobServerQueue] Got a step log file to send to results service.
[2025-05-22 20:30:21Z INFO JobServerQueue] Starting upload of step log file to results service ResultsLog, /home/eduard/yocto_course/assignment-3-eduardgrueso/actions-runner/_diag/blocks/8e488599-92be-40d2-9e6e-6504c1578f62_1436d0db-6077-4a27-b040-da875172abd4.1
[2025-05-22 20:30:21Z INFO JobServerQueue] Try to append 1 batches web console lines for record '76c26c95-7262-408c-b74a-71733862a626', success rate: 1/1.
[2025-05-22 20:30:21Z INFO JobServerQueue] Try to append 1 batches web console lines for record '6d94002f-5bb0-4063-8d54-8b19c488eda1', success rate: 1/1.
[2025-05-22 20:30:21Z INFO JobServerQueue] Try to append 1 batches web console lines for record '9154a5ea-70a4-4203-9aec-c2be9ac12180', success rate: 1/1.
[2025-05-22 20:30:21Z INFO JobExtension] Connectivity check result: GitHub.Runner.Worker.JobExtension+CheckResult
[2025-05-22 20:30:21Z INFO JobExtension] Connectivity check result: GitHub.Runner.Worker.JobExtension+CheckResult
[2025-05-22 20:30:21Z INFO JobExtension] Connectivity check result: GitHub.Runner.Worker.JobExtension+CheckResult
[2025-05-22 20:30:21Z INFO JobExtension] Connectivity check result: GitHub.Runner.Worker.JobExtension+CheckResult
[2025-05-22 20:30:21Z INFO JobExtension] Connectivity check result: GitHub.Runner.Worker.JobExtension+CheckResult
[2025-05-22 20:30:21Z INFO JobExtension] Connectivity check result: GitHub.Runner.Worker.JobExtension+CheckResult
[2025-05-22 20:30:21Z INFO ExecutionContext] Publish step telemetry for current step {
  "action": "complete_job",
  "type": "runner",
  "stage": "Post",
  "stepId": "9154a5ea-70a4-4203-9aec-c2be9ac12180",
  "result": "succeeded",
  "errorMessages": [],
  "executionTimeInSeconds": 1,
  "startTime": "2025-05-22T20:30:21.2871639Z",
  "finishTime": "2025-05-22T20:30:21.6108571Z"
}.
[2025-05-22 20:30:21Z INFO JobRunner] Job result after all job steps finish: Failed
[2025-05-22 20:30:21Z INFO JobRunner] Completing the job execution context.
[2025-05-22 20:30:21Z INFO JobRunner] Shutting down the job server queue.
[2025-05-22 20:30:21Z INFO JobServerQueue] Fire signal to shutdown all queues.
[2025-05-22 20:30:22Z INFO JobServerQueue] Try to upload 3 log files or attachments, success rate: 3/3.
[2025-05-22 20:30:22Z INFO JobServerQueue] Got a step log file to send to results service.
[2025-05-22 20:30:22Z INFO JobServerQueue] Starting upload of step log file to results service ResultsLog, /home/eduard/yocto_course/assignment-3-eduardgrueso/actions-runner/_diag/blocks/8e488599-92be-40d2-9e6e-6504c1578f62_76c26c95-7262-408c-b74a-71733862a626.1
[2025-05-22 20:30:22Z INFO JobServerQueue] Got a step log file to send to results service.
[2025-05-22 20:30:22Z INFO JobServerQueue] Starting upload of step log file to results service ResultsLog, /home/eduard/yocto_course/assignment-3-eduardgrueso/actions-runner/_diag/blocks/8e488599-92be-40d2-9e6e-6504c1578f62_6d94002f-5bb0-4063-8d54-8b19c488eda1.1
[2025-05-22 20:30:22Z INFO JobServerQueue] Tried to upload 3 file(s) to results, success rate: 3/3.
[2025-05-22 20:30:23Z INFO JobServerQueue] All queue process task stopped.
[2025-05-22 20:30:23Z INFO JobServerQueue] Web console line queue drained.
[2025-05-22 20:30:23Z INFO JobServerQueue] Uploading 2 files in one shot.
[2025-05-22 20:30:24Z INFO JobServerQueue] Try to upload 2 log files or attachments, success rate: 2/2.
[2025-05-22 20:30:24Z INFO JobServerQueue] File upload queue drained.
[2025-05-22 20:30:24Z INFO JobServerQueue] Starting results-based upload queue...
[2025-05-22 20:30:24Z INFO JobServerQueue] Uploading 2 file(s) in one shot through results service.
[2025-05-22 20:30:24Z INFO JobServerQueue] Got a step log file to send to results service.
[2025-05-22 20:30:24Z INFO JobServerQueue] Starting upload of step log file to results service ResultsLog, /home/eduard/yocto_course/assignment-3-eduardgrueso/actions-runner/_diag/blocks/8e488599-92be-40d2-9e6e-6504c1578f62_9154a5ea-70a4-4203-9aec-c2be9ac12180.1
[2025-05-22 20:30:24Z INFO JobServerQueue] Got a job log file to send to results service.
[2025-05-22 20:30:24Z INFO JobServerQueue] Starting upload of job log file to results service ResultsLog, /home/eduard/yocto_course/assignment-3-eduardgrueso/actions-runner/_diag/blocks/8e488599-92be-40d2-9e6e-6504c1578f62_0e10f8dd-85b5-5bee-19c6-47fc7db6f171.1
[2025-05-22 20:30:24Z INFO JobServerQueue] Tried to upload 2 file(s) to results, success rate: 2/2.
[2025-05-22 20:30:24Z INFO JobServerQueue] Results upload queue drained.
[2025-05-22 20:30:25Z INFO JobServerQueue] Timeline update queue drained.
[2025-05-22 20:30:25Z INFO JobServerQueue] Disposing job server ...
[2025-05-22 20:30:25Z INFO JobServerQueue] Disposing results server ...
[2025-05-22 20:30:25Z INFO JobServerQueue] All queue process tasks have been stopped, and all queues are drained.
[2025-05-22 20:30:25Z INFO JobServerQueue] Actions upload time: 1186 ms, Result upload time: 2088 ms
[2025-05-22 20:30:25Z INFO TempDirectoryManager] Cleaning runner temp folder: /home/eduard/yocto_course/assignment-3-eduardgrueso/actions-runner/_work/_temp
[2025-05-22 20:30:25Z INFO HostContext] Well known directory 'Bin': '/home/eduard/yocto_course/assignment-3-eduardgrueso/actions-runner/bin'
[2025-05-22 20:30:25Z INFO HostContext] Well known directory 'Root': '/home/eduard/yocto_course/assignment-3-eduardgrueso/actions-runner'
[2025-05-22 20:30:25Z INFO HostContext] Well known directory 'Diag': '/home/eduard/yocto_course/assignment-3-eduardgrueso/actions-runner/_diag'
[2025-05-22 20:30:25Z INFO HostContext] Well known config file 'Telemetry': '/home/eduard/yocto_course/assignment-3-eduardgrueso/actions-runner/_diag/.telemetry'
[2025-05-22 20:30:25Z INFO JobRunner] Raising job completed event
[2025-05-22 20:30:25Z INFO Worker] Job completed.
